2025-03-06 17:37:03,548 - INFO - Loading Mv and meta from ./../data/GEO/preprocessed/training.dill
2025-03-06 17:37:17,107 - INFO - (10351, 297598), (10351, 10)
2025-03-06 17:38:04,802 - INFO - Processing Fold 0
2025-03-06 17:38:10,535 - INFO - CL:0000019: (3563, 30) x (239, 30)...
2025-03-06 17:38:10,752 - INFO - CL:0000019: 3563, (3802, 3802)...
2025-03-06 17:38:10,752 - INFO - CL:0000019: 3563, (3563, 239)...
2025-03-06 17:38:10,761 - INFO - CL:0000056: (3563, 30) x (56, 30)...
2025-03-06 17:38:10,960 - INFO - CL:0000056: 3563, (3619, 3619)...
2025-03-06 17:38:10,961 - INFO - CL:0000056: 3563, (3563, 56)...
2025-03-06 17:38:10,968 - INFO - CL:0000057: (3563, 30) x (90, 30)...
2025-03-06 17:38:11,170 - INFO - CL:0000057: 3563, (3653, 3653)...
2025-03-06 17:38:11,171 - INFO - CL:0000057: 3563, (3563, 90)...
2025-03-06 17:38:11,179 - INFO - CL:0000084: (3563, 30) x (287, 30)...
2025-03-06 17:38:11,390 - INFO - CL:0000084: 3563, (3850, 3850)...
2025-03-06 17:38:11,390 - INFO - CL:0000084: 3563, (3563, 287)...
2025-03-06 17:38:11,398 - INFO - CL:0000094: (3563, 30) x (5, 30)...
2025-03-06 17:38:11,576 - INFO - CL:0000094: 3563, (3568, 3568)...
2025-03-06 17:38:11,576 - INFO - CL:0000094: 3563, (3563, 5)...
2025-03-06 17:38:11,584 - INFO - CL:0000148: (3563, 30) x (106, 30)...
2025-03-06 17:38:11,790 - INFO - CL:0000148: 3563, (3669, 3669)...
2025-03-06 17:38:11,790 - INFO - CL:0000148: 3563, (3563, 106)...
2025-03-06 17:38:11,798 - INFO - CL:0000236: (3563, 30) x (196, 30)...
2025-03-06 17:38:12,010 - INFO - CL:0000236: 3563, (3759, 3759)...
2025-03-06 17:38:12,010 - INFO - CL:0000236: 3563, (3563, 196)...
2025-03-06 17:38:12,019 - INFO - CL:0000542: (3563, 30) x (24, 30)...
2025-03-06 17:38:12,217 - INFO - CL:0000542: 3563, (3587, 3587)...
2025-03-06 17:38:12,217 - INFO - CL:0000542: 3563, (3563, 24)...
2025-03-06 17:38:12,225 - INFO - CL:0000576: (3563, 30) x (168, 30)...
2025-03-06 17:38:12,430 - INFO - CL:0000576: 3563, (3731, 3731)...
2025-03-06 17:38:12,430 - INFO - CL:0000576: 3563, (3563, 168)...
2025-03-06 17:38:12,438 - INFO - CL:0000623: (3563, 30) x (123, 30)...
2025-03-06 17:38:12,636 - INFO - CL:0000623: 3563, (3686, 3686)...
2025-03-06 17:38:12,636 - INFO - CL:0000623: 3563, (3563, 123)...
2025-03-06 17:38:12,644 - INFO - CL:0000738: (3563, 30) x (850, 30)...
2025-03-06 17:38:12,926 - INFO - CL:0000738: 3563, (4413, 4413)...
2025-03-06 17:38:12,926 - INFO - CL:0000738: 3563, (3563, 850)...
2025-03-06 17:38:12,937 - INFO - CL:0000775: (3563, 30) x (60, 30)...
2025-03-06 17:38:13,134 - INFO - CL:0000775: 3563, (3623, 3623)...
2025-03-06 17:38:13,134 - INFO - CL:0000775: 3563, (3563, 60)...
2025-03-06 17:38:13,142 - INFO - CL:0000910;BTO:0000289: (3563, 30) x (178, 30)...
2025-03-06 17:38:13,354 - INFO - CL:0000910;BTO:0000289: 3563, (3741, 3741)...
2025-03-06 17:38:13,354 - INFO - CL:0000910;BTO:0000289: 3563, (3563, 178)...
2025-03-06 17:38:13,362 - INFO - CL:0002322;BTO:0001086: (3563, 30) x (41, 30)...
2025-03-06 17:38:13,546 - INFO - CL:0002322;BTO:0001086: 3563, (3604, 3604)...
2025-03-06 17:38:13,546 - INFO - CL:0002322;BTO:0001086: 3563, (3563, 41)...
2025-03-06 17:38:13,554 - INFO - CL:2000001: (3563, 30) x (282, 30)...
2025-03-06 17:38:13,776 - INFO - CL:2000001: 3563, (3845, 3845)...
2025-03-06 17:38:13,776 - INFO - CL:2000001: 3563, (3563, 282)...
2025-03-06 17:38:13,785 - INFO - UBERON:0000002: (3563, 30) x (9, 30)...
2025-03-06 17:38:13,967 - INFO - UBERON:0000002: 3563, (3572, 3572)...
2025-03-06 17:38:13,967 - INFO - UBERON:0000002: 3563, (3563, 9)...
2025-03-06 17:38:13,974 - INFO - UBERON:0000006: (3563, 30) x (63, 30)...
2025-03-06 17:38:14,164 - INFO - UBERON:0000006: 3563, (3626, 3626)...
2025-03-06 17:38:14,164 - INFO - UBERON:0000006: 3563, (3563, 63)...
2025-03-06 17:38:14,173 - INFO - UBERON:0000310: (3563, 30) x (207, 30)...
2025-03-06 17:38:14,376 - INFO - UBERON:0000310: 3563, (3770, 3770)...
2025-03-06 17:38:14,376 - INFO - UBERON:0000310: 3563, (3563, 207)...
2025-03-06 17:38:14,385 - INFO - UBERON:0000451: (3563, 30) x (458, 30)...
2025-03-06 17:38:14,626 - INFO - UBERON:0000451: 3563, (4021, 4021)...
2025-03-06 17:38:14,626 - INFO - UBERON:0000451: 3563, (3563, 458)...
2025-03-06 17:38:14,636 - INFO - UBERON:0000945: (3563, 30) x (88, 30)...
2025-03-06 17:38:14,836 - INFO - UBERON:0000945: 3563, (3651, 3651)...
2025-03-06 17:38:14,836 - INFO - UBERON:0000945: 3563, (3563, 88)...
2025-03-06 17:38:14,845 - INFO - UBERON:0000955: (3563, 30) x (28, 30)...
2025-03-06 17:38:15,041 - INFO - UBERON:0000955: 3563, (3591, 3591)...
2025-03-06 17:38:15,042 - INFO - UBERON:0000955: 3563, (3563, 28)...
2025-03-06 17:38:15,050 - INFO - UBERON:0000992: (3563, 30) x (15, 30)...
2025-03-06 17:38:15,237 - INFO - UBERON:0000992: 3563, (3578, 3578)...
2025-03-06 17:38:15,237 - INFO - UBERON:0000992: 3563, (3563, 15)...
2025-03-06 17:38:15,246 - INFO - UBERON:0001005: (3563, 30) x (8, 30)...
2025-03-06 17:38:15,438 - INFO - UBERON:0001005: 3563, (3571, 3571)...
2025-03-06 17:38:15,438 - INFO - UBERON:0001005: 3563, (3563, 8)...
2025-03-06 17:38:15,446 - INFO - UBERON:0001016: (3563, 30) x (34, 30)...
2025-03-06 17:38:15,644 - INFO - UBERON:0001016: 3563, (3597, 3597)...
2025-03-06 17:38:15,645 - INFO - UBERON:0001016: 3563, (3563, 34)...
2025-03-06 17:38:15,653 - INFO - UBERON:0001032: (3563, 30) x (4, 30)...
2025-03-06 17:38:15,843 - INFO - UBERON:0001032: 3563, (3567, 3567)...
2025-03-06 17:38:15,843 - INFO - UBERON:0001032: 3563, (3563, 4)...
2025-03-06 17:38:15,851 - INFO - UBERON:0001043: (3563, 30) x (31, 30)...
2025-03-06 17:38:16,038 - INFO - UBERON:0001043: 3563, (3594, 3594)...
2025-03-06 17:38:16,038 - INFO - UBERON:0001043: 3563, (3563, 31)...
2025-03-06 17:38:16,046 - INFO - UBERON:0001052: (3563, 30) x (15, 30)...
2025-03-06 17:38:16,234 - INFO - UBERON:0001052: 3563, (3578, 3578)...
2025-03-06 17:38:16,234 - INFO - UBERON:0001052: 3563, (3563, 15)...
2025-03-06 17:38:16,243 - INFO - UBERON:0001155: (3563, 30) x (213, 30)...
2025-03-06 17:38:16,452 - INFO - UBERON:0001155: 3563, (3776, 3776)...
2025-03-06 17:38:16,452 - INFO - UBERON:0001155: 3563, (3563, 213)...
2025-03-06 17:38:16,460 - INFO - UBERON:0001264: (3563, 30) x (68, 30)...
2025-03-06 17:38:16,655 - INFO - UBERON:0001264: 3563, (3631, 3631)...
2025-03-06 17:38:16,656 - INFO - UBERON:0001264: 3563, (3563, 68)...
2025-03-06 17:38:16,664 - INFO - UBERON:0001295: (3563, 30) x (17, 30)...
2025-03-06 17:38:16,847 - INFO - UBERON:0001295: 3563, (3580, 3580)...
2025-03-06 17:38:16,847 - INFO - UBERON:0001295: 3563, (3563, 17)...
2025-03-06 17:38:16,855 - INFO - UBERON:0001836: (3563, 30) x (209, 30)...
2025-03-06 17:38:17,052 - INFO - UBERON:0001836: 3563, (3772, 3772)...
2025-03-06 17:38:17,052 - INFO - UBERON:0001836: 3563, (3563, 209)...
2025-03-06 17:38:17,061 - INFO - UBERON:0001870: (3563, 30) x (75, 30)...
2025-03-06 17:38:17,253 - INFO - UBERON:0001870: 3563, (3638, 3638)...
2025-03-06 17:38:17,253 - INFO - UBERON:0001870: 3563, (3563, 75)...
2025-03-06 17:38:17,261 - INFO - UBERON:0001871: (3563, 30) x (372, 30)...
2025-03-06 17:38:17,490 - INFO - UBERON:0001871: 3563, (3935, 3935)...
2025-03-06 17:38:17,491 - INFO - UBERON:0001871: 3563, (3563, 372)...
2025-03-06 17:38:17,500 - INFO - UBERON:0001987: (3563, 30) x (693, 30)...
2025-03-06 17:38:17,742 - INFO - UBERON:0001987: 3563, (4256, 4256)...
2025-03-06 17:38:17,742 - INFO - UBERON:0001987: 3563, (3563, 693)...
2025-03-06 17:38:17,753 - INFO - UBERON:0002037: (3563, 30) x (28, 30)...
2025-03-06 17:38:17,949 - INFO - UBERON:0002037: 3563, (3591, 3591)...
2025-03-06 17:38:17,949 - INFO - UBERON:0002037: 3563, (3563, 28)...
2025-03-06 17:38:17,957 - INFO - UBERON:0002046: (3563, 30) x (85, 30)...
2025-03-06 17:38:18,153 - INFO - UBERON:0002046: 3563, (3648, 3648)...
2025-03-06 17:38:18,154 - INFO - UBERON:0002046: 3563, (3563, 85)...
2025-03-06 17:38:18,162 - INFO - UBERON:0002048: (3563, 30) x (48, 30)...
2025-03-06 17:38:18,358 - INFO - UBERON:0002048: 3563, (3611, 3611)...
2025-03-06 17:38:18,358 - INFO - UBERON:0002048: 3563, (3563, 48)...
2025-03-06 17:38:18,367 - INFO - UBERON:0002097: (3563, 30) x (24, 30)...
2025-03-06 17:38:18,564 - INFO - UBERON:0002097: 3563, (3587, 3587)...
2025-03-06 17:38:18,564 - INFO - UBERON:0002097: 3563, (3563, 24)...
2025-03-06 17:38:18,572 - INFO - UBERON:0002107: (3563, 30) x (145, 30)...
2025-03-06 17:38:18,764 - INFO - UBERON:0002107: 3563, (3708, 3708)...
2025-03-06 17:38:18,764 - INFO - UBERON:0002107: 3563, (3563, 145)...
2025-03-06 17:38:18,773 - INFO - UBERON:0002113: (3563, 30) x (77, 30)...
2025-03-06 17:38:18,955 - INFO - UBERON:0002113: 3563, (3640, 3640)...
2025-03-06 17:38:18,955 - INFO - UBERON:0002113: 3563, (3563, 77)...
2025-03-06 17:38:18,964 - INFO - UBERON:0002190: (3563, 30) x (24, 30)...
2025-03-06 17:38:19,161 - INFO - UBERON:0002190: 3563, (3587, 3587)...
2025-03-06 17:38:19,161 - INFO - UBERON:0002190: 3563, (3563, 24)...
2025-03-06 17:38:19,169 - INFO - UBERON:0002367: (3563, 30) x (19, 30)...
2025-03-06 17:38:19,359 - INFO - UBERON:0002367: 3563, (3582, 3582)...
2025-03-06 17:38:19,359 - INFO - UBERON:0002367: 3563, (3563, 19)...
2025-03-06 17:38:19,367 - INFO - UBERON:0002371: (3563, 30) x (45, 30)...
2025-03-06 17:38:19,547 - INFO - UBERON:0002371: 3563, (3608, 3608)...
2025-03-06 17:38:19,548 - INFO - UBERON:0002371: 3563, (3563, 45)...
2025-03-06 17:38:19,557 - INFO - UBERON:0002418: (3563, 30) x (43, 30)...
2025-03-06 17:38:19,745 - INFO - UBERON:0002418: 3563, (3606, 3606)...
2025-03-06 17:38:19,745 - INFO - UBERON:0002418: 3563, (3563, 43)...
2025-03-06 17:38:19,754 - INFO - UBERON:0002424: (3563, 30) x (43, 30)...
2025-03-06 17:38:19,943 - INFO - UBERON:0002424: 3563, (3606, 3606)...
2025-03-06 17:38:19,943 - INFO - UBERON:0002424: 3563, (3563, 43)...
2025-03-06 17:38:19,952 - INFO - UBERON:0002481: (3563, 30) x (13, 30)...
2025-03-06 17:38:20,129 - INFO - UBERON:0002481: 3563, (3576, 3576)...
2025-03-06 17:38:20,129 - INFO - UBERON:0002481: 3563, (3563, 13)...
2025-03-06 17:38:20,138 - INFO - UBERON:0002728: (3563, 30) x (27, 30)...
2025-03-06 17:38:20,326 - INFO - UBERON:0002728: 3563, (3590, 3590)...
2025-03-06 17:38:20,326 - INFO - UBERON:0002728: 3563, (3563, 27)...
2025-03-06 17:38:20,334 - INFO - UBERON:0003889: (3563, 30) x (13, 30)...
2025-03-06 17:38:20,513 - INFO - UBERON:0003889: 3563, (3576, 3576)...
2025-03-06 17:38:20,513 - INFO - UBERON:0003889: 3563, (3563, 13)...
2025-03-06 17:38:20,522 - INFO - UBERON:0004535: (3563, 30) x (10, 30)...
2025-03-06 17:38:20,714 - INFO - UBERON:0004535: 3563, (3573, 3573)...
2025-03-06 17:38:20,714 - INFO - UBERON:0004535: 3563, (3563, 10)...
2025-03-06 17:38:20,722 - INFO - UBERON:0004802: (3563, 30) x (82, 30)...
2025-03-06 17:38:20,922 - INFO - UBERON:0004802: 3563, (3645, 3645)...
2025-03-06 17:38:20,922 - INFO - UBERON:0004802: 3563, (3563, 82)...
2025-03-06 17:38:20,931 - INFO - UBERON:0005384: (3563, 30) x (64, 30)...
2025-03-06 17:38:21,127 - INFO - UBERON:0005384: 3563, (3627, 3627)...
2025-03-06 17:38:21,128 - INFO - UBERON:0005384: 3563, (3563, 64)...
2025-03-06 17:38:21,137 - INFO - UBERON:0012168: (3563, 30) x (632, 30)...
2025-03-06 17:38:21,390 - INFO - UBERON:0012168: 3563, (4195, 4195)...
2025-03-06 17:38:21,390 - INFO - UBERON:0012168: 3563, (3563, 632)...
2025-03-06 17:38:21,401 - INFO - UBERON:0035818: (3563, 30) x (48, 30)...
2025-03-06 17:38:21,595 - INFO - UBERON:0035818: 3563, (3611, 3611)...
2025-03-06 17:38:21,595 - INFO - UBERON:0035818: 3563, (3563, 48)...
2025-03-06 17:38:21,603 - INFO - UBERON:8450002: (3563, 30) x (6, 30)...
2025-03-06 17:38:21,796 - INFO - UBERON:8450002: 3563, (3569, 3569)...
2025-03-06 17:38:21,796 - INFO - UBERON:8450002: 3563, (3563, 6)...
2025-03-06 17:38:22,350 - INFO - Processing Fold 1
2025-03-06 17:38:27,848 - INFO - CL:0000019: (3361, 30) x (171, 30)...
2025-03-06 17:38:28,027 - INFO - CL:0000019: 3361, (3532, 3532)...
2025-03-06 17:38:28,027 - INFO - CL:0000019: 3361, (3361, 171)...
2025-03-06 17:38:28,039 - INFO - CL:0000056: (3361, 30) x (28, 30)...
2025-03-06 17:38:28,218 - INFO - CL:0000056: 3361, (3389, 3389)...
2025-03-06 17:38:28,218 - INFO - CL:0000056: 3361, (3361, 28)...
2025-03-06 17:38:28,230 - INFO - CL:0000057: (3361, 30) x (55, 30)...
2025-03-06 17:38:28,398 - INFO - CL:0000057: 3361, (3416, 3416)...
2025-03-06 17:38:28,398 - INFO - CL:0000057: 3361, (3361, 55)...
2025-03-06 17:38:28,410 - INFO - CL:0000084: (3361, 30) x (288, 30)...
2025-03-06 17:38:28,611 - INFO - CL:0000084: 3361, (3649, 3649)...
2025-03-06 17:38:28,611 - INFO - CL:0000084: 3361, (3361, 288)...
2025-03-06 17:38:28,624 - INFO - CL:0000094: (3361, 30) x (12, 30)...
2025-03-06 17:38:28,802 - INFO - CL:0000094: 3361, (3373, 3373)...
2025-03-06 17:38:28,803 - INFO - CL:0000094: 3361, (3361, 12)...
2025-03-06 17:38:28,814 - INFO - CL:0000148: (3361, 30) x (3, 30)...
2025-03-06 17:38:28,983 - INFO - CL:0000148: 3361, (3364, 3364)...
2025-03-06 17:38:28,983 - INFO - CL:0000148: 3361, (3361, 3)...
2025-03-06 17:38:28,994 - INFO - CL:0000236: (3361, 30) x (146, 30)...
2025-03-06 17:38:29,180 - INFO - CL:0000236: 3361, (3507, 3507)...
2025-03-06 17:38:29,181 - INFO - CL:0000236: 3361, (3361, 146)...
2025-03-06 17:38:29,193 - INFO - CL:0000542: (3361, 30) x (11, 30)...
2025-03-06 17:38:29,363 - INFO - CL:0000542: 3361, (3372, 3372)...
2025-03-06 17:38:29,363 - INFO - CL:0000542: 3361, (3361, 11)...
2025-03-06 17:38:29,375 - INFO - CL:0000576: (3361, 30) x (163, 30)...
2025-03-06 17:38:29,554 - INFO - CL:0000576: 3361, (3524, 3524)...
2025-03-06 17:38:29,554 - INFO - CL:0000576: 3361, (3361, 163)...
2025-03-06 17:38:29,566 - INFO - CL:0000623: (3361, 30) x (122, 30)...
2025-03-06 17:38:29,750 - INFO - CL:0000623: 3361, (3483, 3483)...
2025-03-06 17:38:29,750 - INFO - CL:0000623: 3361, (3361, 122)...
2025-03-06 17:38:29,763 - INFO - CL:0000738: (3361, 30) x (842, 30)...
2025-03-06 17:38:30,020 - INFO - CL:0000738: 3361, (4203, 4203)...
2025-03-06 17:38:30,020 - INFO - CL:0000738: 3361, (3361, 842)...
2025-03-06 17:38:30,034 - INFO - CL:0000775: (3361, 30) x (56, 30)...
2025-03-06 17:38:30,215 - INFO - CL:0000775: 3361, (3417, 3417)...
2025-03-06 17:38:30,215 - INFO - CL:0000775: 3361, (3361, 56)...
2025-03-06 17:38:30,227 - INFO - CL:0000910;BTO:0000289: (3361, 30) x (156, 30)...
2025-03-06 17:38:30,416 - INFO - CL:0000910;BTO:0000289: 3361, (3517, 3517)...
2025-03-06 17:38:30,416 - INFO - CL:0000910;BTO:0000289: 3361, (3361, 156)...
2025-03-06 17:38:30,428 - INFO - CL:0002322;BTO:0001086: (3361, 30) x (45, 30)...
2025-03-06 17:38:30,603 - INFO - CL:0002322;BTO:0001086: 3361, (3406, 3406)...
2025-03-06 17:38:30,603 - INFO - CL:0002322;BTO:0001086: 3361, (3361, 45)...
2025-03-06 17:38:30,614 - INFO - CL:2000001: (3361, 30) x (276, 30)...
2025-03-06 17:38:30,810 - INFO - CL:2000001: 3361, (3637, 3637)...
2025-03-06 17:38:30,810 - INFO - CL:2000001: 3361, (3361, 276)...
2025-03-06 17:38:30,822 - INFO - UBERON:0000002: (3361, 30) x (37, 30)...
2025-03-06 17:38:30,996 - INFO - UBERON:0000002: 3361, (3398, 3398)...
2025-03-06 17:38:30,996 - INFO - UBERON:0000002: 3361, (3361, 37)...
2025-03-06 17:38:31,006 - INFO - UBERON:0000006: (3361, 30) x (68, 30)...
2025-03-06 17:38:31,188 - INFO - UBERON:0000006: 3361, (3429, 3429)...
2025-03-06 17:38:31,188 - INFO - UBERON:0000006: 3361, (3361, 68)...
2025-03-06 17:38:31,200 - INFO - UBERON:0000310: (3361, 30) x (228, 30)...
2025-03-06 17:38:31,395 - INFO - UBERON:0000310: 3361, (3589, 3589)...
2025-03-06 17:38:31,395 - INFO - UBERON:0000310: 3361, (3361, 228)...
2025-03-06 17:38:31,407 - INFO - UBERON:0000451: (3361, 30) x (502, 30)...
2025-03-06 17:38:31,629 - INFO - UBERON:0000451: 3361, (3863, 3863)...
2025-03-06 17:38:31,629 - INFO - UBERON:0000451: 3361, (3361, 502)...
2025-03-06 17:38:31,643 - INFO - UBERON:0000945: (3361, 30) x (56, 30)...
2025-03-06 17:38:31,824 - INFO - UBERON:0000945: 3361, (3417, 3417)...
2025-03-06 17:38:31,824 - INFO - UBERON:0000945: 3361, (3361, 56)...
2025-03-06 17:38:31,835 - INFO - UBERON:0000955: (3361, 30) x (30, 30)...
2025-03-06 17:38:32,022 - INFO - UBERON:0000955: 3361, (3391, 3391)...
2025-03-06 17:38:32,022 - INFO - UBERON:0000955: 3361, (3361, 30)...
2025-03-06 17:38:32,034 - INFO - UBERON:0000992: (3361, 30) x (10, 30)...
2025-03-06 17:38:32,209 - INFO - UBERON:0000992: 3361, (3371, 3371)...
2025-03-06 17:38:32,209 - INFO - UBERON:0000992: 3361, (3361, 10)...
2025-03-06 17:38:32,222 - INFO - UBERON:0001005: (3361, 30) x (16, 30)...
2025-03-06 17:38:32,400 - INFO - UBERON:0001005: 3361, (3377, 3377)...
2025-03-06 17:38:32,400 - INFO - UBERON:0001005: 3361, (3361, 16)...
2025-03-06 17:38:32,413 - INFO - UBERON:0001016: (3361, 30) x (13, 30)...
2025-03-06 17:38:32,585 - INFO - UBERON:0001016: 3361, (3374, 3374)...
2025-03-06 17:38:32,585 - INFO - UBERON:0001016: 3361, (3361, 13)...
2025-03-06 17:38:32,596 - INFO - UBERON:0001032: (3361, 30) x (4, 30)...
2025-03-06 17:38:32,771 - INFO - UBERON:0001032: 3361, (3365, 3365)...
2025-03-06 17:38:32,771 - INFO - UBERON:0001032: 3361, (3361, 4)...
2025-03-06 17:38:32,782 - INFO - UBERON:0001043: (3361, 30) x (18, 30)...
2025-03-06 17:38:32,962 - INFO - UBERON:0001043: 3361, (3379, 3379)...
2025-03-06 17:38:32,962 - INFO - UBERON:0001043: 3361, (3361, 18)...
2025-03-06 17:38:32,975 - INFO - UBERON:0001052: (3361, 30) x (6, 30)...
2025-03-06 17:38:33,155 - INFO - UBERON:0001052: 3361, (3367, 3367)...
2025-03-06 17:38:33,155 - INFO - UBERON:0001052: 3361, (3361, 6)...
2025-03-06 17:38:33,167 - INFO - UBERON:0001155: (3361, 30) x (197, 30)...
2025-03-06 17:38:33,352 - INFO - UBERON:0001155: 3361, (3558, 3558)...
2025-03-06 17:38:33,352 - INFO - UBERON:0001155: 3361, (3361, 197)...
2025-03-06 17:38:33,363 - INFO - UBERON:0001264: (3361, 30) x (68, 30)...
2025-03-06 17:38:33,544 - INFO - UBERON:0001264: 3361, (3429, 3429)...
2025-03-06 17:38:33,544 - INFO - UBERON:0001264: 3361, (3361, 68)...
2025-03-06 17:38:33,556 - INFO - UBERON:0001295: (3361, 30) x (31, 30)...
2025-03-06 17:38:33,732 - INFO - UBERON:0001295: 3361, (3392, 3392)...
2025-03-06 17:38:33,732 - INFO - UBERON:0001295: 3361, (3361, 31)...
2025-03-06 17:38:33,744 - INFO - UBERON:0001836: (3361, 30) x (295, 30)...
2025-03-06 17:38:33,928 - INFO - UBERON:0001836: 3361, (3656, 3656)...
2025-03-06 17:38:33,928 - INFO - UBERON:0001836: 3361, (3361, 295)...
2025-03-06 17:38:33,941 - INFO - UBERON:0001870: (3361, 30) x (75, 30)...
2025-03-06 17:38:34,113 - INFO - UBERON:0001870: 3361, (3436, 3436)...
2025-03-06 17:38:34,114 - INFO - UBERON:0001870: 3361, (3361, 75)...
2025-03-06 17:38:34,126 - INFO - UBERON:0001871: (3361, 30) x (62, 30)...
2025-03-06 17:38:34,310 - INFO - UBERON:0001871: 3361, (3423, 3423)...
2025-03-06 17:38:34,310 - INFO - UBERON:0001871: 3361, (3361, 62)...
2025-03-06 17:38:34,322 - INFO - UBERON:0001987: (3361, 30) x (699, 30)...
2025-03-06 17:38:34,546 - INFO - UBERON:0001987: 3361, (4060, 4060)...
2025-03-06 17:38:34,546 - INFO - UBERON:0001987: 3361, (3361, 699)...
2025-03-06 17:38:34,561 - INFO - UBERON:0002037: (3361, 30) x (71, 30)...
2025-03-06 17:38:34,730 - INFO - UBERON:0002037: 3361, (3432, 3432)...
2025-03-06 17:38:34,730 - INFO - UBERON:0002037: 3361, (3361, 71)...
2025-03-06 17:38:34,743 - INFO - UBERON:0002046: (3361, 30) x (44, 30)...
2025-03-06 17:38:34,924 - INFO - UBERON:0002046: 3361, (3405, 3405)...
2025-03-06 17:38:34,924 - INFO - UBERON:0002046: 3361, (3361, 44)...
2025-03-06 17:38:34,935 - INFO - UBERON:0002048: (3361, 30) x (54, 30)...
2025-03-06 17:38:35,115 - INFO - UBERON:0002048: 3361, (3415, 3415)...
2025-03-06 17:38:35,115 - INFO - UBERON:0002048: 3361, (3361, 54)...
2025-03-06 17:38:35,127 - INFO - UBERON:0002097: (3361, 30) x (6, 30)...
2025-03-06 17:38:35,302 - INFO - UBERON:0002097: 3361, (3367, 3367)...
2025-03-06 17:38:35,302 - INFO - UBERON:0002097: 3361, (3361, 6)...
2025-03-06 17:38:35,314 - INFO - UBERON:0002107: (3361, 30) x (142, 30)...
2025-03-06 17:38:35,500 - INFO - UBERON:0002107: 3361, (3503, 3503)...
2025-03-06 17:38:35,500 - INFO - UBERON:0002107: 3361, (3361, 142)...
2025-03-06 17:38:35,512 - INFO - UBERON:0002113: (3361, 30) x (70, 30)...
2025-03-06 17:38:35,691 - INFO - UBERON:0002113: 3361, (3431, 3431)...
2025-03-06 17:38:35,691 - INFO - UBERON:0002113: 3361, (3361, 70)...
2025-03-06 17:38:35,703 - INFO - UBERON:0002190: (3361, 30) x (41, 30)...
2025-03-06 17:38:35,877 - INFO - UBERON:0002190: 3361, (3402, 3402)...
2025-03-06 17:38:35,877 - INFO - UBERON:0002190: 3361, (3361, 41)...
2025-03-06 17:38:35,889 - INFO - UBERON:0002331: (3361, 30) x (1021, 30)...
2025-03-06 17:38:36,155 - INFO - UBERON:0002331: 3361, (4382, 4382)...
2025-03-06 17:38:36,156 - INFO - UBERON:0002331: 3361, (3361, 1021)...
2025-03-06 17:38:36,171 - INFO - UBERON:0002367: (3361, 30) x (15, 30)...
2025-03-06 17:38:36,337 - INFO - UBERON:0002367: 3361, (3376, 3376)...
2025-03-06 17:38:36,337 - INFO - UBERON:0002367: 3361, (3361, 15)...
2025-03-06 17:38:36,351 - INFO - UBERON:0002371: (3361, 30) x (53, 30)...
2025-03-06 17:38:36,526 - INFO - UBERON:0002371: 3361, (3414, 3414)...
2025-03-06 17:38:36,526 - INFO - UBERON:0002371: 3361, (3361, 53)...
2025-03-06 17:38:36,538 - INFO - UBERON:0002418: (3361, 30) x (19, 30)...
2025-03-06 17:38:36,707 - INFO - UBERON:0002418: 3361, (3380, 3380)...
2025-03-06 17:38:36,707 - INFO - UBERON:0002418: 3361, (3361, 19)...
2025-03-06 17:38:36,719 - INFO - UBERON:0002424: (3361, 30) x (135, 30)...
2025-03-06 17:38:36,893 - INFO - UBERON:0002424: 3361, (3496, 3496)...
2025-03-06 17:38:36,893 - INFO - UBERON:0002424: 3361, (3361, 135)...
2025-03-06 17:38:36,905 - INFO - UBERON:0002481: (3361, 30) x (9, 30)...
2025-03-06 17:38:37,077 - INFO - UBERON:0002481: 3361, (3370, 3370)...
2025-03-06 17:38:37,077 - INFO - UBERON:0002481: 3361, (3361, 9)...
2025-03-06 17:38:37,089 - INFO - UBERON:0002728: (3361, 30) x (76, 30)...
2025-03-06 17:38:37,273 - INFO - UBERON:0002728: 3361, (3437, 3437)...
2025-03-06 17:38:37,273 - INFO - UBERON:0002728: 3361, (3361, 76)...
2025-03-06 17:38:37,285 - INFO - UBERON:0003889: (3361, 30) x (8, 30)...
2025-03-06 17:38:37,462 - INFO - UBERON:0003889: 3361, (3369, 3369)...
2025-03-06 17:38:37,463 - INFO - UBERON:0003889: 3361, (3361, 8)...
2025-03-06 17:38:37,474 - INFO - UBERON:0004535: (3361, 30) x (6, 30)...
2025-03-06 17:38:37,654 - INFO - UBERON:0004535: 3361, (3367, 3367)...
2025-03-06 17:38:37,654 - INFO - UBERON:0004535: 3361, (3361, 6)...
2025-03-06 17:38:37,667 - INFO - UBERON:0004802: (3361, 30) x (53, 30)...
2025-03-06 17:38:37,843 - INFO - UBERON:0004802: 3361, (3414, 3414)...
2025-03-06 17:38:37,843 - INFO - UBERON:0004802: 3361, (3361, 53)...
2025-03-06 17:38:37,855 - INFO - UBERON:0005384: (3361, 30) x (63, 30)...
2025-03-06 17:38:38,030 - INFO - UBERON:0005384: 3361, (3424, 3424)...
2025-03-06 17:38:38,030 - INFO - UBERON:0005384: 3361, (3361, 63)...
2025-03-06 17:38:38,043 - INFO - UBERON:0012168: (3361, 30) x (276, 30)...
2025-03-06 17:38:38,238 - INFO - UBERON:0012168: 3361, (3637, 3637)...
2025-03-06 17:38:38,239 - INFO - UBERON:0012168: 3361, (3361, 276)...
2025-03-06 17:38:38,252 - INFO - UBERON:0035818: (3361, 30) x (33, 30)...
2025-03-06 17:38:38,425 - INFO - UBERON:0035818: 3361, (3394, 3394)...
2025-03-06 17:38:38,425 - INFO - UBERON:0035818: 3361, (3361, 33)...
2025-03-06 17:38:38,437 - INFO - UBERON:8450002: (3361, 30) x (6, 30)...
2025-03-06 17:38:38,620 - INFO - UBERON:8450002: 3361, (3367, 3367)...
2025-03-06 17:38:38,620 - INFO - UBERON:8450002: 3361, (3361, 6)...
2025-03-06 17:38:39,546 - INFO - Processing Fold 2
2025-03-06 17:38:45,454 - INFO - CL:0000019: (3427, 30) x (242, 30)...
2025-03-06 17:38:45,648 - INFO - CL:0000019: 3427, (3669, 3669)...
2025-03-06 17:38:45,648 - INFO - CL:0000019: 3427, (3427, 242)...
2025-03-06 17:38:45,739 - INFO - CL:0000056: (3427, 30) x (28, 30)...
2025-03-06 17:38:45,918 - INFO - CL:0000056: 3427, (3455, 3455)...
2025-03-06 17:38:45,918 - INFO - CL:0000056: 3427, (3427, 28)...
2025-03-06 17:38:45,997 - INFO - CL:0000057: (3427, 30) x (89, 30)...
2025-03-06 17:38:46,157 - INFO - CL:0000057: 3427, (3516, 3516)...
2025-03-06 17:38:46,157 - INFO - CL:0000057: 3427, (3427, 89)...
2025-03-06 17:38:46,226 - INFO - CL:0000084: (3427, 30) x (285, 30)...
2025-03-06 17:38:46,422 - INFO - CL:0000084: 3427, (3712, 3712)...
2025-03-06 17:38:46,422 - INFO - CL:0000084: 3427, (3427, 285)...
2025-03-06 17:38:46,511 - INFO - CL:0000094: (3427, 30) x (17, 30)...
2025-03-06 17:38:46,664 - INFO - CL:0000094: 3427, (3444, 3444)...
2025-03-06 17:38:46,664 - INFO - CL:0000094: 3427, (3427, 17)...
2025-03-06 17:38:46,742 - INFO - CL:0000148: (3427, 30) x (109, 30)...
2025-03-06 17:38:46,903 - INFO - CL:0000148: 3427, (3536, 3536)...
2025-03-06 17:38:46,903 - INFO - CL:0000148: 3427, (3427, 109)...
2025-03-06 17:38:46,987 - INFO - CL:0000236: (3427, 30) x (90, 30)...
2025-03-06 17:38:47,143 - INFO - CL:0000236: 3427, (3517, 3517)...
2025-03-06 17:38:47,144 - INFO - CL:0000236: 3427, (3427, 90)...
2025-03-06 17:38:47,231 - INFO - CL:0000542: (3427, 30) x (19, 30)...
2025-03-06 17:38:47,400 - INFO - CL:0000542: 3427, (3446, 3446)...
2025-03-06 17:38:47,400 - INFO - CL:0000542: 3427, (3427, 19)...
2025-03-06 17:38:47,470 - INFO - CL:0000576: (3427, 30) x (91, 30)...
2025-03-06 17:38:47,629 - INFO - CL:0000576: 3427, (3518, 3518)...
2025-03-06 17:38:47,629 - INFO - CL:0000576: 3427, (3427, 91)...
2025-03-06 17:38:47,701 - INFO - CL:0000623: (3427, 30) x (15, 30)...
2025-03-06 17:38:47,866 - INFO - CL:0000623: 3427, (3442, 3442)...
2025-03-06 17:38:47,866 - INFO - CL:0000623: 3427, (3427, 15)...
2025-03-06 17:38:47,936 - INFO - CL:0000738: (3427, 30) x (844, 30)...
2025-03-06 17:38:48,153 - INFO - CL:0000738: 3427, (4271, 4271)...
2025-03-06 17:38:48,153 - INFO - CL:0000738: 3427, (3427, 844)...
2025-03-06 17:38:48,195 - INFO - CL:0000775: (3427, 30) x (20, 30)...
2025-03-06 17:38:48,359 - INFO - CL:0000775: 3427, (3447, 3447)...
2025-03-06 17:38:48,359 - INFO - CL:0000775: 3427, (3427, 20)...
2025-03-06 17:38:48,437 - INFO - CL:0000910;BTO:0000289: (3427, 30) x (100, 30)...
2025-03-06 17:38:48,610 - INFO - CL:0000910;BTO:0000289: 3427, (3527, 3527)...
2025-03-06 17:38:48,610 - INFO - CL:0000910;BTO:0000289: 3427, (3427, 100)...
2025-03-06 17:38:48,674 - INFO - CL:0002322;BTO:0001086: (3427, 30) x (14, 30)...
2025-03-06 17:38:48,827 - INFO - CL:0002322;BTO:0001086: 3427, (3441, 3441)...
2025-03-06 17:38:48,827 - INFO - CL:0002322;BTO:0001086: 3427, (3427, 14)...
2025-03-06 17:38:48,900 - INFO - CL:2000001: (3427, 30) x (276, 30)...
2025-03-06 17:38:49,088 - INFO - CL:2000001: 3427, (3703, 3703)...
2025-03-06 17:38:49,088 - INFO - CL:2000001: 3427, (3427, 276)...
2025-03-06 17:38:49,177 - INFO - UBERON:0000002: (3427, 30) x (28, 30)...
2025-03-06 17:38:49,332 - INFO - UBERON:0000002: 3427, (3455, 3455)...
2025-03-06 17:38:49,332 - INFO - UBERON:0000002: 3427, (3427, 28)...
2025-03-06 17:38:49,418 - INFO - UBERON:0000006: (3427, 30) x (5, 30)...
2025-03-06 17:38:49,572 - INFO - UBERON:0000006: 3427, (3432, 3432)...
2025-03-06 17:38:49,572 - INFO - UBERON:0000006: 3427, (3427, 5)...
2025-03-06 17:38:49,636 - INFO - UBERON:0000310: (3427, 30) x (193, 30)...
2025-03-06 17:38:49,798 - INFO - UBERON:0000310: 3427, (3620, 3620)...
2025-03-06 17:38:49,798 - INFO - UBERON:0000310: 3427, (3427, 193)...
2025-03-06 17:38:49,876 - INFO - UBERON:0000451: (3427, 30) x (60, 30)...
2025-03-06 17:38:50,046 - INFO - UBERON:0000451: 3427, (3487, 3487)...
2025-03-06 17:38:50,046 - INFO - UBERON:0000451: 3427, (3427, 60)...
2025-03-06 17:38:50,121 - INFO - UBERON:0000945: (3427, 30) x (60, 30)...
2025-03-06 17:38:50,280 - INFO - UBERON:0000945: 3427, (3487, 3487)...
2025-03-06 17:38:50,281 - INFO - UBERON:0000945: 3427, (3427, 60)...
2025-03-06 17:38:50,347 - INFO - UBERON:0000955: (3427, 30) x (36, 30)...
2025-03-06 17:38:50,515 - INFO - UBERON:0000955: 3427, (3463, 3463)...
2025-03-06 17:38:50,515 - INFO - UBERON:0000955: 3427, (3427, 36)...
2025-03-06 17:38:50,589 - INFO - UBERON:0000992: (3427, 30) x (5, 30)...
2025-03-06 17:38:50,742 - INFO - UBERON:0000992: 3427, (3432, 3432)...
2025-03-06 17:38:50,742 - INFO - UBERON:0000992: 3427, (3427, 5)...
2025-03-06 17:38:50,794 - INFO - UBERON:0001005: (3427, 30) x (8, 30)...
2025-03-06 17:38:50,966 - INFO - UBERON:0001005: 3427, (3435, 3435)...
2025-03-06 17:38:50,966 - INFO - UBERON:0001005: 3427, (3427, 8)...
2025-03-06 17:38:51,065 - INFO - UBERON:0001016: (3427, 30) x (37, 30)...
2025-03-06 17:38:51,219 - INFO - UBERON:0001016: 3427, (3464, 3464)...
2025-03-06 17:38:51,219 - INFO - UBERON:0001016: 3427, (3427, 37)...
2025-03-06 17:38:51,281 - INFO - UBERON:0001043: (3427, 30) x (17, 30)...
2025-03-06 17:38:51,442 - INFO - UBERON:0001043: 3427, (3444, 3444)...
2025-03-06 17:38:51,442 - INFO - UBERON:0001043: 3427, (3427, 17)...
2025-03-06 17:38:51,515 - INFO - UBERON:0001052: (3427, 30) x (9, 30)...
2025-03-06 17:38:51,671 - INFO - UBERON:0001052: 3427, (3436, 3436)...
2025-03-06 17:38:51,671 - INFO - UBERON:0001052: 3427, (3427, 9)...
2025-03-06 17:38:51,743 - INFO - UBERON:0001155: (3427, 30) x (272, 30)...
2025-03-06 17:38:51,929 - INFO - UBERON:0001155: 3427, (3699, 3699)...
2025-03-06 17:38:51,929 - INFO - UBERON:0001155: 3427, (3427, 272)...
2025-03-06 17:38:51,992 - INFO - UBERON:0001264: (3427, 30) x (68, 30)...
2025-03-06 17:38:52,148 - INFO - UBERON:0001264: 3427, (3495, 3495)...
2025-03-06 17:38:52,148 - INFO - UBERON:0001264: 3427, (3427, 68)...
2025-03-06 17:38:52,223 - INFO - UBERON:0001295: (3427, 30) x (48, 30)...
2025-03-06 17:38:52,395 - INFO - UBERON:0001295: 3427, (3475, 3475)...
2025-03-06 17:38:52,395 - INFO - UBERON:0001295: 3427, (3427, 48)...
2025-03-06 17:38:52,490 - INFO - UBERON:0001836: (3427, 30) x (296, 30)...
2025-03-06 17:38:52,659 - INFO - UBERON:0001836: 3427, (3723, 3723)...
2025-03-06 17:38:52,659 - INFO - UBERON:0001836: 3427, (3427, 296)...
2025-03-06 17:38:52,736 - INFO - UBERON:0001871: (3427, 30) x (406, 30)...
2025-03-06 17:38:52,935 - INFO - UBERON:0001871: 3427, (3833, 3833)...
2025-03-06 17:38:52,936 - INFO - UBERON:0001871: 3427, (3427, 406)...
2025-03-06 17:38:53,003 - INFO - UBERON:0001987: (3427, 30) x (692, 30)...
2025-03-06 17:38:53,206 - INFO - UBERON:0001987: 3427, (4119, 4119)...
2025-03-06 17:38:53,206 - INFO - UBERON:0001987: 3427, (3427, 692)...
2025-03-06 17:38:53,275 - INFO - UBERON:0002037: (3427, 30) x (43, 30)...
2025-03-06 17:38:53,441 - INFO - UBERON:0002037: 3427, (3470, 3470)...
2025-03-06 17:38:53,441 - INFO - UBERON:0002037: 3427, (3427, 43)...
2025-03-06 17:38:53,517 - INFO - UBERON:0002046: (3427, 30) x (41, 30)...
2025-03-06 17:38:53,675 - INFO - UBERON:0002046: 3427, (3468, 3468)...
2025-03-06 17:38:53,675 - INFO - UBERON:0002046: 3427, (3427, 41)...
2025-03-06 17:38:53,742 - INFO - UBERON:0002048: (3427, 30) x (34, 30)...
2025-03-06 17:38:53,911 - INFO - UBERON:0002048: 3427, (3461, 3461)...
2025-03-06 17:38:53,912 - INFO - UBERON:0002048: 3427, (3427, 34)...
2025-03-06 17:38:53,973 - INFO - UBERON:0002097: (3427, 30) x (18, 30)...
2025-03-06 17:38:54,127 - INFO - UBERON:0002097: 3427, (3445, 3445)...
2025-03-06 17:38:54,127 - INFO - UBERON:0002097: 3427, (3427, 18)...
2025-03-06 17:38:54,185 - INFO - UBERON:0002107: (3427, 30) x (145, 30)...
2025-03-06 17:38:54,357 - INFO - UBERON:0002107: 3427, (3572, 3572)...
2025-03-06 17:38:54,357 - INFO - UBERON:0002107: 3427, (3427, 145)...
2025-03-06 17:38:54,423 - INFO - UBERON:0002113: (3427, 30) x (55, 30)...
2025-03-06 17:38:54,581 - INFO - UBERON:0002113: 3427, (3482, 3482)...
2025-03-06 17:38:54,581 - INFO - UBERON:0002113: 3427, (3427, 55)...
2025-03-06 17:38:54,665 - INFO - UBERON:0002190: (3427, 30) x (17, 30)...
2025-03-06 17:38:54,824 - INFO - UBERON:0002190: 3427, (3444, 3444)...
2025-03-06 17:38:54,824 - INFO - UBERON:0002190: 3427, (3427, 17)...
2025-03-06 17:38:54,917 - INFO - UBERON:0002331: (3427, 30) x (1021, 30)...
2025-03-06 17:38:55,150 - INFO - UBERON:0002331: 3427, (4448, 4448)...
2025-03-06 17:38:55,150 - INFO - UBERON:0002331: 3427, (3427, 1021)...
2025-03-06 17:38:55,250 - INFO - UBERON:0002367: (3427, 30) x (16, 30)...
2025-03-06 17:38:55,417 - INFO - UBERON:0002367: 3427, (3443, 3443)...
2025-03-06 17:38:55,417 - INFO - UBERON:0002367: 3427, (3427, 16)...
2025-03-06 17:38:55,498 - INFO - UBERON:0002371: (3427, 30) x (50, 30)...
2025-03-06 17:38:55,652 - INFO - UBERON:0002371: 3427, (3477, 3477)...
2025-03-06 17:38:55,653 - INFO - UBERON:0002371: 3427, (3427, 50)...
2025-03-06 17:38:55,731 - INFO - UBERON:0002418: (3427, 30) x (38, 30)...
2025-03-06 17:38:55,901 - INFO - UBERON:0002418: 3427, (3465, 3465)...
2025-03-06 17:38:55,902 - INFO - UBERON:0002418: 3427, (3427, 38)...
2025-03-06 17:38:56,006 - INFO - UBERON:0002424: (3427, 30) x (134, 30)...
2025-03-06 17:38:56,164 - INFO - UBERON:0002424: 3427, (3561, 3561)...
2025-03-06 17:38:56,164 - INFO - UBERON:0002424: 3427, (3427, 134)...
2025-03-06 17:38:56,249 - INFO - UBERON:0002481: (3427, 30) x (4, 30)...
2025-03-06 17:38:56,417 - INFO - UBERON:0002481: 3427, (3431, 3431)...
2025-03-06 17:38:56,417 - INFO - UBERON:0002481: 3427, (3427, 4)...
2025-03-06 17:38:56,476 - INFO - UBERON:0002728: (3427, 30) x (49, 30)...
2025-03-06 17:38:56,630 - INFO - UBERON:0002728: 3427, (3476, 3476)...
2025-03-06 17:38:56,630 - INFO - UBERON:0002728: 3427, (3427, 49)...
2025-03-06 17:38:56,705 - INFO - UBERON:0003889: (3427, 30) x (5, 30)...
2025-03-06 17:38:56,858 - INFO - UBERON:0003889: 3427, (3432, 3432)...
2025-03-06 17:38:56,858 - INFO - UBERON:0003889: 3427, (3427, 5)...
2025-03-06 17:38:56,931 - INFO - UBERON:0004535: (3427, 30) x (4, 30)...
2025-03-06 17:38:57,086 - INFO - UBERON:0004535: 3427, (3431, 3431)...
2025-03-06 17:38:57,086 - INFO - UBERON:0004535: 3427, (3427, 4)...
2025-03-06 17:38:57,153 - INFO - UBERON:0004802: (3427, 30) x (53, 30)...
2025-03-06 17:38:57,309 - INFO - UBERON:0004802: 3427, (3480, 3480)...
2025-03-06 17:38:57,309 - INFO - UBERON:0004802: 3427, (3427, 53)...
2025-03-06 17:38:57,379 - INFO - UBERON:0005384: (3427, 30) x (57, 30)...
2025-03-06 17:38:57,539 - INFO - UBERON:0005384: 3427, (3484, 3484)...
2025-03-06 17:38:57,539 - INFO - UBERON:0005384: 3427, (3427, 57)...
2025-03-06 17:38:57,601 - INFO - UBERON:0012168: (3427, 30) x (628, 30)...
2025-03-06 17:38:57,822 - INFO - UBERON:0012168: 3427, (4055, 4055)...
2025-03-06 17:38:57,823 - INFO - UBERON:0012168: 3427, (3427, 628)...
2025-03-06 17:38:57,893 - INFO - UBERON:0035818: (3427, 30) x (33, 30)...
2025-03-06 17:38:58,047 - INFO - UBERON:0035818: 3427, (3460, 3460)...
2025-03-06 17:38:58,047 - INFO - UBERON:0035818: 3427, (3427, 33)...
