2025-03-07 08:50:42,306 - INFO - Loading Mv and meta from ./../data/GEO/preprocessed/training.dill
2025-03-07 08:50:55,650 - INFO - (10351, 297598), (10351, 10)
2025-03-07 08:51:43,053 - INFO - Processing Fold 0
2025-03-07 08:51:48,826 - INFO - CL:0000019: (3563, 10) x (239, 10)...
2025-03-07 08:51:49,067 - INFO - CL:0000019: 3563, (3802, 3802)...
2025-03-07 08:51:49,067 - INFO - CL:0000019: 3563, (3563, 239)...
2025-03-07 08:51:49,074 - INFO - CL:0000056: (3563, 10) x (56, 10)...
2025-03-07 08:51:49,275 - INFO - CL:0000056: 3563, (3619, 3619)...
2025-03-07 08:51:49,276 - INFO - CL:0000056: 3563, (3563, 56)...
2025-03-07 08:51:49,281 - INFO - CL:0000057: (3563, 10) x (90, 10)...
2025-03-07 08:51:49,474 - INFO - CL:0000057: 3563, (3653, 3653)...
2025-03-07 08:51:49,474 - INFO - CL:0000057: 3563, (3563, 90)...
2025-03-07 08:51:49,480 - INFO - CL:0000084: (3563, 10) x (287, 10)...
2025-03-07 08:51:49,679 - INFO - CL:0000084: 3563, (3850, 3850)...
2025-03-07 08:51:49,679 - INFO - CL:0000084: 3563, (3563, 287)...
2025-03-07 08:51:49,685 - INFO - CL:0000094: (3563, 10) x (5, 10)...
2025-03-07 08:51:49,841 - INFO - CL:0000094: 3563, (3568, 3568)...
2025-03-07 08:51:49,841 - INFO - CL:0000094: 3563, (3563, 5)...
2025-03-07 08:51:49,848 - INFO - CL:0000148: (3563, 10) x (106, 10)...
2025-03-07 08:51:50,039 - INFO - CL:0000148: 3563, (3669, 3669)...
2025-03-07 08:51:50,039 - INFO - CL:0000148: 3563, (3563, 106)...
2025-03-07 08:51:50,045 - INFO - CL:0000236: (3563, 10) x (196, 10)...
2025-03-07 08:51:50,246 - INFO - CL:0000236: 3563, (3759, 3759)...
2025-03-07 08:51:50,247 - INFO - CL:0000236: 3563, (3563, 196)...
2025-03-07 08:51:50,253 - INFO - CL:0000542: (3563, 10) x (24, 10)...
2025-03-07 08:51:50,437 - INFO - CL:0000542: 3563, (3587, 3587)...
2025-03-07 08:51:50,437 - INFO - CL:0000542: 3563, (3563, 24)...
2025-03-07 08:51:50,443 - INFO - CL:0000576: (3563, 10) x (168, 10)...
2025-03-07 08:51:50,634 - INFO - CL:0000576: 3563, (3731, 3731)...
2025-03-07 08:51:50,634 - INFO - CL:0000576: 3563, (3563, 168)...
2025-03-07 08:51:50,640 - INFO - CL:0000623: (3563, 10) x (123, 10)...
2025-03-07 08:51:50,825 - INFO - CL:0000623: 3563, (3686, 3686)...
2025-03-07 08:51:50,825 - INFO - CL:0000623: 3563, (3563, 123)...
2025-03-07 08:51:50,831 - INFO - CL:0000738: (3563, 10) x (850, 10)...
2025-03-07 08:51:51,103 - INFO - CL:0000738: 3563, (4413, 4413)...
2025-03-07 08:51:51,104 - INFO - CL:0000738: 3563, (3563, 850)...
2025-03-07 08:51:51,112 - INFO - CL:0000775: (3563, 10) x (60, 10)...
2025-03-07 08:51:51,296 - INFO - CL:0000775: 3563, (3623, 3623)...
2025-03-07 08:51:51,296 - INFO - CL:0000775: 3563, (3563, 60)...
2025-03-07 08:51:51,303 - INFO - CL:0000910;BTO:0000289: (3563, 10) x (178, 10)...
2025-03-07 08:51:51,498 - INFO - CL:0000910;BTO:0000289: 3563, (3741, 3741)...
2025-03-07 08:51:51,498 - INFO - CL:0000910;BTO:0000289: 3563, (3563, 178)...
2025-03-07 08:51:51,505 - INFO - CL:0002322;BTO:0001086: (3563, 10) x (41, 10)...
2025-03-07 08:51:51,671 - INFO - CL:0002322;BTO:0001086: 3563, (3604, 3604)...
2025-03-07 08:51:51,671 - INFO - CL:0002322;BTO:0001086: 3563, (3563, 41)...
2025-03-07 08:51:51,677 - INFO - CL:2000001: (3563, 10) x (282, 10)...
2025-03-07 08:51:51,890 - INFO - CL:2000001: 3563, (3845, 3845)...
2025-03-07 08:51:51,890 - INFO - CL:2000001: 3563, (3563, 282)...
2025-03-07 08:51:51,897 - INFO - UBERON:0000002: (3563, 10) x (9, 10)...
2025-03-07 08:51:52,060 - INFO - UBERON:0000002: 3563, (3572, 3572)...
2025-03-07 08:51:52,060 - INFO - UBERON:0000002: 3563, (3563, 9)...
2025-03-07 08:51:52,066 - INFO - UBERON:0000006: (3563, 10) x (63, 10)...
2025-03-07 08:51:52,244 - INFO - UBERON:0000006: 3563, (3626, 3626)...
2025-03-07 08:51:52,244 - INFO - UBERON:0000006: 3563, (3563, 63)...
2025-03-07 08:51:52,250 - INFO - UBERON:0000310: (3563, 10) x (207, 10)...
2025-03-07 08:51:52,439 - INFO - UBERON:0000310: 3563, (3770, 3770)...
2025-03-07 08:51:52,439 - INFO - UBERON:0000310: 3563, (3563, 207)...
2025-03-07 08:51:52,445 - INFO - UBERON:0000451: (3563, 10) x (458, 10)...
2025-03-07 08:51:52,674 - INFO - UBERON:0000451: 3563, (4021, 4021)...
2025-03-07 08:51:52,674 - INFO - UBERON:0000451: 3563, (3563, 458)...
2025-03-07 08:51:52,682 - INFO - UBERON:0000945: (3563, 10) x (88, 10)...
2025-03-07 08:51:52,874 - INFO - UBERON:0000945: 3563, (3651, 3651)...
2025-03-07 08:51:52,874 - INFO - UBERON:0000945: 3563, (3563, 88)...
2025-03-07 08:51:52,880 - INFO - UBERON:0000955: (3563, 10) x (28, 10)...
2025-03-07 08:51:53,068 - INFO - UBERON:0000955: 3563, (3591, 3591)...
2025-03-07 08:51:53,068 - INFO - UBERON:0000955: 3563, (3563, 28)...
2025-03-07 08:51:53,074 - INFO - UBERON:0000992: (3563, 10) x (15, 10)...
2025-03-07 08:51:53,248 - INFO - UBERON:0000992: 3563, (3578, 3578)...
2025-03-07 08:51:53,248 - INFO - UBERON:0000992: 3563, (3563, 15)...
2025-03-07 08:51:53,254 - INFO - UBERON:0001005: (3563, 10) x (8, 10)...
2025-03-07 08:51:53,436 - INFO - UBERON:0001005: 3563, (3571, 3571)...
2025-03-07 08:51:53,436 - INFO - UBERON:0001005: 3563, (3563, 8)...
2025-03-07 08:51:53,442 - INFO - UBERON:0001016: (3563, 10) x (34, 10)...
2025-03-07 08:51:53,626 - INFO - UBERON:0001016: 3563, (3597, 3597)...
2025-03-07 08:51:53,626 - INFO - UBERON:0001016: 3563, (3563, 34)...
2025-03-07 08:51:53,633 - INFO - UBERON:0001032: (3563, 10) x (4, 10)...
2025-03-07 08:51:53,814 - INFO - UBERON:0001032: 3563, (3567, 3567)...
2025-03-07 08:51:53,815 - INFO - UBERON:0001032: 3563, (3563, 4)...
2025-03-07 08:51:53,820 - INFO - UBERON:0001043: (3563, 10) x (31, 10)...
2025-03-07 08:51:53,995 - INFO - UBERON:0001043: 3563, (3594, 3594)...
2025-03-07 08:51:53,995 - INFO - UBERON:0001043: 3563, (3563, 31)...
2025-03-07 08:51:54,001 - INFO - UBERON:0001052: (3563, 10) x (15, 10)...
2025-03-07 08:51:54,174 - INFO - UBERON:0001052: 3563, (3578, 3578)...
2025-03-07 08:51:54,174 - INFO - UBERON:0001052: 3563, (3563, 15)...
2025-03-07 08:51:54,180 - INFO - UBERON:0001155: (3563, 10) x (213, 10)...
2025-03-07 08:51:54,371 - INFO - UBERON:0001155: 3563, (3776, 3776)...
2025-03-07 08:51:54,372 - INFO - UBERON:0001155: 3563, (3563, 213)...
2025-03-07 08:51:54,378 - INFO - UBERON:0001264: (3563, 10) x (68, 10)...
2025-03-07 08:51:54,558 - INFO - UBERON:0001264: 3563, (3631, 3631)...
2025-03-07 08:51:54,558 - INFO - UBERON:0001264: 3563, (3563, 68)...
2025-03-07 08:51:54,564 - INFO - UBERON:0001295: (3563, 10) x (17, 10)...
2025-03-07 08:51:54,731 - INFO - UBERON:0001295: 3563, (3580, 3580)...
2025-03-07 08:51:54,731 - INFO - UBERON:0001295: 3563, (3563, 17)...
2025-03-07 08:51:54,737 - INFO - UBERON:0001836: (3563, 10) x (209, 10)...
2025-03-07 08:51:54,917 - INFO - UBERON:0001836: 3563, (3772, 3772)...
2025-03-07 08:51:54,918 - INFO - UBERON:0001836: 3563, (3563, 209)...
2025-03-07 08:51:54,924 - INFO - UBERON:0001870: (3563, 10) x (75, 10)...
2025-03-07 08:51:55,102 - INFO - UBERON:0001870: 3563, (3638, 3638)...
2025-03-07 08:51:55,102 - INFO - UBERON:0001870: 3563, (3563, 75)...
2025-03-07 08:51:55,109 - INFO - UBERON:0001871: (3563, 10) x (372, 10)...
2025-03-07 08:51:55,330 - INFO - UBERON:0001871: 3563, (3935, 3935)...
2025-03-07 08:51:55,330 - INFO - UBERON:0001871: 3563, (3563, 372)...
2025-03-07 08:51:55,338 - INFO - UBERON:0001987: (3563, 10) x (693, 10)...
2025-03-07 08:51:55,559 - INFO - UBERON:0001987: 3563, (4256, 4256)...
2025-03-07 08:51:55,559 - INFO - UBERON:0001987: 3563, (3563, 693)...
2025-03-07 08:51:55,568 - INFO - UBERON:0002037: (3563, 10) x (28, 10)...
2025-03-07 08:51:55,753 - INFO - UBERON:0002037: 3563, (3591, 3591)...
2025-03-07 08:51:55,753 - INFO - UBERON:0002037: 3563, (3563, 28)...
2025-03-07 08:51:55,759 - INFO - UBERON:0002046: (3563, 10) x (85, 10)...
2025-03-07 08:51:55,940 - INFO - UBERON:0002046: 3563, (3648, 3648)...
2025-03-07 08:51:55,941 - INFO - UBERON:0002046: 3563, (3563, 85)...
2025-03-07 08:51:55,947 - INFO - UBERON:0002048: (3563, 10) x (48, 10)...
2025-03-07 08:51:56,124 - INFO - UBERON:0002048: 3563, (3611, 3611)...
2025-03-07 08:51:56,124 - INFO - UBERON:0002048: 3563, (3563, 48)...
2025-03-07 08:51:56,130 - INFO - UBERON:0002097: (3563, 10) x (24, 10)...
2025-03-07 08:51:56,315 - INFO - UBERON:0002097: 3563, (3587, 3587)...
2025-03-07 08:51:56,315 - INFO - UBERON:0002097: 3563, (3563, 24)...
2025-03-07 08:51:56,321 - INFO - UBERON:0002107: (3563, 10) x (145, 10)...
2025-03-07 08:51:56,495 - INFO - UBERON:0002107: 3563, (3708, 3708)...
2025-03-07 08:51:56,496 - INFO - UBERON:0002107: 3563, (3563, 145)...
2025-03-07 08:51:56,502 - INFO - UBERON:0002113: (3563, 10) x (77, 10)...
2025-03-07 08:51:56,662 - INFO - UBERON:0002113: 3563, (3640, 3640)...
2025-03-07 08:51:56,662 - INFO - UBERON:0002113: 3563, (3563, 77)...
2025-03-07 08:51:56,669 - INFO - UBERON:0002190: (3563, 10) x (24, 10)...
2025-03-07 08:51:56,855 - INFO - UBERON:0002190: 3563, (3587, 3587)...
2025-03-07 08:51:56,855 - INFO - UBERON:0002190: 3563, (3563, 24)...
2025-03-07 08:51:56,861 - INFO - UBERON:0002367: (3563, 10) x (19, 10)...
2025-03-07 08:51:57,036 - INFO - UBERON:0002367: 3563, (3582, 3582)...
2025-03-07 08:51:57,036 - INFO - UBERON:0002367: 3563, (3563, 19)...
2025-03-07 08:51:57,042 - INFO - UBERON:0002371: (3563, 10) x (45, 10)...
2025-03-07 08:51:57,199 - INFO - UBERON:0002371: 3563, (3608, 3608)...
2025-03-07 08:51:57,199 - INFO - UBERON:0002371: 3563, (3563, 45)...
2025-03-07 08:51:57,208 - INFO - UBERON:0002418: (3563, 10) x (43, 10)...
2025-03-07 08:51:57,383 - INFO - UBERON:0002418: 3563, (3606, 3606)...
2025-03-07 08:51:57,383 - INFO - UBERON:0002418: 3563, (3563, 43)...
2025-03-07 08:51:57,389 - INFO - UBERON:0002424: (3563, 10) x (43, 10)...
2025-03-07 08:51:57,565 - INFO - UBERON:0002424: 3563, (3606, 3606)...
2025-03-07 08:51:57,565 - INFO - UBERON:0002424: 3563, (3563, 43)...
2025-03-07 08:51:57,571 - INFO - UBERON:0002481: (3563, 10) x (13, 10)...
2025-03-07 08:51:57,726 - INFO - UBERON:0002481: 3563, (3576, 3576)...
2025-03-07 08:51:57,726 - INFO - UBERON:0002481: 3563, (3563, 13)...
2025-03-07 08:51:57,734 - INFO - UBERON:0002728: (3563, 10) x (27, 10)...
2025-03-07 08:51:57,909 - INFO - UBERON:0002728: 3563, (3590, 3590)...
2025-03-07 08:51:57,909 - INFO - UBERON:0002728: 3563, (3563, 27)...
2025-03-07 08:51:57,916 - INFO - UBERON:0003889: (3563, 10) x (13, 10)...
2025-03-07 08:51:58,071 - INFO - UBERON:0003889: 3563, (3576, 3576)...
2025-03-07 08:51:58,071 - INFO - UBERON:0003889: 3563, (3563, 13)...
2025-03-07 08:51:58,079 - INFO - UBERON:0004535: (3563, 10) x (10, 10)...
2025-03-07 08:51:58,261 - INFO - UBERON:0004535: 3563, (3573, 3573)...
2025-03-07 08:51:58,262 - INFO - UBERON:0004535: 3563, (3563, 10)...
2025-03-07 08:51:58,268 - INFO - UBERON:0004802: (3563, 10) x (82, 10)...
2025-03-07 08:51:58,455 - INFO - UBERON:0004802: 3563, (3645, 3645)...
2025-03-07 08:51:58,455 - INFO - UBERON:0004802: 3563, (3563, 82)...
2025-03-07 08:51:58,462 - INFO - UBERON:0005384: (3563, 10) x (64, 10)...
2025-03-07 08:51:58,642 - INFO - UBERON:0005384: 3563, (3627, 3627)...
2025-03-07 08:51:58,642 - INFO - UBERON:0005384: 3563, (3563, 64)...
2025-03-07 08:51:58,649 - INFO - UBERON:0012168: (3563, 10) x (632, 10)...
2025-03-07 08:51:58,903 - INFO - UBERON:0012168: 3563, (4195, 4195)...
2025-03-07 08:51:58,903 - INFO - UBERON:0012168: 3563, (3563, 632)...
2025-03-07 08:51:58,911 - INFO - UBERON:0035818: (3563, 10) x (48, 10)...
2025-03-07 08:51:59,088 - INFO - UBERON:0035818: 3563, (3611, 3611)...
2025-03-07 08:51:59,088 - INFO - UBERON:0035818: 3563, (3563, 48)...
2025-03-07 08:51:59,095 - INFO - UBERON:8450002: (3563, 10) x (6, 10)...
2025-03-07 08:51:59,280 - INFO - UBERON:8450002: 3563, (3569, 3569)...
2025-03-07 08:51:59,280 - INFO - UBERON:8450002: 3563, (3563, 6)...
2025-03-07 08:51:59,857 - INFO - Processing Fold 1
2025-03-07 08:52:05,550 - INFO - CL:0000019: (3361, 10) x (171, 10)...
2025-03-07 08:52:05,710 - INFO - CL:0000019: 3361, (3532, 3532)...
2025-03-07 08:52:05,710 - INFO - CL:0000019: 3361, (3361, 171)...
2025-03-07 08:52:05,719 - INFO - CL:0000056: (3361, 10) x (28, 10)...
2025-03-07 08:52:05,881 - INFO - CL:0000056: 3361, (3389, 3389)...
2025-03-07 08:52:05,881 - INFO - CL:0000056: 3361, (3361, 28)...
2025-03-07 08:52:05,888 - INFO - CL:0000057: (3361, 10) x (55, 10)...
2025-03-07 08:52:06,030 - INFO - CL:0000057: 3361, (3416, 3416)...
2025-03-07 08:52:06,030 - INFO - CL:0000057: 3361, (3361, 55)...
2025-03-07 08:52:06,039 - INFO - CL:0000084: (3361, 10) x (288, 10)...
2025-03-07 08:52:06,230 - INFO - CL:0000084: 3361, (3649, 3649)...
2025-03-07 08:52:06,230 - INFO - CL:0000084: 3361, (3361, 288)...
2025-03-07 08:52:06,239 - INFO - CL:0000094: (3361, 10) x (12, 10)...
2025-03-07 08:52:06,402 - INFO - CL:0000094: 3361, (3373, 3373)...
2025-03-07 08:52:06,402 - INFO - CL:0000094: 3361, (3361, 12)...
2025-03-07 08:52:06,409 - INFO - CL:0000148: (3361, 10) x (3, 10)...
2025-03-07 08:52:06,556 - INFO - CL:0000148: 3361, (3364, 3364)...
2025-03-07 08:52:06,556 - INFO - CL:0000148: 3361, (3361, 3)...
2025-03-07 08:52:06,565 - INFO - CL:0000236: (3361, 10) x (146, 10)...
2025-03-07 08:52:06,742 - INFO - CL:0000236: 3361, (3507, 3507)...
2025-03-07 08:52:06,742 - INFO - CL:0000236: 3361, (3361, 146)...
2025-03-07 08:52:06,750 - INFO - CL:0000542: (3361, 10) x (11, 10)...
2025-03-07 08:52:06,896 - INFO - CL:0000542: 3361, (3372, 3372)...
2025-03-07 08:52:06,896 - INFO - CL:0000542: 3361, (3361, 11)...
2025-03-07 08:52:06,905 - INFO - CL:0000576: (3361, 10) x (163, 10)...
2025-03-07 08:52:07,065 - INFO - CL:0000576: 3361, (3524, 3524)...
2025-03-07 08:52:07,065 - INFO - CL:0000576: 3361, (3361, 163)...
2025-03-07 08:52:07,074 - INFO - CL:0000623: (3361, 10) x (122, 10)...
2025-03-07 08:52:07,249 - INFO - CL:0000623: 3361, (3483, 3483)...
2025-03-07 08:52:07,249 - INFO - CL:0000623: 3361, (3361, 122)...
2025-03-07 08:52:07,257 - INFO - CL:0000738: (3361, 10) x (842, 10)...
2025-03-07 08:52:07,511 - INFO - CL:0000738: 3361, (4203, 4203)...
2025-03-07 08:52:07,511 - INFO - CL:0000738: 3361, (3361, 842)...
2025-03-07 08:52:07,522 - INFO - CL:0000775: (3361, 10) x (56, 10)...
2025-03-07 08:52:07,690 - INFO - CL:0000775: 3361, (3417, 3417)...
2025-03-07 08:52:07,690 - INFO - CL:0000775: 3361, (3361, 56)...
2025-03-07 08:52:07,698 - INFO - CL:0000910;BTO:0000289: (3361, 10) x (156, 10)...
2025-03-07 08:52:07,879 - INFO - CL:0000910;BTO:0000289: 3361, (3517, 3517)...
2025-03-07 08:52:07,879 - INFO - CL:0000910;BTO:0000289: 3361, (3361, 156)...
2025-03-07 08:52:07,887 - INFO - CL:0002322;BTO:0001086: (3361, 10) x (45, 10)...
2025-03-07 08:52:08,045 - INFO - CL:0002322;BTO:0001086: 3361, (3406, 3406)...
2025-03-07 08:52:08,045 - INFO - CL:0002322;BTO:0001086: 3361, (3361, 45)...
2025-03-07 08:52:08,054 - INFO - CL:2000001: (3361, 10) x (276, 10)...
2025-03-07 08:52:08,242 - INFO - CL:2000001: 3361, (3637, 3637)...
2025-03-07 08:52:08,242 - INFO - CL:2000001: 3361, (3361, 276)...
2025-03-07 08:52:08,251 - INFO - UBERON:0000002: (3361, 10) x (37, 10)...
2025-03-07 08:52:08,404 - INFO - UBERON:0000002: 3361, (3398, 3398)...
2025-03-07 08:52:08,405 - INFO - UBERON:0000002: 3361, (3361, 37)...
2025-03-07 08:52:08,412 - INFO - UBERON:0000006: (3361, 10) x (68, 10)...
2025-03-07 08:52:08,582 - INFO - UBERON:0000006: 3361, (3429, 3429)...
2025-03-07 08:52:08,582 - INFO - UBERON:0000006: 3361, (3361, 68)...
2025-03-07 08:52:08,590 - INFO - UBERON:0000310: (3361, 10) x (228, 10)...
2025-03-07 08:52:08,774 - INFO - UBERON:0000310: 3361, (3589, 3589)...
2025-03-07 08:52:08,774 - INFO - UBERON:0000310: 3361, (3361, 228)...
2025-03-07 08:52:08,783 - INFO - UBERON:0000451: (3361, 10) x (502, 10)...
2025-03-07 08:52:08,987 - INFO - UBERON:0000451: 3361, (3863, 3863)...
2025-03-07 08:52:08,988 - INFO - UBERON:0000451: 3361, (3361, 502)...
2025-03-07 08:52:08,997 - INFO - UBERON:0000945: (3361, 10) x (56, 10)...
2025-03-07 08:52:09,165 - INFO - UBERON:0000945: 3361, (3417, 3417)...
2025-03-07 08:52:09,165 - INFO - UBERON:0000945: 3361, (3361, 56)...
2025-03-07 08:52:09,173 - INFO - UBERON:0000955: (3361, 10) x (30, 10)...
2025-03-07 08:52:09,341 - INFO - UBERON:0000955: 3361, (3391, 3391)...
2025-03-07 08:52:09,341 - INFO - UBERON:0000955: 3361, (3361, 30)...
2025-03-07 08:52:09,348 - INFO - UBERON:0000992: (3361, 10) x (10, 10)...
2025-03-07 08:52:09,505 - INFO - UBERON:0000992: 3361, (3371, 3371)...
2025-03-07 08:52:09,505 - INFO - UBERON:0000992: 3361, (3361, 10)...
2025-03-07 08:52:09,514 - INFO - UBERON:0001005: (3361, 10) x (16, 10)...
2025-03-07 08:52:09,678 - INFO - UBERON:0001005: 3361, (3377, 3377)...
2025-03-07 08:52:09,679 - INFO - UBERON:0001005: 3361, (3361, 16)...
2025-03-07 08:52:09,687 - INFO - UBERON:0001016: (3361, 10) x (13, 10)...
2025-03-07 08:52:09,842 - INFO - UBERON:0001016: 3361, (3374, 3374)...
2025-03-07 08:52:09,842 - INFO - UBERON:0001016: 3361, (3361, 13)...
2025-03-07 08:52:09,851 - INFO - UBERON:0001032: (3361, 10) x (4, 10)...
2025-03-07 08:52:10,003 - INFO - UBERON:0001032: 3361, (3365, 3365)...
2025-03-07 08:52:10,004 - INFO - UBERON:0001032: 3361, (3361, 4)...
2025-03-07 08:52:10,012 - INFO - UBERON:0001043: (3361, 10) x (18, 10)...
2025-03-07 08:52:10,174 - INFO - UBERON:0001043: 3361, (3379, 3379)...
2025-03-07 08:52:10,174 - INFO - UBERON:0001043: 3361, (3361, 18)...
2025-03-07 08:52:10,182 - INFO - UBERON:0001052: (3361, 10) x (6, 10)...
2025-03-07 08:52:10,347 - INFO - UBERON:0001052: 3361, (3367, 3367)...
2025-03-07 08:52:10,347 - INFO - UBERON:0001052: 3361, (3361, 6)...
2025-03-07 08:52:10,354 - INFO - UBERON:0001155: (3361, 10) x (197, 10)...
2025-03-07 08:52:10,525 - INFO - UBERON:0001155: 3361, (3558, 3558)...
2025-03-07 08:52:10,525 - INFO - UBERON:0001155: 3361, (3361, 197)...
2025-03-07 08:52:10,533 - INFO - UBERON:0001264: (3361, 10) x (68, 10)...
2025-03-07 08:52:10,703 - INFO - UBERON:0001264: 3361, (3429, 3429)...
2025-03-07 08:52:10,703 - INFO - UBERON:0001264: 3361, (3361, 68)...
2025-03-07 08:52:10,711 - INFO - UBERON:0001295: (3361, 10) x (31, 10)...
2025-03-07 08:52:10,869 - INFO - UBERON:0001295: 3361, (3392, 3392)...
2025-03-07 08:52:10,869 - INFO - UBERON:0001295: 3361, (3361, 31)...
2025-03-07 08:52:10,878 - INFO - UBERON:0001836: (3361, 10) x (295, 10)...
2025-03-07 08:52:11,040 - INFO - UBERON:0001836: 3361, (3656, 3656)...
2025-03-07 08:52:11,040 - INFO - UBERON:0001836: 3361, (3361, 295)...
2025-03-07 08:52:11,050 - INFO - UBERON:0001870: (3361, 10) x (75, 10)...
2025-03-07 08:52:11,201 - INFO - UBERON:0001870: 3361, (3436, 3436)...
2025-03-07 08:52:11,201 - INFO - UBERON:0001870: 3361, (3361, 75)...
2025-03-07 08:52:11,211 - INFO - UBERON:0001871: (3361, 10) x (62, 10)...
2025-03-07 08:52:11,380 - INFO - UBERON:0001871: 3361, (3423, 3423)...
2025-03-07 08:52:11,381 - INFO - UBERON:0001871: 3361, (3361, 62)...
2025-03-07 08:52:11,389 - INFO - UBERON:0001987: (3361, 10) x (699, 10)...
2025-03-07 08:52:11,595 - INFO - UBERON:0001987: 3361, (4060, 4060)...
2025-03-07 08:52:11,595 - INFO - UBERON:0001987: 3361, (3361, 699)...
2025-03-07 08:52:11,606 - INFO - UBERON:0002037: (3361, 10) x (71, 10)...
2025-03-07 08:52:11,748 - INFO - UBERON:0002037: 3361, (3432, 3432)...
2025-03-07 08:52:11,748 - INFO - UBERON:0002037: 3361, (3361, 71)...
2025-03-07 08:52:11,758 - INFO - UBERON:0002046: (3361, 10) x (44, 10)...
2025-03-07 08:52:11,926 - INFO - UBERON:0002046: 3361, (3405, 3405)...
2025-03-07 08:52:11,926 - INFO - UBERON:0002046: 3361, (3361, 44)...
2025-03-07 08:52:11,933 - INFO - UBERON:0002048: (3361, 10) x (54, 10)...
2025-03-07 08:52:12,101 - INFO - UBERON:0002048: 3361, (3415, 3415)...
2025-03-07 08:52:12,101 - INFO - UBERON:0002048: 3361, (3361, 54)...
2025-03-07 08:52:12,109 - INFO - UBERON:0002097: (3361, 10) x (6, 10)...
2025-03-07 08:52:12,274 - INFO - UBERON:0002097: 3361, (3367, 3367)...
2025-03-07 08:52:12,275 - INFO - UBERON:0002097: 3361, (3361, 6)...
2025-03-07 08:52:12,282 - INFO - UBERON:0002107: (3361, 10) x (142, 10)...
2025-03-07 08:52:12,456 - INFO - UBERON:0002107: 3361, (3503, 3503)...
2025-03-07 08:52:12,456 - INFO - UBERON:0002107: 3361, (3361, 142)...
2025-03-07 08:52:12,464 - INFO - UBERON:0002113: (3361, 10) x (70, 10)...
2025-03-07 08:52:12,626 - INFO - UBERON:0002113: 3361, (3431, 3431)...
2025-03-07 08:52:12,626 - INFO - UBERON:0002113: 3361, (3361, 70)...
2025-03-07 08:52:12,635 - INFO - UBERON:0002190: (3361, 10) x (41, 10)...
2025-03-07 08:52:12,793 - INFO - UBERON:0002190: 3361, (3402, 3402)...
2025-03-07 08:52:12,793 - INFO - UBERON:0002190: 3361, (3361, 41)...
2025-03-07 08:52:12,802 - INFO - UBERON:0002331: (3361, 10) x (1021, 10)...
2025-03-07 08:52:13,062 - INFO - UBERON:0002331: 3361, (4382, 4382)...
2025-03-07 08:52:13,062 - INFO - UBERON:0002331: 3361, (3361, 1021)...
2025-03-07 08:52:13,073 - INFO - UBERON:0002367: (3361, 10) x (15, 10)...
2025-03-07 08:52:13,212 - INFO - UBERON:0002367: 3361, (3376, 3376)...
2025-03-07 08:52:13,212 - INFO - UBERON:0002367: 3361, (3361, 15)...
2025-03-07 08:52:13,223 - INFO - UBERON:0002371: (3361, 10) x (53, 10)...
2025-03-07 08:52:13,378 - INFO - UBERON:0002371: 3361, (3414, 3414)...
2025-03-07 08:52:13,378 - INFO - UBERON:0002371: 3361, (3361, 53)...
2025-03-07 08:52:13,388 - INFO - UBERON:0002418: (3361, 10) x (19, 10)...
2025-03-07 08:52:13,534 - INFO - UBERON:0002418: 3361, (3380, 3380)...
2025-03-07 08:52:13,534 - INFO - UBERON:0002418: 3361, (3361, 19)...
2025-03-07 08:52:13,543 - INFO - UBERON:0002424: (3361, 10) x (135, 10)...
2025-03-07 08:52:13,692 - INFO - UBERON:0002424: 3361, (3496, 3496)...
2025-03-07 08:52:13,692 - INFO - UBERON:0002424: 3361, (3361, 135)...
2025-03-07 08:52:13,702 - INFO - UBERON:0002481: (3361, 10) x (9, 10)...
2025-03-07 08:52:13,858 - INFO - UBERON:0002481: 3361, (3370, 3370)...
2025-03-07 08:52:13,859 - INFO - UBERON:0002481: 3361, (3361, 9)...
2025-03-07 08:52:13,867 - INFO - UBERON:0002728: (3361, 10) x (76, 10)...
2025-03-07 08:52:14,036 - INFO - UBERON:0002728: 3361, (3437, 3437)...
2025-03-07 08:52:14,036 - INFO - UBERON:0002728: 3361, (3361, 76)...
2025-03-07 08:52:14,044 - INFO - UBERON:0003889: (3361, 10) x (8, 10)...
2025-03-07 08:52:14,208 - INFO - UBERON:0003889: 3361, (3369, 3369)...
2025-03-07 08:52:14,208 - INFO - UBERON:0003889: 3361, (3361, 8)...
2025-03-07 08:52:14,216 - INFO - UBERON:0004535: (3361, 10) x (6, 10)...
2025-03-07 08:52:14,381 - INFO - UBERON:0004535: 3361, (3367, 3367)...
2025-03-07 08:52:14,381 - INFO - UBERON:0004535: 3361, (3361, 6)...
2025-03-07 08:52:14,390 - INFO - UBERON:0004802: (3361, 10) x (53, 10)...
2025-03-07 08:52:14,543 - INFO - UBERON:0004802: 3361, (3414, 3414)...
2025-03-07 08:52:14,543 - INFO - UBERON:0004802: 3361, (3361, 53)...
2025-03-07 08:52:14,552 - INFO - UBERON:0005384: (3361, 10) x (63, 10)...
2025-03-07 08:52:14,697 - INFO - UBERON:0005384: 3361, (3424, 3424)...
2025-03-07 08:52:14,697 - INFO - UBERON:0005384: 3361, (3361, 63)...
2025-03-07 08:52:14,708 - INFO - UBERON:0012168: (3361, 10) x (276, 10)...
2025-03-07 08:52:14,897 - INFO - UBERON:0012168: 3361, (3637, 3637)...
2025-03-07 08:52:14,897 - INFO - UBERON:0012168: 3361, (3361, 276)...
2025-03-07 08:52:14,906 - INFO - UBERON:0035818: (3361, 10) x (33, 10)...
2025-03-07 08:52:15,065 - INFO - UBERON:0035818: 3361, (3394, 3394)...
2025-03-07 08:52:15,065 - INFO - UBERON:0035818: 3361, (3361, 33)...
2025-03-07 08:52:15,074 - INFO - UBERON:8450002: (3361, 10) x (6, 10)...
2025-03-07 08:52:15,240 - INFO - UBERON:8450002: 3361, (3367, 3367)...
2025-03-07 08:52:15,240 - INFO - UBERON:8450002: 3361, (3361, 6)...
2025-03-07 08:52:16,138 - INFO - Processing Fold 2
2025-03-07 08:52:21,632 - INFO - CL:0000019: (3427, 10) x (242, 10)...
2025-03-07 08:52:21,807 - INFO - CL:0000019: 3427, (3669, 3669)...
2025-03-07 08:52:21,807 - INFO - CL:0000019: 3427, (3427, 242)...
2025-03-07 08:52:21,816 - INFO - CL:0000056: (3427, 10) x (28, 10)...
2025-03-07 08:52:21,949 - INFO - CL:0000056: 3427, (3455, 3455)...
2025-03-07 08:52:21,949 - INFO - CL:0000056: 3427, (3427, 28)...
2025-03-07 08:52:21,958 - INFO - CL:0000057: (3427, 10) x (89, 10)...
2025-03-07 08:52:22,100 - INFO - CL:0000057: 3427, (3516, 3516)...
2025-03-07 08:52:22,100 - INFO - CL:0000057: 3427, (3427, 89)...
2025-03-07 08:52:22,109 - INFO - CL:0000084: (3427, 10) x (285, 10)...
2025-03-07 08:52:22,278 - INFO - CL:0000084: 3427, (3712, 3712)...
2025-03-07 08:52:22,278 - INFO - CL:0000084: 3427, (3427, 285)...
2025-03-07 08:52:22,287 - INFO - CL:0000094: (3427, 10) x (17, 10)...
2025-03-07 08:52:22,422 - INFO - CL:0000094: 3427, (3444, 3444)...
2025-03-07 08:52:22,422 - INFO - CL:0000094: 3427, (3427, 17)...
2025-03-07 08:52:22,431 - INFO - CL:0000148: (3427, 10) x (109, 10)...
2025-03-07 08:52:22,572 - INFO - CL:0000148: 3427, (3536, 3536)...
2025-03-07 08:52:22,572 - INFO - CL:0000148: 3427, (3427, 109)...
2025-03-07 08:52:22,581 - INFO - CL:0000236: (3427, 10) x (90, 10)...
2025-03-07 08:52:22,739 - INFO - CL:0000236: 3427, (3517, 3517)...
2025-03-07 08:52:22,739 - INFO - CL:0000236: 3427, (3427, 90)...
2025-03-07 08:52:22,748 - INFO - CL:0000542: (3427, 10) x (19, 10)...
2025-03-07 08:52:22,879 - INFO - CL:0000542: 3427, (3446, 3446)...
2025-03-07 08:52:22,879 - INFO - CL:0000542: 3427, (3427, 19)...
2025-03-07 08:52:22,888 - INFO - CL:0000576: (3427, 10) x (91, 10)...
2025-03-07 08:52:23,039 - INFO - CL:0000576: 3427, (3518, 3518)...
2025-03-07 08:52:23,039 - INFO - CL:0000576: 3427, (3427, 91)...
2025-03-07 08:52:23,047 - INFO - CL:0000623: (3427, 10) x (15, 10)...
2025-03-07 08:52:23,177 - INFO - CL:0000623: 3427, (3442, 3442)...
2025-03-07 08:52:23,177 - INFO - CL:0000623: 3427, (3427, 15)...
2025-03-07 08:52:23,186 - INFO - CL:0000738: (3427, 10) x (844, 10)...
2025-03-07 08:52:23,416 - INFO - CL:0000738: 3427, (4271, 4271)...
2025-03-07 08:52:23,416 - INFO - CL:0000738: 3427, (3427, 844)...
2025-03-07 08:52:23,427 - INFO - CL:0000775: (3427, 10) x (20, 10)...
2025-03-07 08:52:23,558 - INFO - CL:0000775: 3427, (3447, 3447)...
2025-03-07 08:52:23,558 - INFO - CL:0000775: 3427, (3427, 20)...
2025-03-07 08:52:23,567 - INFO - CL:0000910;BTO:0000289: (3427, 10) x (100, 10)...
2025-03-07 08:52:23,723 - INFO - CL:0000910;BTO:0000289: 3427, (3527, 3527)...
2025-03-07 08:52:23,723 - INFO - CL:0000910;BTO:0000289: 3427, (3427, 100)...
2025-03-07 08:52:23,731 - INFO - CL:0002322;BTO:0001086: (3427, 10) x (14, 10)...
2025-03-07 08:52:23,862 - INFO - CL:0002322;BTO:0001086: 3427, (3441, 3441)...
2025-03-07 08:52:23,862 - INFO - CL:0002322;BTO:0001086: 3427, (3427, 14)...
2025-03-07 08:52:23,871 - INFO - CL:2000001: (3427, 10) x (276, 10)...
2025-03-07 08:52:24,045 - INFO - CL:2000001: 3427, (3703, 3703)...
2025-03-07 08:52:24,045 - INFO - CL:2000001: 3427, (3427, 276)...
2025-03-07 08:52:24,054 - INFO - UBERON:0000002: (3427, 10) x (28, 10)...
2025-03-07 08:52:24,186 - INFO - UBERON:0000002: 3427, (3455, 3455)...
2025-03-07 08:52:24,187 - INFO - UBERON:0000002: 3427, (3427, 28)...
2025-03-07 08:52:24,196 - INFO - UBERON:0000006: (3427, 10) x (5, 10)...
2025-03-07 08:52:24,321 - INFO - UBERON:0000006: 3427, (3432, 3432)...
2025-03-07 08:52:24,322 - INFO - UBERON:0000006: 3427, (3427, 5)...
2025-03-07 08:52:24,330 - INFO - UBERON:0000310: (3427, 10) x (193, 10)...
2025-03-07 08:52:24,479 - INFO - UBERON:0000310: 3427, (3620, 3620)...
2025-03-07 08:52:24,479 - INFO - UBERON:0000310: 3427, (3427, 193)...
2025-03-07 08:52:24,487 - INFO - UBERON:0000451: (3427, 10) x (60, 10)...
2025-03-07 08:52:24,641 - INFO - UBERON:0000451: 3427, (3487, 3487)...
2025-03-07 08:52:24,641 - INFO - UBERON:0000451: 3427, (3427, 60)...
2025-03-07 08:52:24,650 - INFO - UBERON:0000945: (3427, 10) x (60, 10)...
2025-03-07 08:52:24,783 - INFO - UBERON:0000945: 3427, (3487, 3487)...
2025-03-07 08:52:24,783 - INFO - UBERON:0000945: 3427, (3427, 60)...
2025-03-07 08:52:24,792 - INFO - UBERON:0000955: (3427, 10) x (36, 10)...
2025-03-07 08:52:24,947 - INFO - UBERON:0000955: 3427, (3463, 3463)...
2025-03-07 08:52:24,947 - INFO - UBERON:0000955: 3427, (3427, 36)...
2025-03-07 08:52:24,955 - INFO - UBERON:0000992: (3427, 10) x (5, 10)...
2025-03-07 08:52:25,087 - INFO - UBERON:0000992: 3427, (3432, 3432)...
2025-03-07 08:52:25,087 - INFO - UBERON:0000992: 3427, (3427, 5)...
2025-03-07 08:52:25,097 - INFO - UBERON:0001005: (3427, 10) x (8, 10)...
2025-03-07 08:52:25,250 - INFO - UBERON:0001005: 3427, (3435, 3435)...
2025-03-07 08:52:25,250 - INFO - UBERON:0001005: 3427, (3427, 8)...
2025-03-07 08:52:25,258 - INFO - UBERON:0001016: (3427, 10) x (37, 10)...
2025-03-07 08:52:25,393 - INFO - UBERON:0001016: 3427, (3464, 3464)...
2025-03-07 08:52:25,393 - INFO - UBERON:0001016: 3427, (3427, 37)...
2025-03-07 08:52:25,402 - INFO - UBERON:0001043: (3427, 10) x (17, 10)...
2025-03-07 08:52:25,537 - INFO - UBERON:0001043: 3427, (3444, 3444)...
2025-03-07 08:52:25,537 - INFO - UBERON:0001043: 3427, (3427, 17)...
2025-03-07 08:52:25,546 - INFO - UBERON:0001052: (3427, 10) x (9, 10)...
2025-03-07 08:52:25,679 - INFO - UBERON:0001052: 3427, (3436, 3436)...
2025-03-07 08:52:25,679 - INFO - UBERON:0001052: 3427, (3427, 9)...
2025-03-07 08:52:25,688 - INFO - UBERON:0001155: (3427, 10) x (272, 10)...
2025-03-07 08:52:25,863 - INFO - UBERON:0001155: 3427, (3699, 3699)...
2025-03-07 08:52:25,863 - INFO - UBERON:0001155: 3427, (3427, 272)...
2025-03-07 08:52:25,871 - INFO - UBERON:0001264: (3427, 10) x (68, 10)...
2025-03-07 08:52:26,006 - INFO - UBERON:0001264: 3427, (3495, 3495)...
2025-03-07 08:52:26,006 - INFO - UBERON:0001264: 3427, (3427, 68)...
2025-03-07 08:52:26,016 - INFO - UBERON:0001295: (3427, 10) x (48, 10)...
2025-03-07 08:52:26,170 - INFO - UBERON:0001295: 3427, (3475, 3475)...
2025-03-07 08:52:26,170 - INFO - UBERON:0001295: 3427, (3427, 48)...
2025-03-07 08:52:26,179 - INFO - UBERON:0001836: (3427, 10) x (296, 10)...
2025-03-07 08:52:26,339 - INFO - UBERON:0001836: 3427, (3723, 3723)...
2025-03-07 08:52:26,339 - INFO - UBERON:0001836: 3427, (3427, 296)...
2025-03-07 08:52:26,348 - INFO - UBERON:0001871: (3427, 10) x (406, 10)...
2025-03-07 08:52:26,507 - INFO - UBERON:0001871: 3427, (3833, 3833)...
2025-03-07 08:52:26,507 - INFO - UBERON:0001871: 3427, (3427, 406)...
2025-03-07 08:52:26,516 - INFO - UBERON:0001987: (3427, 10) x (692, 10)...
2025-03-07 08:52:26,733 - INFO - UBERON:0001987: 3427, (4119, 4119)...
2025-03-07 08:52:26,733 - INFO - UBERON:0001987: 3427, (3427, 692)...
2025-03-07 08:52:26,744 - INFO - UBERON:0002037: (3427, 10) x (43, 10)...
2025-03-07 08:52:26,878 - INFO - UBERON:0002037: 3427, (3470, 3470)...
2025-03-07 08:52:26,878 - INFO - UBERON:0002037: 3427, (3427, 43)...
2025-03-07 08:52:26,887 - INFO - UBERON:0002046: (3427, 10) x (41, 10)...
2025-03-07 08:52:27,025 - INFO - UBERON:0002046: 3427, (3468, 3468)...
2025-03-07 08:52:27,025 - INFO - UBERON:0002046: 3427, (3427, 41)...
2025-03-07 08:52:27,033 - INFO - UBERON:0002048: (3427, 10) x (34, 10)...
2025-03-07 08:52:27,165 - INFO - UBERON:0002048: 3427, (3461, 3461)...
2025-03-07 08:52:27,165 - INFO - UBERON:0002048: 3427, (3427, 34)...
2025-03-07 08:52:27,174 - INFO - UBERON:0002097: (3427, 10) x (18, 10)...
2025-03-07 08:52:27,324 - INFO - UBERON:0002097: 3427, (3445, 3445)...
2025-03-07 08:52:27,324 - INFO - UBERON:0002097: 3427, (3427, 18)...
2025-03-07 08:52:27,331 - INFO - UBERON:0002107: (3427, 10) x (145, 10)...
2025-03-07 08:52:27,477 - INFO - UBERON:0002107: 3427, (3572, 3572)...
2025-03-07 08:52:27,477 - INFO - UBERON:0002107: 3427, (3427, 145)...
2025-03-07 08:52:27,485 - INFO - UBERON:0002113: (3427, 10) x (55, 10)...
2025-03-07 08:52:27,627 - INFO - UBERON:0002113: 3427, (3482, 3482)...
2025-03-07 08:52:27,627 - INFO - UBERON:0002113: 3427, (3427, 55)...
2025-03-07 08:52:27,636 - INFO - UBERON:0002190: (3427, 10) x (17, 10)...
2025-03-07 08:52:27,769 - INFO - UBERON:0002190: 3427, (3444, 3444)...
2025-03-07 08:52:27,769 - INFO - UBERON:0002190: 3427, (3427, 17)...
2025-03-07 08:52:27,778 - INFO - UBERON:0002331: (3427, 10) x (1021, 10)...
2025-03-07 08:52:27,997 - INFO - UBERON:0002331: 3427, (4448, 4448)...
2025-03-07 08:52:27,997 - INFO - UBERON:0002331: 3427, (3427, 1021)...
2025-03-07 08:52:28,009 - INFO - UBERON:0002367: (3427, 10) x (16, 10)...
2025-03-07 08:52:28,139 - INFO - UBERON:0002367: 3427, (3443, 3443)...
2025-03-07 08:52:28,139 - INFO - UBERON:0002367: 3427, (3427, 16)...
2025-03-07 08:52:28,148 - INFO - UBERON:0002371: (3427, 10) x (50, 10)...
2025-03-07 08:52:28,304 - INFO - UBERON:0002371: 3427, (3477, 3477)...
2025-03-07 08:52:28,304 - INFO - UBERON:0002371: 3427, (3427, 50)...
2025-03-07 08:52:28,312 - INFO - UBERON:0002418: (3427, 10) x (38, 10)...
2025-03-07 08:52:28,444 - INFO - UBERON:0002418: 3427, (3465, 3465)...
2025-03-07 08:52:28,444 - INFO - UBERON:0002418: 3427, (3427, 38)...
2025-03-07 08:52:28,455 - INFO - UBERON:0002424: (3427, 10) x (134, 10)...
2025-03-07 08:52:28,617 - INFO - UBERON:0002424: 3427, (3561, 3561)...
2025-03-07 08:52:28,617 - INFO - UBERON:0002424: 3427, (3427, 134)...
2025-03-07 08:52:28,626 - INFO - UBERON:0002481: (3427, 10) x (4, 10)...
2025-03-07 08:52:28,754 - INFO - UBERON:0002481: 3427, (3431, 3431)...
2025-03-07 08:52:28,755 - INFO - UBERON:0002481: 3427, (3427, 4)...
2025-03-07 08:52:28,763 - INFO - UBERON:0002728: (3427, 10) x (49, 10)...
2025-03-07 08:52:28,902 - INFO - UBERON:0002728: 3427, (3476, 3476)...
2025-03-07 08:52:28,902 - INFO - UBERON:0002728: 3427, (3427, 49)...
2025-03-07 08:52:28,911 - INFO - UBERON:0003889: (3427, 10) x (5, 10)...
2025-03-07 08:52:29,044 - INFO - UBERON:0003889: 3427, (3432, 3432)...
2025-03-07 08:52:29,044 - INFO - UBERON:0003889: 3427, (3427, 5)...
2025-03-07 08:52:29,053 - INFO - UBERON:0004535: (3427, 10) x (4, 10)...
2025-03-07 08:52:29,197 - INFO - UBERON:0004535: 3427, (3431, 3431)...
2025-03-07 08:52:29,197 - INFO - UBERON:0004535: 3427, (3427, 4)...
2025-03-07 08:52:29,206 - INFO - UBERON:0004802: (3427, 10) x (53, 10)...
2025-03-07 08:52:29,342 - INFO - UBERON:0004802: 3427, (3480, 3480)...
2025-03-07 08:52:29,342 - INFO - UBERON:0004802: 3427, (3427, 53)...
2025-03-07 08:52:29,352 - INFO - UBERON:0005384: (3427, 10) x (57, 10)...
2025-03-07 08:52:29,490 - INFO - UBERON:0005384: 3427, (3484, 3484)...
2025-03-07 08:52:29,491 - INFO - UBERON:0005384: 3427, (3427, 57)...
2025-03-07 08:52:29,501 - INFO - UBERON:0012168: (3427, 10) x (628, 10)...
2025-03-07 08:52:29,687 - INFO - UBERON:0012168: 3427, (4055, 4055)...
2025-03-07 08:52:29,687 - INFO - UBERON:0012168: 3427, (3427, 628)...
2025-03-07 08:52:29,698 - INFO - UBERON:0035818: (3427, 10) x (33, 10)...
2025-03-07 08:52:29,833 - INFO - UBERON:0035818: 3427, (3460, 3460)...
2025-03-07 08:52:29,833 - INFO - UBERON:0035818: 3427, (3427, 33)...
