2025-03-07 11:15:41,332 - INFO - Loading Mv and meta from ./../data/GEO/preprocessed/training.dill
2025-03-07 11:15:53,782 - INFO - (10351, 297598), (10351, 10)
2025-03-07 11:16:27,135 - INFO - Processing Fold 0
2025-03-07 11:16:32,856 - INFO - CL:0000019: (3563, 100) x (239, 100)...
2025-03-07 11:16:33,076 - INFO - CL:0000019: 3563, (3802, 3802)...
2025-03-07 11:16:33,076 - INFO - CL:0000019: 3563, (3563, 239)...
2025-03-07 11:16:33,102 - INFO - CL:0000056: (3563, 100) x (56, 100)...
2025-03-07 11:16:33,285 - INFO - CL:0000056: 3563, (3619, 3619)...
2025-03-07 11:16:33,285 - INFO - CL:0000056: 3563, (3563, 56)...
2025-03-07 11:16:33,308 - INFO - CL:0000057: (3563, 100) x (90, 100)...
2025-03-07 11:16:33,492 - INFO - CL:0000057: 3563, (3653, 3653)...
2025-03-07 11:16:33,492 - INFO - CL:0000057: 3563, (3563, 90)...
2025-03-07 11:16:33,514 - INFO - CL:0000084: (3563, 100) x (287, 100)...
2025-03-07 11:16:33,705 - INFO - CL:0000084: 3563, (3850, 3850)...
2025-03-07 11:16:33,705 - INFO - CL:0000084: 3563, (3563, 287)...
2025-03-07 11:16:33,718 - INFO - CL:0000094: (3563, 44) x (5, 44)...
2025-03-07 11:16:33,882 - INFO - CL:0000094: 3563, (3568, 3568)...
2025-03-07 11:16:33,882 - INFO - CL:0000094: 3563, (3563, 5)...
2025-03-07 11:16:33,903 - INFO - CL:0000148: (3563, 100) x (106, 100)...
2025-03-07 11:16:34,087 - INFO - CL:0000148: 3563, (3669, 3669)...
2025-03-07 11:16:34,087 - INFO - CL:0000148: 3563, (3563, 106)...
2025-03-07 11:16:34,109 - INFO - CL:0000236: (3563, 100) x (196, 100)...
2025-03-07 11:16:34,298 - INFO - CL:0000236: 3563, (3759, 3759)...
2025-03-07 11:16:34,299 - INFO - CL:0000236: 3563, (3563, 196)...
2025-03-07 11:16:34,321 - INFO - CL:0000542: (3563, 100) x (24, 100)...
2025-03-07 11:16:34,500 - INFO - CL:0000542: 3563, (3587, 3587)...
2025-03-07 11:16:34,500 - INFO - CL:0000542: 3563, (3563, 24)...
2025-03-07 11:16:34,521 - INFO - CL:0000576: (3563, 100) x (168, 100)...
2025-03-07 11:16:34,707 - INFO - CL:0000576: 3563, (3731, 3731)...
2025-03-07 11:16:34,707 - INFO - CL:0000576: 3563, (3563, 168)...
2025-03-07 11:16:34,729 - INFO - CL:0000623: (3563, 100) x (123, 100)...
2025-03-07 11:16:34,910 - INFO - CL:0000623: 3563, (3686, 3686)...
2025-03-07 11:16:34,910 - INFO - CL:0000623: 3563, (3563, 123)...
2025-03-07 11:16:34,931 - INFO - CL:0000738: (3563, 100) x (850, 100)...
2025-03-07 11:16:35,173 - INFO - CL:0000738: 3563, (4413, 4413)...
2025-03-07 11:16:35,173 - INFO - CL:0000738: 3563, (3563, 850)...
2025-03-07 11:16:35,198 - INFO - CL:0000775: (3563, 100) x (60, 100)...
2025-03-07 11:16:35,376 - INFO - CL:0000775: 3563, (3623, 3623)...
2025-03-07 11:16:35,377 - INFO - CL:0000775: 3563, (3563, 60)...
2025-03-07 11:16:35,401 - INFO - CL:0000910;BTO:0000289: (3563, 100) x (178, 100)...
2025-03-07 11:16:35,588 - INFO - CL:0000910;BTO:0000289: 3563, (3741, 3741)...
2025-03-07 11:16:35,588 - INFO - CL:0000910;BTO:0000289: 3563, (3563, 178)...
2025-03-07 11:16:35,610 - INFO - CL:0002322;BTO:0001086: (3563, 100) x (41, 100)...
2025-03-07 11:16:35,781 - INFO - CL:0002322;BTO:0001086: 3563, (3604, 3604)...
2025-03-07 11:16:35,781 - INFO - CL:0002322;BTO:0001086: 3563, (3563, 41)...
2025-03-07 11:16:35,803 - INFO - CL:2000001: (3563, 100) x (282, 100)...
2025-03-07 11:16:35,998 - INFO - CL:2000001: 3563, (3845, 3845)...
2025-03-07 11:16:35,998 - INFO - CL:2000001: 3563, (3563, 282)...
2025-03-07 11:16:36,019 - INFO - UBERON:0000002: (3563, 100) x (9, 100)...
2025-03-07 11:16:36,190 - INFO - UBERON:0000002: 3563, (3572, 3572)...
2025-03-07 11:16:36,190 - INFO - UBERON:0000002: 3563, (3563, 9)...
2025-03-07 11:16:36,209 - INFO - UBERON:0000006: (3563, 100) x (63, 100)...
2025-03-07 11:16:36,384 - INFO - UBERON:0000006: 3563, (3626, 3626)...
2025-03-07 11:16:36,385 - INFO - UBERON:0000006: 3563, (3563, 63)...
2025-03-07 11:16:36,406 - INFO - UBERON:0000310: (3563, 100) x (207, 100)...
2025-03-07 11:16:36,592 - INFO - UBERON:0000310: 3563, (3770, 3770)...
2025-03-07 11:16:36,592 - INFO - UBERON:0000310: 3563, (3563, 207)...
2025-03-07 11:16:36,614 - INFO - UBERON:0000451: (3563, 100) x (458, 100)...
2025-03-07 11:16:36,822 - INFO - UBERON:0000451: 3563, (4021, 4021)...
2025-03-07 11:16:36,822 - INFO - UBERON:0000451: 3563, (3563, 458)...
2025-03-07 11:16:36,845 - INFO - UBERON:0000945: (3563, 100) x (88, 100)...
2025-03-07 11:16:37,025 - INFO - UBERON:0000945: 3563, (3651, 3651)...
2025-03-07 11:16:37,025 - INFO - UBERON:0000945: 3563, (3563, 88)...
2025-03-07 11:16:37,047 - INFO - UBERON:0000955: (3563, 100) x (28, 100)...
2025-03-07 11:16:37,224 - INFO - UBERON:0000955: 3563, (3591, 3591)...
2025-03-07 11:16:37,225 - INFO - UBERON:0000955: 3563, (3563, 28)...
2025-03-07 11:16:37,246 - INFO - UBERON:0000992: (3563, 100) x (15, 100)...
2025-03-07 11:16:37,418 - INFO - UBERON:0000992: 3563, (3578, 3578)...
2025-03-07 11:16:37,419 - INFO - UBERON:0000992: 3563, (3563, 15)...
2025-03-07 11:16:37,441 - INFO - UBERON:0001005: (3563, 100) x (8, 100)...
2025-03-07 11:16:37,617 - INFO - UBERON:0001005: 3563, (3571, 3571)...
2025-03-07 11:16:37,617 - INFO - UBERON:0001005: 3563, (3563, 8)...
2025-03-07 11:16:37,639 - INFO - UBERON:0001016: (3563, 100) x (34, 100)...
2025-03-07 11:16:37,817 - INFO - UBERON:0001016: 3563, (3597, 3597)...
2025-03-07 11:16:37,817 - INFO - UBERON:0001016: 3563, (3563, 34)...
2025-03-07 11:16:37,840 - INFO - UBERON:0001032: (3563, 100) x (4, 100)...
2025-03-07 11:16:38,015 - INFO - UBERON:0001032: 3563, (3567, 3567)...
2025-03-07 11:16:38,015 - INFO - UBERON:0001032: 3563, (3563, 4)...
2025-03-07 11:16:38,037 - INFO - UBERON:0001043: (3563, 100) x (31, 100)...
2025-03-07 11:16:38,210 - INFO - UBERON:0001043: 3563, (3594, 3594)...
2025-03-07 11:16:38,210 - INFO - UBERON:0001043: 3563, (3563, 31)...
2025-03-07 11:16:38,230 - INFO - UBERON:0001052: (3563, 100) x (15, 100)...
2025-03-07 11:16:38,402 - INFO - UBERON:0001052: 3563, (3578, 3578)...
2025-03-07 11:16:38,402 - INFO - UBERON:0001052: 3563, (3563, 15)...
2025-03-07 11:16:38,424 - INFO - UBERON:0001155: (3563, 100) x (213, 100)...
2025-03-07 11:16:38,613 - INFO - UBERON:0001155: 3563, (3776, 3776)...
2025-03-07 11:16:38,613 - INFO - UBERON:0001155: 3563, (3563, 213)...
2025-03-07 11:16:38,636 - INFO - UBERON:0001264: (3563, 100) x (68, 100)...
2025-03-07 11:16:38,814 - INFO - UBERON:0001264: 3563, (3631, 3631)...
2025-03-07 11:16:38,814 - INFO - UBERON:0001264: 3563, (3563, 68)...
2025-03-07 11:16:38,836 - INFO - UBERON:0001295: (3563, 100) x (17, 100)...
2025-03-07 11:16:39,007 - INFO - UBERON:0001295: 3563, (3580, 3580)...
2025-03-07 11:16:39,007 - INFO - UBERON:0001295: 3563, (3563, 17)...
2025-03-07 11:16:39,030 - INFO - UBERON:0001836: (3563, 100) x (209, 100)...
2025-03-07 11:16:39,212 - INFO - UBERON:0001836: 3563, (3772, 3772)...
2025-03-07 11:16:39,212 - INFO - UBERON:0001836: 3563, (3563, 209)...
2025-03-07 11:16:39,235 - INFO - UBERON:0001870: (3563, 100) x (75, 100)...
2025-03-07 11:16:39,410 - INFO - UBERON:0001870: 3563, (3638, 3638)...
2025-03-07 11:16:39,411 - INFO - UBERON:0001870: 3563, (3563, 75)...
2025-03-07 11:16:39,434 - INFO - UBERON:0001871: (3563, 100) x (372, 100)...
2025-03-07 11:16:39,635 - INFO - UBERON:0001871: 3563, (3935, 3935)...
2025-03-07 11:16:39,635 - INFO - UBERON:0001871: 3563, (3563, 372)...
2025-03-07 11:16:39,657 - INFO - UBERON:0001987: (3563, 100) x (693, 100)...
2025-03-07 11:16:39,872 - INFO - UBERON:0001987: 3563, (4256, 4256)...
2025-03-07 11:16:39,872 - INFO - UBERON:0001987: 3563, (3563, 693)...
2025-03-07 11:16:39,897 - INFO - UBERON:0002037: (3563, 100) x (28, 100)...
2025-03-07 11:16:40,074 - INFO - UBERON:0002037: 3563, (3591, 3591)...
2025-03-07 11:16:40,074 - INFO - UBERON:0002037: 3563, (3563, 28)...
2025-03-07 11:16:40,097 - INFO - UBERON:0002046: (3563, 100) x (85, 100)...
2025-03-07 11:16:40,277 - INFO - UBERON:0002046: 3563, (3648, 3648)...
2025-03-07 11:16:40,278 - INFO - UBERON:0002046: 3563, (3563, 85)...
2025-03-07 11:16:40,300 - INFO - UBERON:0002048: (3563, 100) x (48, 100)...
2025-03-07 11:16:40,477 - INFO - UBERON:0002048: 3563, (3611, 3611)...
2025-03-07 11:16:40,477 - INFO - UBERON:0002048: 3563, (3563, 48)...
2025-03-07 11:16:40,500 - INFO - UBERON:0002097: (3563, 100) x (24, 100)...
2025-03-07 11:16:40,677 - INFO - UBERON:0002097: 3563, (3587, 3587)...
2025-03-07 11:16:40,678 - INFO - UBERON:0002097: 3563, (3563, 24)...
2025-03-07 11:16:40,700 - INFO - UBERON:0002107: (3563, 100) x (145, 100)...
2025-03-07 11:16:40,878 - INFO - UBERON:0002107: 3563, (3708, 3708)...
2025-03-07 11:16:40,878 - INFO - UBERON:0002107: 3563, (3563, 145)...
2025-03-07 11:16:40,900 - INFO - UBERON:0002113: (3563, 100) x (77, 100)...
2025-03-07 11:16:41,070 - INFO - UBERON:0002113: 3563, (3640, 3640)...
2025-03-07 11:16:41,070 - INFO - UBERON:0002113: 3563, (3563, 77)...
2025-03-07 11:16:41,093 - INFO - UBERON:0002190: (3563, 100) x (24, 100)...
2025-03-07 11:16:41,270 - INFO - UBERON:0002190: 3563, (3587, 3587)...
2025-03-07 11:16:41,270 - INFO - UBERON:0002190: 3563, (3563, 24)...
2025-03-07 11:16:41,292 - INFO - UBERON:0002367: (3563, 100) x (19, 100)...
2025-03-07 11:16:41,468 - INFO - UBERON:0002367: 3563, (3582, 3582)...
2025-03-07 11:16:41,468 - INFO - UBERON:0002367: 3563, (3563, 19)...
2025-03-07 11:16:41,490 - INFO - UBERON:0002371: (3563, 100) x (45, 100)...
2025-03-07 11:16:41,659 - INFO - UBERON:0002371: 3563, (3608, 3608)...
2025-03-07 11:16:41,659 - INFO - UBERON:0002371: 3563, (3563, 45)...
2025-03-07 11:16:41,684 - INFO - UBERON:0002418: (3563, 100) x (43, 100)...
2025-03-07 11:16:41,858 - INFO - UBERON:0002418: 3563, (3606, 3606)...
2025-03-07 11:16:41,859 - INFO - UBERON:0002418: 3563, (3563, 43)...
2025-03-07 11:16:41,884 - INFO - UBERON:0002424: (3563, 100) x (43, 100)...
2025-03-07 11:16:42,059 - INFO - UBERON:0002424: 3563, (3606, 3606)...
2025-03-07 11:16:42,059 - INFO - UBERON:0002424: 3563, (3563, 43)...
2025-03-07 11:16:42,083 - INFO - UBERON:0002481: (3563, 100) x (13, 100)...
2025-03-07 11:16:42,249 - INFO - UBERON:0002481: 3563, (3576, 3576)...
2025-03-07 11:16:42,249 - INFO - UBERON:0002481: 3563, (3563, 13)...
2025-03-07 11:16:42,275 - INFO - UBERON:0002728: (3563, 100) x (27, 100)...
2025-03-07 11:16:42,448 - INFO - UBERON:0002728: 3563, (3590, 3590)...
2025-03-07 11:16:42,448 - INFO - UBERON:0002728: 3563, (3563, 27)...
2025-03-07 11:16:42,471 - INFO - UBERON:0003889: (3563, 100) x (13, 100)...
2025-03-07 11:16:42,638 - INFO - UBERON:0003889: 3563, (3576, 3576)...
2025-03-07 11:16:42,638 - INFO - UBERON:0003889: 3563, (3563, 13)...
2025-03-07 11:16:42,661 - INFO - UBERON:0004535: (3563, 100) x (10, 100)...
2025-03-07 11:16:42,838 - INFO - UBERON:0004535: 3563, (3573, 3573)...
2025-03-07 11:16:42,838 - INFO - UBERON:0004535: 3563, (3563, 10)...
2025-03-07 11:16:42,862 - INFO - UBERON:0004802: (3563, 100) x (82, 100)...
2025-03-07 11:16:43,043 - INFO - UBERON:0004802: 3563, (3645, 3645)...
2025-03-07 11:16:43,044 - INFO - UBERON:0004802: 3563, (3563, 82)...
2025-03-07 11:16:43,067 - INFO - UBERON:0005384: (3563, 100) x (64, 100)...
2025-03-07 11:16:43,246 - INFO - UBERON:0005384: 3563, (3627, 3627)...
2025-03-07 11:16:43,246 - INFO - UBERON:0005384: 3563, (3563, 64)...
2025-03-07 11:16:43,268 - INFO - UBERON:0012168: (3563, 100) x (632, 100)...
2025-03-07 11:16:43,491 - INFO - UBERON:0012168: 3563, (4195, 4195)...
2025-03-07 11:16:43,491 - INFO - UBERON:0012168: 3563, (3563, 632)...
2025-03-07 11:16:43,518 - INFO - UBERON:0035818: (3563, 100) x (48, 100)...
2025-03-07 11:16:43,695 - INFO - UBERON:0035818: 3563, (3611, 3611)...
2025-03-07 11:16:43,696 - INFO - UBERON:0035818: 3563, (3563, 48)...
2025-03-07 11:16:43,718 - INFO - UBERON:8450002: (3563, 100) x (6, 100)...
2025-03-07 11:16:43,895 - INFO - UBERON:8450002: 3563, (3569, 3569)...
2025-03-07 11:16:43,895 - INFO - UBERON:8450002: 3563, (3563, 6)...
2025-03-07 11:16:44,446 - INFO - Processing Fold 1
2025-03-07 11:16:50,371 - INFO - CL:0000019: (3361, 100) x (171, 100)...
2025-03-07 11:16:50,555 - INFO - CL:0000019: 3361, (3532, 3532)...
2025-03-07 11:16:50,555 - INFO - CL:0000019: 3361, (3361, 171)...
2025-03-07 11:16:50,574 - INFO - CL:0000056: (3361, 100) x (28, 100)...
2025-03-07 11:16:50,758 - INFO - CL:0000056: 3361, (3389, 3389)...
2025-03-07 11:16:50,758 - INFO - CL:0000056: 3361, (3361, 28)...
2025-03-07 11:16:50,776 - INFO - CL:0000057: (3361, 100) x (55, 100)...
2025-03-07 11:16:50,947 - INFO - CL:0000057: 3361, (3416, 3416)...
2025-03-07 11:16:50,948 - INFO - CL:0000057: 3361, (3361, 55)...
2025-03-07 11:16:50,966 - INFO - CL:0000084: (3361, 100) x (288, 100)...
2025-03-07 11:16:51,173 - INFO - CL:0000084: 3361, (3649, 3649)...
2025-03-07 11:16:51,173 - INFO - CL:0000084: 3361, (3361, 288)...
2025-03-07 11:16:51,192 - INFO - CL:0000094: (3361, 100) x (12, 100)...
2025-03-07 11:16:51,374 - INFO - CL:0000094: 3361, (3373, 3373)...
2025-03-07 11:16:51,374 - INFO - CL:0000094: 3361, (3361, 12)...
2025-03-07 11:16:51,390 - INFO - CL:0000148: (3361, 91) x (3, 91)...
2025-03-07 11:16:51,564 - INFO - CL:0000148: 3361, (3364, 3364)...
2025-03-07 11:16:51,564 - INFO - CL:0000148: 3361, (3361, 3)...
2025-03-07 11:16:51,582 - INFO - CL:0000236: (3361, 100) x (146, 100)...
2025-03-07 11:16:51,773 - INFO - CL:0000236: 3361, (3507, 3507)...
2025-03-07 11:16:51,773 - INFO - CL:0000236: 3361, (3361, 146)...
2025-03-07 11:16:51,792 - INFO - CL:0000542: (3361, 100) x (11, 100)...
2025-03-07 11:16:51,966 - INFO - CL:0000542: 3361, (3372, 3372)...
2025-03-07 11:16:51,966 - INFO - CL:0000542: 3361, (3361, 11)...
2025-03-07 11:16:51,985 - INFO - CL:0000576: (3361, 100) x (163, 100)...
2025-03-07 11:16:52,167 - INFO - CL:0000576: 3361, (3524, 3524)...
2025-03-07 11:16:52,167 - INFO - CL:0000576: 3361, (3361, 163)...
2025-03-07 11:16:52,185 - INFO - CL:0000623: (3361, 100) x (122, 100)...
2025-03-07 11:16:52,375 - INFO - CL:0000623: 3361, (3483, 3483)...
2025-03-07 11:16:52,375 - INFO - CL:0000623: 3361, (3361, 122)...
2025-03-07 11:16:52,393 - INFO - CL:0000738: (3361, 100) x (842, 100)...
2025-03-07 11:16:52,654 - INFO - CL:0000738: 3361, (4203, 4203)...
2025-03-07 11:16:52,654 - INFO - CL:0000738: 3361, (3361, 842)...
2025-03-07 11:16:52,676 - INFO - CL:0000775: (3361, 100) x (56, 100)...
2025-03-07 11:16:52,862 - INFO - CL:0000775: 3361, (3417, 3417)...
2025-03-07 11:16:52,862 - INFO - CL:0000775: 3361, (3361, 56)...
2025-03-07 11:16:52,882 - INFO - CL:0000910;BTO:0000289: (3361, 100) x (156, 100)...
2025-03-07 11:16:53,057 - INFO - CL:0000910;BTO:0000289: 3361, (3517, 3517)...
2025-03-07 11:16:53,057 - INFO - CL:0000910;BTO:0000289: 3361, (3361, 156)...
2025-03-07 11:16:53,077 - INFO - CL:0002322;BTO:0001086: (3361, 100) x (45, 100)...
2025-03-07 11:16:53,241 - INFO - CL:0002322;BTO:0001086: 3361, (3406, 3406)...
2025-03-07 11:16:53,241 - INFO - CL:0002322;BTO:0001086: 3361, (3361, 45)...
2025-03-07 11:16:53,260 - INFO - CL:2000001: (3361, 100) x (276, 100)...
2025-03-07 11:16:53,439 - INFO - CL:2000001: 3361, (3637, 3637)...
2025-03-07 11:16:53,440 - INFO - CL:2000001: 3361, (3361, 276)...
2025-03-07 11:16:53,459 - INFO - UBERON:0000002: (3361, 100) x (37, 100)...
2025-03-07 11:16:53,621 - INFO - UBERON:0000002: 3361, (3398, 3398)...
2025-03-07 11:16:53,621 - INFO - UBERON:0000002: 3361, (3361, 37)...
2025-03-07 11:16:53,637 - INFO - UBERON:0000006: (3361, 100) x (68, 100)...
2025-03-07 11:16:53,804 - INFO - UBERON:0000006: 3361, (3429, 3429)...
2025-03-07 11:16:53,805 - INFO - UBERON:0000006: 3361, (3361, 68)...
2025-03-07 11:16:53,823 - INFO - UBERON:0000310: (3361, 100) x (228, 100)...
2025-03-07 11:16:54,001 - INFO - UBERON:0000310: 3361, (3589, 3589)...
2025-03-07 11:16:54,001 - INFO - UBERON:0000310: 3361, (3361, 228)...
2025-03-07 11:16:54,020 - INFO - UBERON:0000451: (3361, 100) x (502, 100)...
2025-03-07 11:16:54,214 - INFO - UBERON:0000451: 3361, (3863, 3863)...
2025-03-07 11:16:54,215 - INFO - UBERON:0000451: 3361, (3361, 502)...
2025-03-07 11:16:54,234 - INFO - UBERON:0000945: (3361, 100) x (56, 100)...
2025-03-07 11:16:54,401 - INFO - UBERON:0000945: 3361, (3417, 3417)...
2025-03-07 11:16:54,402 - INFO - UBERON:0000945: 3361, (3361, 56)...
2025-03-07 11:16:54,419 - INFO - UBERON:0000955: (3361, 100) x (30, 100)...
2025-03-07 11:16:54,585 - INFO - UBERON:0000955: 3361, (3391, 3391)...
2025-03-07 11:16:54,585 - INFO - UBERON:0000955: 3361, (3361, 30)...
2025-03-07 11:16:54,603 - INFO - UBERON:0000992: (3361, 100) x (10, 100)...
2025-03-07 11:16:54,766 - INFO - UBERON:0000992: 3361, (3371, 3371)...
2025-03-07 11:16:54,766 - INFO - UBERON:0000992: 3361, (3361, 10)...
2025-03-07 11:16:54,786 - INFO - UBERON:0001005: (3361, 100) x (16, 100)...
2025-03-07 11:16:54,951 - INFO - UBERON:0001005: 3361, (3377, 3377)...
2025-03-07 11:16:54,951 - INFO - UBERON:0001005: 3361, (3361, 16)...
2025-03-07 11:16:54,970 - INFO - UBERON:0001016: (3361, 100) x (13, 100)...
2025-03-07 11:16:55,130 - INFO - UBERON:0001016: 3361, (3374, 3374)...
2025-03-07 11:16:55,130 - INFO - UBERON:0001016: 3361, (3361, 13)...
2025-03-07 11:16:55,149 - INFO - UBERON:0001032: (3361, 100) x (4, 100)...
2025-03-07 11:16:55,311 - INFO - UBERON:0001032: 3361, (3365, 3365)...
2025-03-07 11:16:55,312 - INFO - UBERON:0001032: 3361, (3361, 4)...
2025-03-07 11:16:55,330 - INFO - UBERON:0001043: (3361, 100) x (18, 100)...
2025-03-07 11:16:55,496 - INFO - UBERON:0001043: 3361, (3379, 3379)...
2025-03-07 11:16:55,496 - INFO - UBERON:0001043: 3361, (3361, 18)...
2025-03-07 11:16:55,514 - INFO - UBERON:0001052: (3361, 100) x (6, 100)...
2025-03-07 11:16:55,676 - INFO - UBERON:0001052: 3361, (3367, 3367)...
2025-03-07 11:16:55,676 - INFO - UBERON:0001052: 3361, (3361, 6)...
2025-03-07 11:16:55,694 - INFO - UBERON:0001155: (3361, 100) x (197, 100)...
2025-03-07 11:16:55,864 - INFO - UBERON:0001155: 3361, (3558, 3558)...
2025-03-07 11:16:55,864 - INFO - UBERON:0001155: 3361, (3361, 197)...
2025-03-07 11:16:55,883 - INFO - UBERON:0001264: (3361, 100) x (68, 100)...
2025-03-07 11:16:56,048 - INFO - UBERON:0001264: 3361, (3429, 3429)...
2025-03-07 11:16:56,048 - INFO - UBERON:0001264: 3361, (3361, 68)...
2025-03-07 11:16:56,067 - INFO - UBERON:0001295: (3361, 100) x (31, 100)...
2025-03-07 11:16:56,231 - INFO - UBERON:0001295: 3361, (3392, 3392)...
2025-03-07 11:16:56,231 - INFO - UBERON:0001295: 3361, (3361, 31)...
2025-03-07 11:16:56,250 - INFO - UBERON:0001836: (3361, 100) x (295, 100)...
2025-03-07 11:16:56,420 - INFO - UBERON:0001836: 3361, (3656, 3656)...
2025-03-07 11:16:56,420 - INFO - UBERON:0001836: 3361, (3361, 295)...
2025-03-07 11:16:56,440 - INFO - UBERON:0001870: (3361, 100) x (75, 100)...
2025-03-07 11:16:56,602 - INFO - UBERON:0001870: 3361, (3436, 3436)...
2025-03-07 11:16:56,602 - INFO - UBERON:0001870: 3361, (3361, 75)...
2025-03-07 11:16:56,622 - INFO - UBERON:0001871: (3361, 100) x (62, 100)...
2025-03-07 11:16:56,790 - INFO - UBERON:0001871: 3361, (3423, 3423)...
2025-03-07 11:16:56,790 - INFO - UBERON:0001871: 3361, (3361, 62)...
2025-03-07 11:16:56,808 - INFO - UBERON:0001987: (3361, 100) x (699, 100)...
2025-03-07 11:16:57,009 - INFO - UBERON:0001987: 3361, (4060, 4060)...
2025-03-07 11:16:57,009 - INFO - UBERON:0001987: 3361, (3361, 699)...
2025-03-07 11:16:57,031 - INFO - UBERON:0002037: (3361, 100) x (71, 100)...
2025-03-07 11:16:57,190 - INFO - UBERON:0002037: 3361, (3432, 3432)...
2025-03-07 11:16:57,190 - INFO - UBERON:0002037: 3361, (3361, 71)...
2025-03-07 11:16:57,210 - INFO - UBERON:0002046: (3361, 100) x (44, 100)...
2025-03-07 11:16:57,376 - INFO - UBERON:0002046: 3361, (3405, 3405)...
2025-03-07 11:16:57,376 - INFO - UBERON:0002046: 3361, (3361, 44)...
2025-03-07 11:16:57,395 - INFO - UBERON:0002048: (3361, 100) x (54, 100)...
2025-03-07 11:16:57,561 - INFO - UBERON:0002048: 3361, (3415, 3415)...
2025-03-07 11:16:57,562 - INFO - UBERON:0002048: 3361, (3361, 54)...
2025-03-07 11:16:57,580 - INFO - UBERON:0002097: (3361, 100) x (6, 100)...
2025-03-07 11:16:57,744 - INFO - UBERON:0002097: 3361, (3367, 3367)...
2025-03-07 11:16:57,744 - INFO - UBERON:0002097: 3361, (3361, 6)...
2025-03-07 11:16:57,762 - INFO - UBERON:0002107: (3361, 100) x (142, 100)...
2025-03-07 11:16:57,934 - INFO - UBERON:0002107: 3361, (3503, 3503)...
2025-03-07 11:16:57,934 - INFO - UBERON:0002107: 3361, (3361, 142)...
2025-03-07 11:16:57,953 - INFO - UBERON:0002113: (3361, 100) x (70, 100)...
2025-03-07 11:16:58,120 - INFO - UBERON:0002113: 3361, (3431, 3431)...
2025-03-07 11:16:58,121 - INFO - UBERON:0002113: 3361, (3361, 70)...
2025-03-07 11:16:58,140 - INFO - UBERON:0002190: (3361, 100) x (41, 100)...
2025-03-07 11:16:58,303 - INFO - UBERON:0002190: 3361, (3402, 3402)...
2025-03-07 11:16:58,304 - INFO - UBERON:0002190: 3361, (3361, 41)...
2025-03-07 11:16:58,323 - INFO - UBERON:0002331: (3361, 100) x (1021, 100)...
2025-03-07 11:16:58,557 - INFO - UBERON:0002331: 3361, (4382, 4382)...
2025-03-07 11:16:58,557 - INFO - UBERON:0002331: 3361, (3361, 1021)...
2025-03-07 11:16:58,579 - INFO - UBERON:0002367: (3361, 100) x (15, 100)...
2025-03-07 11:16:58,736 - INFO - UBERON:0002367: 3361, (3376, 3376)...
2025-03-07 11:16:58,736 - INFO - UBERON:0002367: 3361, (3361, 15)...
2025-03-07 11:16:58,757 - INFO - UBERON:0002371: (3361, 100) x (53, 100)...
2025-03-07 11:16:58,920 - INFO - UBERON:0002371: 3361, (3414, 3414)...
2025-03-07 11:16:58,920 - INFO - UBERON:0002371: 3361, (3361, 53)...
2025-03-07 11:16:58,940 - INFO - UBERON:0002418: (3361, 100) x (19, 100)...
2025-03-07 11:16:59,099 - INFO - UBERON:0002418: 3361, (3380, 3380)...
2025-03-07 11:16:59,099 - INFO - UBERON:0002418: 3361, (3361, 19)...
2025-03-07 11:16:59,119 - INFO - UBERON:0002424: (3361, 100) x (135, 100)...
2025-03-07 11:16:59,282 - INFO - UBERON:0002424: 3361, (3496, 3496)...
2025-03-07 11:16:59,282 - INFO - UBERON:0002424: 3361, (3361, 135)...
2025-03-07 11:16:59,302 - INFO - UBERON:0002481: (3361, 100) x (9, 100)...
2025-03-07 11:16:59,463 - INFO - UBERON:0002481: 3361, (3370, 3370)...
2025-03-07 11:16:59,463 - INFO - UBERON:0002481: 3361, (3361, 9)...
2025-03-07 11:16:59,484 - INFO - UBERON:0002728: (3361, 100) x (76, 100)...
2025-03-07 11:16:59,652 - INFO - UBERON:0002728: 3361, (3437, 3437)...
2025-03-07 11:16:59,652 - INFO - UBERON:0002728: 3361, (3361, 76)...
2025-03-07 11:16:59,671 - INFO - UBERON:0003889: (3361, 100) x (8, 100)...
2025-03-07 11:16:59,835 - INFO - UBERON:0003889: 3361, (3369, 3369)...
2025-03-07 11:16:59,836 - INFO - UBERON:0003889: 3361, (3361, 8)...
2025-03-07 11:16:59,854 - INFO - UBERON:0004535: (3361, 100) x (6, 100)...
2025-03-07 11:17:00,017 - INFO - UBERON:0004535: 3361, (3367, 3367)...
2025-03-07 11:17:00,017 - INFO - UBERON:0004535: 3361, (3361, 6)...
2025-03-07 11:17:00,037 - INFO - UBERON:0004802: (3361, 100) x (53, 100)...
2025-03-07 11:17:00,198 - INFO - UBERON:0004802: 3361, (3414, 3414)...
2025-03-07 11:17:00,199 - INFO - UBERON:0004802: 3361, (3361, 53)...
2025-03-07 11:17:00,218 - INFO - UBERON:0005384: (3361, 100) x (63, 100)...
2025-03-07 11:17:00,378 - INFO - UBERON:0005384: 3361, (3424, 3424)...
2025-03-07 11:17:00,378 - INFO - UBERON:0005384: 3361, (3361, 63)...
2025-03-07 11:17:00,397 - INFO - UBERON:0012168: (3361, 100) x (276, 100)...
2025-03-07 11:17:00,575 - INFO - UBERON:0012168: 3361, (3637, 3637)...
2025-03-07 11:17:00,575 - INFO - UBERON:0012168: 3361, (3361, 276)...
2025-03-07 11:17:00,596 - INFO - UBERON:0035818: (3361, 100) x (33, 100)...
2025-03-07 11:17:00,758 - INFO - UBERON:0035818: 3361, (3394, 3394)...
2025-03-07 11:17:00,758 - INFO - UBERON:0035818: 3361, (3361, 33)...
2025-03-07 11:17:00,777 - INFO - UBERON:8450002: (3361, 100) x (6, 100)...
2025-03-07 11:17:00,940 - INFO - UBERON:8450002: 3361, (3367, 3367)...
2025-03-07 11:17:00,940 - INFO - UBERON:8450002: 3361, (3361, 6)...
2025-03-07 11:17:01,814 - INFO - Processing Fold 2
2025-03-07 11:17:14,725 - INFO - CL:0000019: (3427, 100) x (242, 100)...
2025-03-07 11:17:15,033 - INFO - CL:0000019: 3427, (3669, 3669)...
2025-03-07 11:17:15,033 - INFO - CL:0000019: 3427, (3427, 242)...
2025-03-07 11:17:15,070 - INFO - CL:0000056: (3427, 100) x (28, 100)...
2025-03-07 11:17:15,416 - INFO - CL:0000056: 3427, (3455, 3455)...
2025-03-07 11:17:15,417 - INFO - CL:0000056: 3427, (3427, 28)...
2025-03-07 11:17:15,452 - INFO - CL:0000057: (3427, 100) x (89, 100)...
2025-03-07 11:17:15,736 - INFO - CL:0000057: 3427, (3516, 3516)...
2025-03-07 11:17:15,736 - INFO - CL:0000057: 3427, (3427, 89)...
2025-03-07 11:17:15,766 - INFO - CL:0000084: (3427, 100) x (285, 100)...
2025-03-07 11:17:16,081 - INFO - CL:0000084: 3427, (3712, 3712)...
2025-03-07 11:17:16,082 - INFO - CL:0000084: 3427, (3427, 285)...
2025-03-07 11:17:16,107 - INFO - CL:0000094: (3427, 100) x (17, 100)...
2025-03-07 11:17:16,312 - INFO - CL:0000094: 3427, (3444, 3444)...
2025-03-07 11:17:16,312 - INFO - CL:0000094: 3427, (3427, 17)...
2025-03-07 11:17:16,337 - INFO - CL:0000148: (3427, 100) x (109, 100)...
2025-03-07 11:17:16,551 - INFO - CL:0000148: 3427, (3536, 3536)...
2025-03-07 11:17:16,551 - INFO - CL:0000148: 3427, (3427, 109)...
2025-03-07 11:17:16,575 - INFO - CL:0000236: (3427, 100) x (90, 100)...
2025-03-07 11:17:16,817 - INFO - CL:0000236: 3427, (3517, 3517)...
2025-03-07 11:17:16,817 - INFO - CL:0000236: 3427, (3427, 90)...
2025-03-07 11:17:16,840 - INFO - CL:0000542: (3427, 100) x (19, 100)...
2025-03-07 11:17:17,044 - INFO - CL:0000542: 3427, (3446, 3446)...
2025-03-07 11:17:17,044 - INFO - CL:0000542: 3427, (3427, 19)...
2025-03-07 11:17:17,066 - INFO - CL:0000576: (3427, 100) x (91, 100)...
2025-03-07 11:17:17,289 - INFO - CL:0000576: 3427, (3518, 3518)...
2025-03-07 11:17:17,289 - INFO - CL:0000576: 3427, (3427, 91)...
2025-03-07 11:17:17,312 - INFO - CL:0000623: (3427, 100) x (15, 100)...
2025-03-07 11:17:17,537 - INFO - CL:0000623: 3427, (3442, 3442)...
2025-03-07 11:17:17,537 - INFO - CL:0000623: 3427, (3427, 15)...
2025-03-07 11:17:17,561 - INFO - CL:0000738: (3427, 100) x (844, 100)...
2025-03-07 11:17:17,917 - INFO - CL:0000738: 3427, (4271, 4271)...
2025-03-07 11:17:17,917 - INFO - CL:0000738: 3427, (3427, 844)...
2025-03-07 11:17:17,946 - INFO - CL:0000775: (3427, 100) x (20, 100)...
2025-03-07 11:17:18,198 - INFO - CL:0000775: 3427, (3447, 3447)...
2025-03-07 11:17:18,198 - INFO - CL:0000775: 3427, (3427, 20)...
2025-03-07 11:17:18,221 - INFO - CL:0000910;BTO:0000289: (3427, 100) x (100, 100)...
2025-03-07 11:17:18,455 - INFO - CL:0000910;BTO:0000289: 3427, (3527, 3527)...
2025-03-07 11:17:18,455 - INFO - CL:0000910;BTO:0000289: 3427, (3427, 100)...
2025-03-07 11:17:18,476 - INFO - CL:0002322;BTO:0001086: (3427, 100) x (14, 100)...
2025-03-07 11:17:18,746 - INFO - CL:0002322;BTO:0001086: 3427, (3441, 3441)...
2025-03-07 11:17:18,747 - INFO - CL:0002322;BTO:0001086: 3427, (3427, 14)...
2025-03-07 11:17:18,769 - INFO - CL:2000001: (3427, 100) x (276, 100)...
2025-03-07 11:17:19,048 - INFO - CL:2000001: 3427, (3703, 3703)...
2025-03-07 11:17:19,048 - INFO - CL:2000001: 3427, (3427, 276)...
2025-03-07 11:17:19,072 - INFO - UBERON:0000002: (3427, 100) x (28, 100)...
2025-03-07 11:17:19,295 - INFO - UBERON:0000002: 3427, (3455, 3455)...
2025-03-07 11:17:19,296 - INFO - UBERON:0000002: 3427, (3427, 28)...
2025-03-07 11:17:19,319 - INFO - UBERON:0000006: (3427, 100) x (5, 100)...
2025-03-07 11:17:19,518 - INFO - UBERON:0000006: 3427, (3432, 3432)...
2025-03-07 11:17:19,518 - INFO - UBERON:0000006: 3427, (3427, 5)...
2025-03-07 11:17:19,544 - INFO - UBERON:0000310: (3427, 100) x (193, 100)...
2025-03-07 11:17:19,791 - INFO - UBERON:0000310: 3427, (3620, 3620)...
2025-03-07 11:17:19,791 - INFO - UBERON:0000310: 3427, (3427, 193)...
2025-03-07 11:17:19,814 - INFO - UBERON:0000451: (3427, 100) x (60, 100)...
2025-03-07 11:17:20,030 - INFO - UBERON:0000451: 3427, (3487, 3487)...
2025-03-07 11:17:20,030 - INFO - UBERON:0000451: 3427, (3427, 60)...
2025-03-07 11:17:20,051 - INFO - UBERON:0000945: (3427, 100) x (60, 100)...
2025-03-07 11:17:20,318 - INFO - UBERON:0000945: 3427, (3487, 3487)...
2025-03-07 11:17:20,318 - INFO - UBERON:0000945: 3427, (3427, 60)...
2025-03-07 11:17:20,343 - INFO - UBERON:0000955: (3427, 100) x (36, 100)...
2025-03-07 11:17:20,583 - INFO - UBERON:0000955: 3427, (3463, 3463)...
2025-03-07 11:17:20,583 - INFO - UBERON:0000955: 3427, (3427, 36)...
2025-03-07 11:17:20,607 - INFO - UBERON:0000992: (3427, 100) x (5, 100)...
2025-03-07 11:17:20,809 - INFO - UBERON:0000992: 3427, (3432, 3432)...
2025-03-07 11:17:20,809 - INFO - UBERON:0000992: 3427, (3427, 5)...
2025-03-07 11:17:20,832 - INFO - UBERON:0001005: (3427, 100) x (8, 100)...
2025-03-07 11:17:21,056 - INFO - UBERON:0001005: 3427, (3435, 3435)...
2025-03-07 11:17:21,056 - INFO - UBERON:0001005: 3427, (3427, 8)...
2025-03-07 11:17:21,079 - INFO - UBERON:0001016: (3427, 100) x (37, 100)...
2025-03-07 11:17:21,278 - INFO - UBERON:0001016: 3427, (3464, 3464)...
2025-03-07 11:17:21,278 - INFO - UBERON:0001016: 3427, (3427, 37)...
2025-03-07 11:17:21,301 - INFO - UBERON:0001043: (3427, 100) x (17, 100)...
2025-03-07 11:17:21,528 - INFO - UBERON:0001043: 3427, (3444, 3444)...
2025-03-07 11:17:21,528 - INFO - UBERON:0001043: 3427, (3427, 17)...
2025-03-07 11:17:21,550 - INFO - UBERON:0001052: (3427, 100) x (9, 100)...
2025-03-07 11:17:21,743 - INFO - UBERON:0001052: 3427, (3436, 3436)...
2025-03-07 11:17:21,743 - INFO - UBERON:0001052: 3427, (3427, 9)...
2025-03-07 11:17:21,765 - INFO - UBERON:0001155: (3427, 100) x (272, 100)...
2025-03-07 11:17:22,028 - INFO - UBERON:0001155: 3427, (3699, 3699)...
2025-03-07 11:17:22,028 - INFO - UBERON:0001155: 3427, (3427, 272)...
2025-03-07 11:17:22,049 - INFO - UBERON:0001264: (3427, 100) x (68, 100)...
2025-03-07 11:17:22,277 - INFO - UBERON:0001264: 3427, (3495, 3495)...
2025-03-07 11:17:22,277 - INFO - UBERON:0001264: 3427, (3427, 68)...
2025-03-07 11:17:22,301 - INFO - UBERON:0001295: (3427, 100) x (48, 100)...
2025-03-07 11:17:22,518 - INFO - UBERON:0001295: 3427, (3475, 3475)...
2025-03-07 11:17:22,518 - INFO - UBERON:0001295: 3427, (3427, 48)...
2025-03-07 11:17:22,542 - INFO - UBERON:0001836: (3427, 100) x (296, 100)...
2025-03-07 11:17:22,828 - INFO - UBERON:0001836: 3427, (3723, 3723)...
2025-03-07 11:17:22,828 - INFO - UBERON:0001836: 3427, (3427, 296)...
2025-03-07 11:17:22,852 - INFO - UBERON:0001871: (3427, 100) x (406, 100)...
2025-03-07 11:17:23,097 - INFO - UBERON:0001871: 3427, (3833, 3833)...
2025-03-07 11:17:23,097 - INFO - UBERON:0001871: 3427, (3427, 406)...
2025-03-07 11:17:23,121 - INFO - UBERON:0001987: (3427, 100) x (692, 100)...
2025-03-07 11:17:23,431 - INFO - UBERON:0001987: 3427, (4119, 4119)...
2025-03-07 11:17:23,431 - INFO - UBERON:0001987: 3427, (3427, 692)...
2025-03-07 11:17:23,457 - INFO - UBERON:0002037: (3427, 100) x (43, 100)...
2025-03-07 11:17:23,693 - INFO - UBERON:0002037: 3427, (3470, 3470)...
2025-03-07 11:17:23,693 - INFO - UBERON:0002037: 3427, (3427, 43)...
2025-03-07 11:17:23,716 - INFO - UBERON:0002046: (3427, 100) x (41, 100)...
2025-03-07 11:17:23,992 - INFO - UBERON:0002046: 3427, (3468, 3468)...
2025-03-07 11:17:23,993 - INFO - UBERON:0002046: 3427, (3427, 41)...
2025-03-07 11:17:24,016 - INFO - UBERON:0002048: (3427, 100) x (34, 100)...
2025-03-07 11:17:24,296 - INFO - UBERON:0002048: 3427, (3461, 3461)...
2025-03-07 11:17:24,296 - INFO - UBERON:0002048: 3427, (3427, 34)...
2025-03-07 11:17:24,318 - INFO - UBERON:0002097: (3427, 100) x (18, 100)...
2025-03-07 11:17:24,572 - INFO - UBERON:0002097: 3427, (3445, 3445)...
2025-03-07 11:17:24,573 - INFO - UBERON:0002097: 3427, (3427, 18)...
2025-03-07 11:17:24,593 - INFO - UBERON:0002107: (3427, 100) x (145, 100)...
2025-03-07 11:17:24,838 - INFO - UBERON:0002107: 3427, (3572, 3572)...
2025-03-07 11:17:24,838 - INFO - UBERON:0002107: 3427, (3427, 145)...
2025-03-07 11:17:24,860 - INFO - UBERON:0002113: (3427, 100) x (55, 100)...
2025-03-07 11:17:25,066 - INFO - UBERON:0002113: 3427, (3482, 3482)...
2025-03-07 11:17:25,066 - INFO - UBERON:0002113: 3427, (3427, 55)...
2025-03-07 11:17:25,088 - INFO - UBERON:0002190: (3427, 100) x (17, 100)...
2025-03-07 11:17:25,283 - INFO - UBERON:0002190: 3427, (3444, 3444)...
2025-03-07 11:17:25,283 - INFO - UBERON:0002190: 3427, (3427, 17)...
2025-03-07 11:17:25,305 - INFO - UBERON:0002331: (3427, 100) x (1021, 100)...
2025-03-07 11:17:25,658 - INFO - UBERON:0002331: 3427, (4448, 4448)...
2025-03-07 11:17:25,658 - INFO - UBERON:0002331: 3427, (3427, 1021)...
2025-03-07 11:17:25,685 - INFO - UBERON:0002367: (3427, 100) x (16, 100)...
2025-03-07 11:17:25,911 - INFO - UBERON:0002367: 3427, (3443, 3443)...
2025-03-07 11:17:25,911 - INFO - UBERON:0002367: 3427, (3427, 16)...
2025-03-07 11:17:25,933 - INFO - UBERON:0002371: (3427, 100) x (50, 100)...
2025-03-07 11:17:26,151 - INFO - UBERON:0002371: 3427, (3477, 3477)...
2025-03-07 11:17:26,151 - INFO - UBERON:0002371: 3427, (3427, 50)...
2025-03-07 11:17:26,174 - INFO - UBERON:0002418: (3427, 100) x (38, 100)...
2025-03-07 11:17:26,386 - INFO - UBERON:0002418: 3427, (3465, 3465)...
2025-03-07 11:17:26,386 - INFO - UBERON:0002418: 3427, (3427, 38)...
2025-03-07 11:17:26,412 - INFO - UBERON:0002424: (3427, 100) x (134, 100)...
2025-03-07 11:17:26,654 - INFO - UBERON:0002424: 3427, (3561, 3561)...
2025-03-07 11:17:26,654 - INFO - UBERON:0002424: 3427, (3427, 134)...
2025-03-07 11:17:26,668 - INFO - UBERON:0002481: (3427, 45) x (4, 45)...
2025-03-07 11:17:26,894 - INFO - UBERON:0002481: 3427, (3431, 3431)...
2025-03-07 11:17:26,895 - INFO - UBERON:0002481: 3427, (3427, 4)...
2025-03-07 11:17:26,917 - INFO - UBERON:0002728: (3427, 100) x (49, 100)...
2025-03-07 11:17:27,128 - INFO - UBERON:0002728: 3427, (3476, 3476)...
2025-03-07 11:17:27,128 - INFO - UBERON:0002728: 3427, (3427, 49)...
2025-03-07 11:17:27,150 - INFO - UBERON:0003889: (3427, 100) x (5, 100)...
2025-03-07 11:17:27,360 - INFO - UBERON:0003889: 3427, (3432, 3432)...
2025-03-07 11:17:27,360 - INFO - UBERON:0003889: 3427, (3427, 5)...
2025-03-07 11:17:27,384 - INFO - UBERON:0004535: (3427, 100) x (4, 100)...
2025-03-07 11:17:27,599 - INFO - UBERON:0004535: 3427, (3431, 3431)...
2025-03-07 11:17:27,599 - INFO - UBERON:0004535: 3427, (3427, 4)...
2025-03-07 11:17:27,624 - INFO - UBERON:0004802: (3427, 100) x (53, 100)...
2025-03-07 11:17:27,826 - INFO - UBERON:0004802: 3427, (3480, 3480)...
2025-03-07 11:17:27,826 - INFO - UBERON:0004802: 3427, (3427, 53)...
2025-03-07 11:17:27,851 - INFO - UBERON:0005384: (3427, 100) x (57, 100)...
2025-03-07 11:17:28,082 - INFO - UBERON:0005384: 3427, (3484, 3484)...
2025-03-07 11:17:28,082 - INFO - UBERON:0005384: 3427, (3427, 57)...
2025-03-07 11:17:28,106 - INFO - UBERON:0012168: (3427, 100) x (628, 100)...
2025-03-07 11:17:28,424 - INFO - UBERON:0012168: 3427, (4055, 4055)...
2025-03-07 11:17:28,425 - INFO - UBERON:0012168: 3427, (3427, 628)...
2025-03-07 11:17:28,450 - INFO - UBERON:0035818: (3427, 100) x (33, 100)...
2025-03-07 11:17:28,651 - INFO - UBERON:0035818: 3427, (3460, 3460)...
2025-03-07 11:17:28,651 - INFO - UBERON:0035818: 3427, (3427, 33)...
