2025-03-06 10:18:45,239 - INFO - Loading Mv and meta from ./../data/GEO/preprocessed/training.dill
2025-03-06 10:19:00,523 - INFO - (10351, 297598), (10351, 10)
2025-03-06 10:19:42,296 - INFO - Processing Fold 0
2025-03-06 10:20:11,074 - INFO - CL:0000019: (3563, 251925) x (239, 251925)...
2025-03-06 10:20:11,113 - INFO - CL:0000019: (251925, 3563) x (251925, 239)...
2025-03-06 10:20:23,714 - INFO - CL:0000019: 3563, (3802, 3802)...
2025-03-06 10:20:23,714 - INFO - CL:0000019: 3563, (3563, 239)...
2025-03-06 10:24:05,158 - INFO - Loading Mv and meta from ./../data/GEO/preprocessed/training.dill
2025-03-06 10:24:18,733 - INFO - (10351, 297598), (10351, 10)
2025-03-06 10:25:07,548 - INFO - Processing Fold 0
2025-03-06 10:25:32,374 - INFO - CL:0000019: (3563, 251925) x (239, 251925)...
2025-03-06 10:25:32,410 - INFO - CL:0000019: (251925, 3563) x (251925, 239)...
2025-03-06 10:25:49,104 - INFO - CL:0000019: 3563, (3802, 3802)...
2025-03-06 10:25:49,105 - INFO - CL:0000019: 3563, (239, 3563)...
2025-03-06 10:26:00,832 - INFO - CL:0000056: (3563, 120572) x (56, 120572)...
2025-03-06 10:26:00,850 - INFO - CL:0000056: (120572, 3563) x (120572, 56)...
2025-03-06 10:26:10,006 - INFO - CL:0000056: 3563, (3619, 3619)...
2025-03-06 10:26:10,006 - INFO - CL:0000056: 3563, (56, 3563)...
2025-03-06 10:26:25,676 - INFO - CL:0000057: (3563, 173135) x (90, 173135)...
2025-03-06 10:26:25,702 - INFO - CL:0000057: (173135, 3563) x (173135, 90)...
2025-03-06 10:26:38,006 - INFO - CL:0000057: 3563, (3653, 3653)...
2025-03-06 10:26:38,007 - INFO - CL:0000057: 3563, (90, 3563)...
2025-03-06 10:26:53,360 - INFO - CL:0000084: (3563, 165590) x (287, 165590)...
2025-03-06 10:26:53,385 - INFO - CL:0000084: (165590, 3563) x (165590, 287)...
2025-03-06 10:27:05,660 - INFO - CL:0000084: 3563, (3850, 3850)...
2025-03-06 10:27:05,660 - INFO - CL:0000084: 3563, (287, 3563)...
2025-03-06 10:27:05,695 - INFO - CL:0000094: (3563, 44) x (5, 44)...
2025-03-06 10:27:05,695 - INFO - CL:0000094: (44, 3563) x (44, 5)...
2025-03-06 10:27:05,878 - INFO - CL:0000094: 3563, (3568, 3568)...
2025-03-06 10:27:05,879 - INFO - CL:0000094: 3563, (5, 3563)...
2025-03-06 10:27:18,109 - INFO - CL:0000148: (3563, 125115) x (106, 125115)...
2025-03-06 10:27:18,129 - INFO - CL:0000148: (125115, 3563) x (125115, 106)...
2025-03-06 10:27:27,083 - INFO - CL:0000148: 3563, (3669, 3669)...
2025-03-06 10:27:27,083 - INFO - CL:0000148: 3563, (106, 3563)...
2025-03-06 10:27:43,940 - INFO - CL:0000236: (3563, 185148) x (196, 185148)...
2025-03-06 10:27:43,969 - INFO - CL:0000236: (185148, 3563) x (185148, 196)...
2025-03-06 10:27:57,979 - INFO - CL:0000236: 3563, (3759, 3759)...
2025-03-06 10:27:57,979 - INFO - CL:0000236: 3563, (196, 3563)...
2025-03-06 10:28:01,118 - INFO - CL:0000542: (3563, 29159) x (24, 29159)...
2025-03-06 10:28:01,123 - INFO - CL:0000542: (29159, 3563) x (29159, 24)...
2025-03-06 10:28:03,482 - INFO - CL:0000542: 3563, (3587, 3587)...
2025-03-06 10:28:03,482 - INFO - CL:0000542: 3563, (24, 3563)...
2025-03-06 10:28:20,929 - INFO - CL:0000576: (3563, 196715) x (168, 196715)...
2025-03-06 10:28:20,958 - INFO - CL:0000576: (196715, 3563) x (196715, 168)...
2025-03-06 10:28:35,474 - INFO - CL:0000576: 3563, (3731, 3731)...
2025-03-06 10:28:35,474 - INFO - CL:0000576: 3563, (168, 3563)...
2025-03-06 10:28:48,671 - INFO - CL:0000623: (3563, 137560) x (123, 137560)...
2025-03-06 10:28:48,692 - INFO - CL:0000623: (137560, 3563) x (137560, 123)...
2025-03-06 10:28:59,032 - INFO - CL:0000623: 3563, (3686, 3686)...
2025-03-06 10:28:59,032 - INFO - CL:0000623: 3563, (123, 3563)...
2025-03-06 10:29:21,015 - INFO - CL:0000738: (3563, 249821) x (850, 249821)...
2025-03-06 10:29:21,052 - INFO - CL:0000738: (249821, 3563) x (249821, 850)...
2025-03-06 10:29:41,418 - INFO - CL:0000738: 3563, (4413, 4413)...
2025-03-06 10:29:41,418 - INFO - CL:0000738: 3563, (850, 3563)...
2025-03-06 10:29:53,253 - INFO - CL:0000775: (3563, 117841) x (60, 117841)...
2025-03-06 10:29:53,271 - INFO - CL:0000775: (117841, 3563) x (117841, 60)...
2025-03-06 10:30:02,145 - INFO - CL:0000775: 3563, (3623, 3623)...
2025-03-06 10:30:02,145 - INFO - CL:0000775: 3563, (60, 3563)...
2025-03-06 10:30:18,604 - INFO - CL:0000910;BTO:0000289: (3563, 187202) x (178, 187202)...
2025-03-06 10:30:18,633 - INFO - CL:0000910;BTO:0000289: (187202, 3563) x (187202, 178)...
2025-03-06 10:30:32,472 - INFO - CL:0000910;BTO:0000289: 3563, (3741, 3741)...
2025-03-06 10:30:32,472 - INFO - CL:0000910;BTO:0000289: 3563, (178, 3563)...
2025-03-06 10:30:42,238 - INFO - CL:0002322;BTO:0001086: (3563, 95849) x (41, 95849)...
2025-03-06 10:30:42,253 - INFO - CL:0002322;BTO:0001086: (95849, 3563) x (95849, 41)...
2025-03-06 10:30:49,528 - INFO - CL:0002322;BTO:0001086: 3563, (3604, 3604)...
2025-03-06 10:30:49,528 - INFO - CL:0002322;BTO:0001086: 3563, (41, 3563)...
2025-03-06 10:31:05,197 - INFO - CL:2000001: (3563, 173045) x (282, 173045)...
2025-03-06 10:31:05,224 - INFO - CL:2000001: (173045, 3563) x (173045, 282)...
2025-03-06 10:31:18,424 - INFO - CL:2000001: 3563, (3845, 3845)...
2025-03-06 10:31:18,424 - INFO - CL:2000001: 3563, (282, 3563)...
2025-03-06 10:31:18,890 - INFO - UBERON:0000002: (3563, 3185) x (9, 3185)...
2025-03-06 10:31:18,891 - INFO - UBERON:0000002: (3185, 3563) x (3185, 9)...
2025-03-06 10:31:19,304 - INFO - UBERON:0000002: 3563, (3572, 3572)...
2025-03-06 10:31:19,304 - INFO - UBERON:0000002: 3563, (9, 3563)...
2025-03-06 10:31:32,112 - INFO - UBERON:0000006: (3563, 132557) x (63, 132557)...
2025-03-06 10:31:32,132 - INFO - UBERON:0000006: (132557, 3563) x (132557, 63)...
2025-03-06 10:31:41,330 - INFO - UBERON:0000006: 3563, (3626, 3626)...
2025-03-06 10:31:41,331 - INFO - UBERON:0000006: 3563, (63, 3563)...
2025-03-06 10:31:56,695 - INFO - UBERON:0000310: (3563, 165594) x (207, 165594)...
2025-03-06 10:31:56,720 - INFO - UBERON:0000310: (165594, 3563) x (165594, 207)...
2025-03-06 10:32:09,387 - INFO - UBERON:0000310: 3563, (3770, 3770)...
2025-03-06 10:32:09,388 - INFO - UBERON:0000310: 3563, (207, 3563)...
2025-03-06 10:32:30,117 - INFO - UBERON:0000451: (3563, 240102) x (458, 240102)...
2025-03-06 10:32:30,152 - INFO - UBERON:0000451: (240102, 3563) x (240102, 458)...
2025-03-06 10:32:49,455 - INFO - UBERON:0000451: 3563, (4021, 4021)...
2025-03-06 10:32:49,455 - INFO - UBERON:0000451: 3563, (458, 3563)...
2025-03-06 10:33:00,785 - INFO - UBERON:0000945: (3563, 114836) x (88, 114836)...
2025-03-06 10:33:00,802 - INFO - UBERON:0000945: (114836, 3563) x (114836, 88)...
2025-03-06 10:33:09,490 - INFO - UBERON:0000945: 3563, (3651, 3651)...
2025-03-06 10:33:09,490 - INFO - UBERON:0000945: 3563, (88, 3563)...
2025-03-06 10:33:13,002 - INFO - UBERON:0000955: (3563, 31207) x (28, 31207)...
2025-03-06 10:33:13,007 - INFO - UBERON:0000955: (31207, 3563) x (31207, 28)...
2025-03-06 10:33:15,467 - INFO - UBERON:0000955: 3563, (3591, 3591)...
2025-03-06 10:33:15,467 - INFO - UBERON:0000955: 3563, (28, 3563)...
2025-03-06 10:33:16,960 - INFO - UBERON:0000992: (3563, 12665) x (15, 12665)...
2025-03-06 10:33:16,963 - INFO - UBERON:0000992: (12665, 3563) x (12665, 15)...
2025-03-06 10:33:18,059 - INFO - UBERON:0000992: 3563, (3578, 3578)...
2025-03-06 10:33:18,059 - INFO - UBERON:0000992: 3563, (15, 3563)...
2025-03-06 10:33:20,074 - INFO - UBERON:0001005: (3563, 17720) x (8, 17720)...
2025-03-06 10:33:20,077 - INFO - UBERON:0001005: (17720, 3563) x (17720, 8)...
2025-03-06 10:33:21,488 - INFO - UBERON:0001005: 3563, (3571, 3571)...
2025-03-06 10:33:21,488 - INFO - UBERON:0001005: 3563, (8, 3563)...
2025-03-06 10:33:33,591 - INFO - UBERON:0001016: (3563, 125801) x (34, 125801)...
2025-03-06 10:33:33,610 - INFO - UBERON:0001016: (125801, 3563) x (125801, 34)...
2025-03-06 10:33:42,369 - INFO - UBERON:0001016: 3563, (3597, 3597)...
2025-03-06 10:33:42,369 - INFO - UBERON:0001016: 3563, (34, 3563)...
2025-03-06 10:33:42,460 - INFO - UBERON:0001032: (3563, 537) x (4, 537)...
2025-03-06 10:33:42,460 - INFO - UBERON:0001032: (537, 3563) x (537, 4)...
2025-03-06 10:33:42,695 - INFO - UBERON:0001032: 3563, (3567, 3567)...
2025-03-06 10:33:42,695 - INFO - UBERON:0001032: 3563, (4, 3563)...
2025-03-06 10:33:49,661 - INFO - UBERON:0001043: (3563, 64552) x (31, 64552)...
2025-03-06 10:33:49,671 - INFO - UBERON:0001043: (64552, 3563) x (64552, 31)...
2025-03-06 10:33:54,175 - INFO - UBERON:0001043: 3563, (3594, 3594)...
2025-03-06 10:33:54,175 - INFO - UBERON:0001043: 3563, (31, 3563)...
2025-03-06 10:33:56,478 - INFO - UBERON:0001052: (3563, 22430) x (15, 22430)...
2025-03-06 10:33:56,482 - INFO - UBERON:0001052: (22430, 3563) x (22430, 15)...
2025-03-06 10:33:58,297 - INFO - UBERON:0001052: 3563, (3578, 3578)...
2025-03-06 10:33:58,298 - INFO - UBERON:0001052: 3563, (15, 3563)...
2025-03-06 10:34:13,214 - INFO - UBERON:0001155: (3563, 159445) x (213, 159445)...
2025-03-06 10:34:13,237 - INFO - UBERON:0001155: (159445, 3563) x (159445, 213)...
2025-03-06 10:34:24,865 - INFO - UBERON:0001155: 3563, (3776, 3776)...
2025-03-06 10:34:24,865 - INFO - UBERON:0001155: 3563, (213, 3563)...
2025-03-06 10:34:33,810 - INFO - UBERON:0001264: (3563, 87714) x (68, 87714)...
2025-03-06 10:34:33,823 - INFO - UBERON:0001264: (87714, 3563) x (87714, 68)...
2025-03-06 10:34:40,304 - INFO - UBERON:0001264: 3563, (3631, 3631)...
2025-03-06 10:34:40,304 - INFO - UBERON:0001264: 3563, (68, 3563)...
2025-03-06 10:34:43,734 - INFO - UBERON:0001295: (3563, 29971) x (17, 29971)...
2025-03-06 10:34:43,739 - INFO - UBERON:0001295: (29971, 3563) x (29971, 17)...
2025-03-06 10:34:46,103 - INFO - UBERON:0001295: 3563, (3580, 3580)...
2025-03-06 10:34:46,103 - INFO - UBERON:0001295: 3563, (17, 3563)...
2025-03-06 10:35:00,173 - INFO - UBERON:0001836: (3563, 152947) x (209, 152947)...
2025-03-06 10:35:00,196 - INFO - UBERON:0001836: (152947, 3563) x (152947, 209)...
2025-03-06 10:35:11,579 - INFO - UBERON:0001836: 3563, (3772, 3772)...
2025-03-06 10:35:11,579 - INFO - UBERON:0001836: 3563, (209, 3563)...
2025-03-06 10:35:24,367 - INFO - UBERON:0001870: (3563, 133011) x (75, 133011)...
2025-03-06 10:35:24,387 - INFO - UBERON:0001870: (133011, 3563) x (133011, 75)...
2025-03-06 10:35:33,781 - INFO - UBERON:0001870: 3563, (3638, 3638)...
2025-03-06 10:35:33,781 - INFO - UBERON:0001870: 3563, (75, 3563)...
2025-03-06 10:35:53,667 - INFO - UBERON:0001871: (3563, 230050) x (372, 230050)...
2025-03-06 10:35:53,701 - INFO - UBERON:0001871: (230050, 3563) x (230050, 372)...
2025-03-06 10:36:10,952 - INFO - UBERON:0001871: 3563, (3935, 3935)...
2025-03-06 10:36:10,952 - INFO - UBERON:0001871: 3563, (372, 3563)...
2025-03-06 10:36:32,767 - INFO - UBERON:0001987: (3563, 252074) x (693, 252074)...
2025-03-06 10:36:32,806 - INFO - UBERON:0001987: (252074, 3563) x (252074, 693)...
2025-03-06 10:36:53,769 - INFO - UBERON:0001987: 3563, (4256, 4256)...
2025-03-06 10:36:53,769 - INFO - UBERON:0001987: 3563, (693, 3563)...
2025-03-06 10:37:04,930 - INFO - UBERON:0002037: (3563, 113285) x (28, 113285)...
2025-03-06 10:37:04,947 - INFO - UBERON:0002037: (113285, 3563) x (113285, 28)...
2025-03-06 10:37:13,463 - INFO - UBERON:0002037: 3563, (3591, 3591)...
2025-03-06 10:37:13,463 - INFO - UBERON:0002037: 3563, (28, 3563)...
2025-03-06 10:37:23,740 - INFO - UBERON:0002046: (3563, 101961) x (85, 101961)...
2025-03-06 10:37:23,755 - INFO - UBERON:0002046: (101961, 3563) x (101961, 85)...
2025-03-06 10:37:31,173 - INFO - UBERON:0002046: 3563, (3648, 3648)...
2025-03-06 10:37:31,173 - INFO - UBERON:0002046: 3563, (85, 3563)...
2025-03-06 10:37:34,593 - INFO - UBERON:0002048: (3563, 29237) x (48, 29237)...
2025-03-06 10:37:34,598 - INFO - UBERON:0002048: (29237, 3563) x (29237, 48)...
2025-03-06 10:37:36,960 - INFO - UBERON:0002048: 3563, (3611, 3611)...
2025-03-06 10:37:36,960 - INFO - UBERON:0002048: 3563, (48, 3563)...
2025-03-06 10:37:39,374 - INFO - UBERON:0002097: (3563, 20885) x (24, 20885)...
2025-03-06 10:37:39,377 - INFO - UBERON:0002097: (20885, 3563) x (20885, 24)...
2025-03-06 10:37:41,081 - INFO - UBERON:0002097: 3563, (3587, 3587)...
2025-03-06 10:37:41,081 - INFO - UBERON:0002097: 3563, (24, 3563)...
2025-03-06 10:37:55,133 - INFO - UBERON:0002107: (3563, 152185) x (145, 152185)...
2025-03-06 10:37:55,155 - INFO - UBERON:0002107: (152185, 3563) x (152185, 145)...
2025-03-06 10:38:05,550 - INFO - UBERON:0002107: 3563, (3708, 3708)...
2025-03-06 10:38:05,550 - INFO - UBERON:0002107: 3563, (145, 3563)...
2025-03-06 10:38:13,564 - INFO - UBERON:0002113: (3563, 77079) x (77, 77079)...
2025-03-06 10:38:13,576 - INFO - UBERON:0002113: (77079, 3563) x (77079, 77)...
2025-03-06 10:38:19,348 - INFO - UBERON:0002113: 3563, (3640, 3640)...
2025-03-06 10:38:19,348 - INFO - UBERON:0002113: 3563, (77, 3563)...
2025-03-06 10:38:23,537 - INFO - UBERON:0002190: (3563, 38354) x (24, 38354)...
2025-03-06 10:38:23,544 - INFO - UBERON:0002190: (38354, 3563) x (38354, 24)...
2025-03-06 10:38:26,598 - INFO - UBERON:0002190: 3563, (3587, 3587)...
2025-03-06 10:38:26,599 - INFO - UBERON:0002190: 3563, (24, 3563)...
2025-03-06 10:38:29,351 - INFO - UBERON:0002367: (3563, 23349) x (19, 23349)...
2025-03-06 10:38:29,355 - INFO - UBERON:0002367: (23349, 3563) x (23349, 19)...
2025-03-06 10:38:31,247 - INFO - UBERON:0002367: 3563, (3582, 3582)...
2025-03-06 10:38:31,247 - INFO - UBERON:0002367: 3563, (19, 3563)...
2025-03-06 10:38:34,052 - INFO - UBERON:0002371: (3563, 24438) x (45, 24438)...
2025-03-06 10:38:34,056 - INFO - UBERON:0002371: (24438, 3563) x (24438, 45)...
2025-03-06 10:38:35,933 - INFO - UBERON:0002371: 3563, (3608, 3608)...
2025-03-06 10:38:35,933 - INFO - UBERON:0002371: 3563, (45, 3563)...
2025-03-06 10:38:44,236 - INFO - UBERON:0002418: (3563, 83711) x (43, 83711)...
2025-03-06 10:38:44,249 - INFO - UBERON:0002418: (83711, 3563) x (83711, 43)...
2025-03-06 10:38:50,054 - INFO - UBERON:0002418: 3563, (3606, 3606)...
2025-03-06 10:38:50,054 - INFO - UBERON:0002418: 3563, (43, 3563)...
2025-03-06 10:38:56,890 - INFO - UBERON:0002424: (3563, 65041) x (43, 65041)...
2025-03-06 10:38:56,900 - INFO - UBERON:0002424: (65041, 3563) x (65041, 43)...
2025-03-06 10:39:01,600 - INFO - UBERON:0002424: 3563, (3606, 3606)...
2025-03-06 10:39:01,600 - INFO - UBERON:0002424: 3563, (43, 3563)...
2025-03-06 10:39:01,927 - INFO - UBERON:0002481: (3563, 2472) x (13, 2472)...
2025-03-06 10:39:01,928 - INFO - UBERON:0002481: (2472, 3563) x (2472, 13)...
2025-03-06 10:39:02,299 - INFO - UBERON:0002481: 3563, (3576, 3576)...
2025-03-06 10:39:02,299 - INFO - UBERON:0002481: 3563, (13, 3563)...
2025-03-06 10:39:08,578 - INFO - UBERON:0002728: (3563, 59296) x (27, 59296)...
2025-03-06 10:39:08,587 - INFO - UBERON:0002728: (59296, 3563) x (59296, 27)...
2025-03-06 10:39:12,906 - INFO - UBERON:0002728: 3563, (3590, 3590)...
2025-03-06 10:39:12,906 - INFO - UBERON:0002728: 3563, (27, 3563)...
2025-03-06 10:39:13,499 - INFO - UBERON:0003889: (3563, 4672) x (13, 4672)...
2025-03-06 10:39:13,500 - INFO - UBERON:0003889: (4672, 3563) x (4672, 13)...
2025-03-06 10:39:14,041 - INFO - UBERON:0003889: 3563, (3576, 3576)...
2025-03-06 10:39:14,041 - INFO - UBERON:0003889: 3563, (13, 3563)...
2025-03-06 10:39:14,587 - INFO - UBERON:0004535: (3563, 4481) x (10, 4481)...
2025-03-06 10:39:14,588 - INFO - UBERON:0004535: (4481, 3563) x (4481, 10)...
2025-03-06 10:39:15,110 - INFO - UBERON:0004535: 3563, (3573, 3573)...
2025-03-06 10:39:15,110 - INFO - UBERON:0004535: 3563, (10, 3563)...
2025-03-06 10:39:28,236 - INFO - UBERON:0004802: (3563, 139489) x (82, 139489)...
2025-03-06 10:39:28,257 - INFO - UBERON:0004802: (139489, 3563) x (139489, 82)...
2025-03-06 10:39:38,002 - INFO - UBERON:0004802: 3563, (3645, 3645)...
2025-03-06 10:39:38,002 - INFO - UBERON:0004802: 3563, (82, 3563)...
2025-03-06 10:39:46,977 - INFO - UBERON:0005384: (3563, 90665) x (64, 90665)...
2025-03-06 10:39:46,990 - INFO - UBERON:0005384: (90665, 3563) x (90665, 64)...
2025-03-06 10:39:53,549 - INFO - UBERON:0005384: 3563, (3627, 3627)...
2025-03-06 10:39:53,550 - INFO - UBERON:0005384: 3563, (64, 3563)...
2025-03-06 10:40:11,627 - INFO - UBERON:0012168: (3563, 202470) x (632, 202470)...
2025-03-06 10:40:11,657 - INFO - UBERON:0012168: (202470, 3563) x (202470, 632)...
2025-03-06 10:40:27,923 - INFO - UBERON:0012168: 3563, (4195, 4195)...
2025-03-06 10:40:27,923 - INFO - UBERON:0012168: 3563, (632, 3563)...
2025-03-06 10:40:36,932 - INFO - UBERON:0035818: (3563, 86383) x (48, 86383)...
2025-03-06 10:40:36,945 - INFO - UBERON:0035818: (86383, 3563) x (86383, 48)...
2025-03-06 10:40:43,616 - INFO - UBERON:0035818: 3563, (3611, 3611)...
2025-03-06 10:40:43,616 - INFO - UBERON:0035818: 3563, (48, 3563)...
2025-03-06 10:40:43,763 - INFO - UBERON:8450002: (3563, 1026) x (6, 1026)...
2025-03-06 10:40:43,763 - INFO - UBERON:8450002: (1026, 3563) x (1026, 6)...
2025-03-06 10:40:44,047 - INFO - UBERON:8450002: 3563, (3569, 3569)...
2025-03-06 10:40:44,047 - INFO - UBERON:8450002: 3563, (6, 3563)...
