2025-03-06 09:38:58,880 - INFO - Loading Mv and meta from ./../data/GEO/preprocessed/training.dill
2025-03-06 09:39:11,374 - INFO - (10351, 297598), (10351, 10)
2025-03-06 09:39:47,281 - INFO - Processing Fold 0
2025-03-06 09:40:13,347 - INFO - CL:0000019: (3563, 251925) x (239, 251925)...
2025-03-06 09:42:21,212 - INFO - Loading Mv and meta from ./../data/GEO/preprocessed/training.dill
2025-03-06 09:42:33,747 - INFO - (10351, 297598), (10351, 10)
2025-03-06 09:43:08,219 - INFO - Processing Fold 0
2025-03-06 09:43:34,012 - INFO - CL:0000019: (3563, 251925) x (239, 251925)...
2025-03-06 09:43:51,197 - INFO - CL:0000019: 3563, (3802, 3802)...
2025-03-06 09:43:51,198 - INFO - CL:0000019: 3563, (3563, 239)...
2025-03-06 09:44:02,883 - INFO - CL:0000056: (3563, 120572) x (56, 120572)...
2025-03-06 09:44:11,692 - INFO - CL:0000056: 3563, (3619, 3619)...
2025-03-06 09:44:11,692 - INFO - CL:0000056: 3563, (3563, 56)...
2025-03-06 09:44:27,664 - INFO - CL:0000057: (3563, 173135) x (90, 173135)...
2025-03-06 09:44:36,471 - INFO - CL:0000057: 3563, (3653, 3653)...
2025-03-06 09:44:36,471 - INFO - CL:0000057: 3563, (3563, 90)...
2025-03-06 09:44:52,115 - INFO - CL:0000084: (3563, 165590) x (287, 165590)...
2025-03-06 09:45:00,500 - INFO - CL:0000084: 3563, (3850, 3850)...
2025-03-06 09:45:00,500 - INFO - CL:0000084: 3563, (3563, 287)...
2025-03-06 09:45:00,535 - INFO - CL:0000094: (3563, 44) x (5, 44)...
2025-03-06 09:45:00,670 - INFO - CL:0000094: 3563, (3568, 3568)...
2025-03-06 09:45:00,670 - INFO - CL:0000094: 3563, (3563, 5)...
2025-03-06 09:45:10,779 - INFO - CL:0000148: (3563, 125115) x (106, 125115)...
2025-03-06 09:45:16,996 - INFO - CL:0000148: 3563, (3669, 3669)...
2025-03-06 09:45:16,996 - INFO - CL:0000148: 3563, (3563, 106)...
2025-03-06 09:45:30,763 - INFO - CL:0000236: (3563, 185148) x (196, 185148)...
2025-03-06 09:45:40,347 - INFO - CL:0000236: 3563, (3759, 3759)...
2025-03-06 09:45:40,347 - INFO - CL:0000236: 3563, (3563, 196)...
2025-03-06 09:45:43,033 - INFO - CL:0000542: (3563, 29159) x (24, 29159)...
2025-03-06 09:45:44,508 - INFO - CL:0000542: 3563, (3587, 3587)...
2025-03-06 09:45:44,509 - INFO - CL:0000542: 3563, (3563, 24)...
2025-03-06 09:45:58,736 - INFO - CL:0000576: (3563, 196715) x (168, 196715)...
2025-03-06 09:46:08,611 - INFO - CL:0000576: 3563, (3731, 3731)...
2025-03-06 09:46:08,611 - INFO - CL:0000576: 3563, (3563, 168)...
2025-03-06 09:46:19,568 - INFO - CL:0000623: (3563, 137560) x (123, 137560)...
2025-03-06 09:46:26,250 - INFO - CL:0000623: 3563, (3686, 3686)...
2025-03-06 09:46:26,250 - INFO - CL:0000623: 3563, (3563, 123)...
2025-03-06 09:46:43,582 - INFO - CL:0000738: (3563, 249821) x (850, 249821)...
2025-03-06 09:46:58,073 - INFO - CL:0000738: 3563, (4413, 4413)...
2025-03-06 09:46:58,074 - INFO - CL:0000738: 3563, (3563, 850)...
2025-03-06 09:47:07,834 - INFO - CL:0000775: (3563, 117841) x (60, 117841)...
2025-03-06 09:47:13,520 - INFO - CL:0000775: 3563, (3623, 3623)...
2025-03-06 09:47:13,520 - INFO - CL:0000775: 3563, (3563, 60)...
2025-03-06 09:47:27,263 - INFO - CL:0000910;BTO:0000289: (3563, 187202) x (178, 187202)...
2025-03-06 09:47:36,580 - INFO - CL:0000910;BTO:0000289: 3563, (3741, 3741)...
2025-03-06 09:47:36,580 - INFO - CL:0000910;BTO:0000289: 3563, (3563, 178)...
2025-03-06 09:47:44,913 - INFO - CL:0002322;BTO:0001086: (3563, 95849) x (41, 95849)...
2025-03-06 09:47:49,592 - INFO - CL:0002322;BTO:0001086: 3563, (3604, 3604)...
2025-03-06 09:47:49,592 - INFO - CL:0002322;BTO:0001086: 3563, (3563, 41)...
2025-03-06 09:48:02,614 - INFO - CL:2000001: (3563, 173045) x (282, 173045)...
2025-03-06 09:48:12,160 - INFO - CL:2000001: 3563, (3845, 3845)...
2025-03-06 09:48:12,161 - INFO - CL:2000001: 3563, (3563, 282)...
2025-03-06 09:48:12,576 - INFO - UBERON:0000002: (3563, 3185) x (9, 3185)...
2025-03-06 09:48:12,903 - INFO - UBERON:0000002: 3563, (3572, 3572)...
2025-03-06 09:48:12,903 - INFO - UBERON:0000002: 3563, (3563, 9)...
2025-03-06 09:48:23,485 - INFO - UBERON:0000006: (3563, 132557) x (63, 132557)...
2025-03-06 09:48:30,083 - INFO - UBERON:0000006: 3563, (3626, 3626)...
2025-03-06 09:48:30,083 - INFO - UBERON:0000006: 3563, (3563, 63)...
2025-03-06 09:48:42,655 - INFO - UBERON:0000310: (3563, 165594) x (207, 165594)...
2025-03-06 09:48:50,857 - INFO - UBERON:0000310: 3563, (3770, 3770)...
2025-03-06 09:48:50,857 - INFO - UBERON:0000310: 3563, (3563, 207)...
2025-03-06 09:49:07,408 - INFO - UBERON:0000451: (3563, 240102) x (458, 240102)...
2025-03-06 09:49:20,432 - INFO - UBERON:0000451: 3563, (4021, 4021)...
2025-03-06 09:49:20,432 - INFO - UBERON:0000451: 3563, (3563, 458)...
2025-03-06 09:49:29,913 - INFO - UBERON:0000945: (3563, 114836) x (88, 114836)...
2025-03-06 09:49:35,565 - INFO - UBERON:0000945: 3563, (3651, 3651)...
2025-03-06 09:49:35,565 - INFO - UBERON:0000945: 3563, (3563, 88)...
2025-03-06 09:49:38,621 - INFO - UBERON:0000955: (3563, 31207) x (28, 31207)...
2025-03-06 09:49:40,308 - INFO - UBERON:0000955: 3563, (3591, 3591)...
2025-03-06 09:49:40,309 - INFO - UBERON:0000955: 3563, (3563, 28)...
2025-03-06 09:49:41,627 - INFO - UBERON:0000992: (3563, 12665) x (15, 12665)...
2025-03-06 09:49:42,375 - INFO - UBERON:0000992: 3563, (3578, 3578)...
2025-03-06 09:49:42,375 - INFO - UBERON:0000992: 3563, (3563, 15)...
2025-03-06 09:49:44,108 - INFO - UBERON:0001005: (3563, 17720) x (8, 17720)...
2025-03-06 09:49:45,107 - INFO - UBERON:0001005: 3563, (3571, 3571)...
2025-03-06 09:49:45,107 - INFO - UBERON:0001005: 3563, (3563, 8)...
2025-03-06 09:49:55,379 - INFO - UBERON:0001016: (3563, 125801) x (34, 125801)...
2025-03-06 09:50:01,646 - INFO - UBERON:0001016: 3563, (3597, 3597)...
2025-03-06 09:50:01,646 - INFO - UBERON:0001016: 3563, (3563, 34)...
2025-03-06 09:50:01,791 - INFO - UBERON:0001032: (3563, 537) x (4, 537)...
2025-03-06 09:50:01,985 - INFO - UBERON:0001032: 3563, (3567, 3567)...
2025-03-06 09:50:01,985 - INFO - UBERON:0001032: 3563, (3563, 4)...
2025-03-06 09:50:11,923 - INFO - UBERON:0001043: (3563, 64552) x (31, 64552)...
2025-03-06 09:50:15,182 - INFO - UBERON:0001043: 3563, (3594, 3594)...
2025-03-06 09:50:15,182 - INFO - UBERON:0001043: 3563, (3563, 31)...
2025-03-06 09:50:19,005 - INFO - UBERON:0001052: (3563, 22430) x (15, 22430)...
2025-03-06 09:50:20,217 - INFO - UBERON:0001052: 3563, (3578, 3578)...
2025-03-06 09:50:20,217 - INFO - UBERON:0001052: 3563, (3563, 15)...
2025-03-06 09:50:39,695 - INFO - UBERON:0001155: (3563, 159445) x (213, 159445)...
2025-03-06 09:50:47,770 - INFO - UBERON:0001155: 3563, (3776, 3776)...
2025-03-06 09:50:47,770 - INFO - UBERON:0001155: 3563, (3563, 213)...
2025-03-06 09:50:58,968 - INFO - UBERON:0001264: (3563, 87714) x (68, 87714)...
2025-03-06 09:51:03,347 - INFO - UBERON:0001264: 3563, (3631, 3631)...
2025-03-06 09:51:03,347 - INFO - UBERON:0001264: 3563, (3563, 68)...
2025-03-06 09:51:08,746 - INFO - UBERON:0001295: (3563, 29971) x (17, 29971)...
2025-03-06 09:51:10,393 - INFO - UBERON:0001295: 3563, (3580, 3580)...
2025-03-06 09:51:10,393 - INFO - UBERON:0001295: 3563, (3563, 17)...
2025-03-06 09:51:30,154 - INFO - UBERON:0001836: (3563, 152947) x (209, 152947)...
2025-03-06 09:51:37,749 - INFO - UBERON:0001836: 3563, (3772, 3772)...
2025-03-06 09:51:37,749 - INFO - UBERON:0001836: 3563, (3563, 209)...
2025-03-06 09:51:51,678 - INFO - UBERON:0001870: (3563, 133011) x (75, 133011)...
2025-03-06 09:51:58,125 - INFO - UBERON:0001870: 3563, (3638, 3638)...
2025-03-06 09:51:58,126 - INFO - UBERON:0001870: 3563, (3563, 75)...
2025-03-06 09:52:15,095 - INFO - UBERON:0001871: (3563, 230050) x (372, 230050)...
2025-03-06 09:52:27,677 - INFO - UBERON:0001871: 3563, (3935, 3935)...
2025-03-06 09:52:27,677 - INFO - UBERON:0001871: 3563, (3563, 372)...
2025-03-06 09:52:50,668 - INFO - UBERON:0001987: (3563, 252074) x (693, 252074)...
2025-03-06 09:53:06,221 - INFO - UBERON:0001987: 3563, (4256, 4256)...
2025-03-06 09:53:06,222 - INFO - UBERON:0001987: 3563, (3563, 693)...
2025-03-06 09:53:23,756 - INFO - UBERON:0002037: (3563, 113285) x (28, 113285)...
2025-03-06 09:53:29,670 - INFO - UBERON:0002037: 3563, (3591, 3591)...
2025-03-06 09:53:29,671 - INFO - UBERON:0002037: 3563, (3563, 28)...
2025-03-06 09:53:44,108 - INFO - UBERON:0002046: (3563, 101961) x (85, 101961)...
2025-03-06 09:53:49,830 - INFO - UBERON:0002046: 3563, (3648, 3648)...
2025-03-06 09:53:49,830 - INFO - UBERON:0002046: 3563, (3563, 85)...
2025-03-06 09:53:53,974 - INFO - UBERON:0002048: (3563, 29237) x (48, 29237)...
2025-03-06 09:53:55,504 - INFO - UBERON:0002048: 3563, (3611, 3611)...
2025-03-06 09:53:55,504 - INFO - UBERON:0002048: 3563, (3563, 48)...
2025-03-06 09:53:59,190 - INFO - UBERON:0002097: (3563, 20885) x (24, 20885)...
2025-03-06 09:54:00,349 - INFO - UBERON:0002097: 3563, (3587, 3587)...
2025-03-06 09:54:00,349 - INFO - UBERON:0002097: 3563, (3563, 24)...
2025-03-06 09:54:17,790 - INFO - UBERON:0002107: (3563, 152185) x (145, 152185)...
2025-03-06 09:54:25,459 - INFO - UBERON:0002107: 3563, (3708, 3708)...
2025-03-06 09:54:25,459 - INFO - UBERON:0002107: 3563, (3563, 145)...
2025-03-06 09:54:36,668 - INFO - UBERON:0002113: (3563, 77079) x (77, 77079)...
2025-03-06 09:54:40,436 - INFO - UBERON:0002113: 3563, (3640, 3640)...
2025-03-06 09:54:40,436 - INFO - UBERON:0002113: 3563, (3563, 77)...
2025-03-06 09:54:45,306 - INFO - UBERON:0002190: (3563, 38354) x (24, 38354)...
2025-03-06 09:54:47,265 - INFO - UBERON:0002190: 3563, (3587, 3587)...
2025-03-06 09:54:47,266 - INFO - UBERON:0002190: 3563, (3563, 24)...
2025-03-06 09:54:50,243 - INFO - UBERON:0002367: (3563, 23349) x (19, 23349)...
2025-03-06 09:54:51,520 - INFO - UBERON:0002367: 3563, (3582, 3582)...
2025-03-06 09:54:51,520 - INFO - UBERON:0002367: 3563, (3563, 19)...
2025-03-06 09:54:54,368 - INFO - UBERON:0002371: (3563, 24438) x (45, 24438)...
2025-03-06 09:54:55,668 - INFO - UBERON:0002371: 3563, (3608, 3608)...
2025-03-06 09:54:55,668 - INFO - UBERON:0002371: 3563, (3563, 45)...
2025-03-06 09:55:04,058 - INFO - UBERON:0002418: (3563, 83711) x (43, 83711)...
2025-03-06 09:55:08,097 - INFO - UBERON:0002418: 3563, (3606, 3606)...
2025-03-06 09:55:08,097 - INFO - UBERON:0002418: 3563, (3563, 43)...
2025-03-06 09:55:16,699 - INFO - UBERON:0002424: (3563, 65041) x (43, 65041)...
2025-03-06 09:55:19,828 - INFO - UBERON:0002424: 3563, (3606, 3606)...
2025-03-06 09:55:19,828 - INFO - UBERON:0002424: 3563, (3563, 43)...
2025-03-06 09:55:20,235 - INFO - UBERON:0002481: (3563, 2472) x (13, 2472)...
2025-03-06 09:55:20,512 - INFO - UBERON:0002481: 3563, (3576, 3576)...
2025-03-06 09:55:20,512 - INFO - UBERON:0002481: 3563, (3563, 13)...
2025-03-06 09:55:27,995 - INFO - UBERON:0002728: (3563, 59296) x (27, 59296)...
2025-03-06 09:55:30,810 - INFO - UBERON:0002728: 3563, (3590, 3590)...
2025-03-06 09:55:30,810 - INFO - UBERON:0002728: 3563, (3563, 27)...
2025-03-06 09:55:31,578 - INFO - UBERON:0003889: (3563, 4672) x (13, 4672)...
2025-03-06 09:55:31,955 - INFO - UBERON:0003889: 3563, (3576, 3576)...
2025-03-06 09:55:31,955 - INFO - UBERON:0003889: 3563, (3563, 13)...
2025-03-06 09:55:32,672 - INFO - UBERON:0004535: (3563, 4481) x (10, 4481)...
2025-03-06 09:55:33,050 - INFO - UBERON:0004535: 3563, (3573, 3573)...
2025-03-06 09:55:33,050 - INFO - UBERON:0004535: 3563, (3563, 10)...
2025-03-06 09:55:48,979 - INFO - UBERON:0004802: (3563, 139489) x (82, 139489)...
2025-03-06 09:55:55,672 - INFO - UBERON:0004802: 3563, (3645, 3645)...
2025-03-06 09:55:55,672 - INFO - UBERON:0004802: 3563, (3563, 82)...
2025-03-06 09:56:06,024 - INFO - UBERON:0005384: (3563, 90665) x (64, 90665)...
2025-03-06 09:56:10,511 - INFO - UBERON:0005384: 3563, (3627, 3627)...
2025-03-06 09:56:10,511 - INFO - UBERON:0005384: 3563, (3563, 64)...
2025-03-06 09:56:25,823 - INFO - UBERON:0012168: (3563, 202470) x (632, 202470)...
2025-03-06 09:56:37,087 - INFO - UBERON:0012168: 3563, (4195, 4195)...
2025-03-06 09:56:37,087 - INFO - UBERON:0012168: 3563, (3563, 632)...
2025-03-06 09:56:44,993 - INFO - UBERON:0035818: (3563, 86383) x (48, 86383)...
2025-03-06 09:56:49,332 - INFO - UBERON:0035818: 3563, (3611, 3611)...
2025-03-06 09:56:49,332 - INFO - UBERON:0035818: 3563, (3563, 48)...
2025-03-06 09:56:49,473 - INFO - UBERON:8450002: (3563, 1026) x (6, 1026)...
2025-03-06 09:56:49,694 - INFO - UBERON:8450002: 3563, (3569, 3569)...
2025-03-06 09:56:49,694 - INFO - UBERON:8450002: 3563, (3563, 6)...
2025-03-06 09:56:50,566 - INFO - Processing Fold 1
2025-03-06 09:57:16,544 - INFO - CL:0000019: (3361, 203541) x (171, 203541)...
2025-03-06 09:57:25,730 - INFO - CL:0000019: 3361, (3532, 3532)...
2025-03-06 09:57:25,730 - INFO - CL:0000019: 3361, (3361, 171)...
2025-03-06 09:57:33,309 - INFO - CL:0000056: (3361, 83052) x (28, 83052)...
2025-03-06 09:57:36,951 - INFO - CL:0000056: 3361, (3389, 3389)...
2025-03-06 09:57:36,951 - INFO - CL:0000056: 3361, (3361, 28)...
2025-03-06 09:57:46,328 - INFO - CL:0000057: (3361, 110964) x (55, 110964)...
2025-03-06 09:57:51,271 - INFO - CL:0000057: 3361, (3416, 3416)...
2025-03-06 09:57:51,271 - INFO - CL:0000057: 3361, (3361, 55)...
2025-03-06 09:58:07,340 - INFO - CL:0000084: (3361, 220558) x (288, 220558)...
2025-03-06 09:58:17,680 - INFO - CL:0000084: 3361, (3649, 3649)...
2025-03-06 09:58:17,680 - INFO - CL:0000084: 3361, (3361, 288)...
2025-03-06 09:58:18,856 - INFO - CL:0000094: (3361, 10205) x (12, 10205)...
2025-03-06 09:58:19,400 - INFO - CL:0000094: 3361, (3373, 3373)...
2025-03-06 09:58:19,400 - INFO - CL:0000094: 3361, (3361, 12)...
2025-03-06 09:58:19,417 - INFO - CL:0000148: (3361, 91) x (3, 91)...
2025-03-06 09:58:19,542 - INFO - CL:0000148: 3361, (3364, 3364)...
2025-03-06 09:58:19,543 - INFO - CL:0000148: 3361, (3361, 3)...
2025-03-06 09:58:34,622 - INFO - CL:0000236: (3361, 206339) x (146, 206339)...
2025-03-06 09:58:44,586 - INFO - CL:0000236: 3361, (3507, 3507)...
2025-03-06 09:58:44,586 - INFO - CL:0000236: 3361, (3361, 146)...
2025-03-06 09:58:44,901 - INFO - CL:0000542: (3361, 2480) x (11, 2480)...
2025-03-06 09:58:45,123 - INFO - CL:0000542: 3361, (3372, 3372)...
2025-03-06 09:58:45,123 - INFO - CL:0000542: 3361, (3361, 11)...
2025-03-06 09:59:00,521 - INFO - CL:0000576: (3361, 209596) x (163, 209596)...
2025-03-06 09:59:10,279 - INFO - CL:0000576: 3361, (3524, 3524)...
2025-03-06 09:59:10,279 - INFO - CL:0000576: 3361, (3361, 163)...
2025-03-06 09:59:23,877 - INFO - CL:0000623: (3361, 176485) x (122, 176485)...
2025-03-06 09:59:32,254 - INFO - CL:0000623: 3361, (3483, 3483)...
2025-03-06 09:59:32,254 - INFO - CL:0000623: 3361, (3361, 122)...
2025-03-06 09:59:49,729 - INFO - CL:0000738: (3361, 243693) x (842, 243693)...
2025-03-06 10:00:03,282 - INFO - CL:0000738: 3361, (4203, 4203)...
2025-03-06 10:00:03,282 - INFO - CL:0000738: 3361, (3361, 842)...
2025-03-06 10:00:17,286 - INFO - CL:0000775: (3361, 185010) x (56, 185010)...
2025-03-06 10:00:25,793 - INFO - CL:0000775: 3361, (3417, 3417)...
2025-03-06 10:00:25,793 - INFO - CL:0000775: 3361, (3361, 56)...
2025-03-06 10:00:40,447 - INFO - CL:0000910;BTO:0000289: (3361, 196494) x (156, 196494)...
2025-03-06 10:00:49,714 - INFO - CL:0000910;BTO:0000289: 3361, (3517, 3517)...
2025-03-06 10:00:49,715 - INFO - CL:0000910;BTO:0000289: 3361, (3361, 156)...
2025-03-06 10:00:58,751 - INFO - CL:0002322;BTO:0001086: (3361, 102908) x (45, 102908)...
2025-03-06 10:01:03,488 - INFO - CL:0002322;BTO:0001086: 3361, (3406, 3406)...
2025-03-06 10:01:03,489 - INFO - CL:0002322;BTO:0001086: 3361, (3361, 45)...
2025-03-06 10:01:17,269 - INFO - CL:2000001: (3361, 180519) x (276, 180519)...
2025-03-06 10:01:26,335 - INFO - CL:2000001: 3361, (3637, 3637)...
2025-03-06 10:01:26,335 - INFO - CL:2000001: 3361, (3361, 276)...
2025-03-06 10:01:28,672 - INFO - UBERON:0000002: (3361, 22515) x (37, 22515)...
2025-03-06 10:01:29,789 - INFO - UBERON:0000002: 3361, (3398, 3398)...
2025-03-06 10:01:29,789 - INFO - UBERON:0000002: 3361, (3361, 37)...
2025-03-06 10:01:40,187 - INFO - UBERON:0000006: (3361, 125019) x (68, 125019)...
2025-03-06 10:01:45,674 - INFO - UBERON:0000006: 3361, (3429, 3429)...
2025-03-06 10:01:45,674 - INFO - UBERON:0000006: 3361, (3361, 68)...
2025-03-06 10:02:00,640 - INFO - UBERON:0000310: (3361, 203493) x (228, 203493)...
2025-03-06 10:02:10,022 - INFO - UBERON:0000310: 3361, (3589, 3589)...
2025-03-06 10:02:10,022 - INFO - UBERON:0000310: 3361, (3361, 228)...
2025-03-06 10:02:27,546 - INFO - UBERON:0000451: (3361, 251105) x (502, 251105)...
2025-03-06 10:02:40,431 - INFO - UBERON:0000451: 3361, (3863, 3863)...
2025-03-06 10:02:40,431 - INFO - UBERON:0000451: 3361, (3361, 502)...
2025-03-06 10:02:48,205 - INFO - UBERON:0000945: (3361, 88165) x (56, 88165)...
2025-03-06 10:02:52,404 - INFO - UBERON:0000945: 3361, (3417, 3417)...
2025-03-06 10:02:52,405 - INFO - UBERON:0000945: 3361, (3361, 56)...
2025-03-06 10:02:56,541 - INFO - UBERON:0000955: (3361, 42609) x (30, 42609)...
2025-03-06 10:02:58,600 - INFO - UBERON:0000955: 3361, (3391, 3391)...
2025-03-06 10:02:58,600 - INFO - UBERON:0000955: 3361, (3361, 30)...
2025-03-06 10:02:59,211 - INFO - UBERON:0000992: (3361, 6002) x (10, 6002)...
2025-03-06 10:02:59,571 - INFO - UBERON:0000992: 3361, (3371, 3371)...
2025-03-06 10:02:59,571 - INFO - UBERON:0000992: 3361, (3361, 10)...
2025-03-06 10:03:04,854 - INFO - UBERON:0001005: (3361, 57297) x (16, 57297)...
2025-03-06 10:03:07,528 - INFO - UBERON:0001005: 3361, (3377, 3377)...
2025-03-06 10:03:07,528 - INFO - UBERON:0001005: 3361, (3361, 16)...
2025-03-06 10:03:08,524 - INFO - UBERON:0001016: (3361, 9756) x (13, 9756)...
2025-03-06 10:03:09,054 - INFO - UBERON:0001016: 3361, (3374, 3374)...
2025-03-06 10:03:09,054 - INFO - UBERON:0001016: 3361, (3361, 13)...
2025-03-06 10:03:09,165 - INFO - UBERON:0001032: (3361, 893) x (4, 893)...
2025-03-06 10:03:09,330 - INFO - UBERON:0001032: 3361, (3365, 3365)...
2025-03-06 10:03:09,330 - INFO - UBERON:0001032: 3361, (3361, 4)...
2025-03-06 10:03:15,542 - INFO - UBERON:0001043: (3361, 65754) x (18, 65754)...
2025-03-06 10:03:18,561 - INFO - UBERON:0001043: 3361, (3379, 3379)...
2025-03-06 10:03:18,561 - INFO - UBERON:0001043: 3361, (3361, 18)...
2025-03-06 10:03:18,670 - INFO - UBERON:0001052: (3361, 881) x (6, 881)...
2025-03-06 10:03:18,847 - INFO - UBERON:0001052: 3361, (3367, 3367)...
2025-03-06 10:03:18,847 - INFO - UBERON:0001052: 3361, (3361, 6)...
2025-03-06 10:03:32,743 - INFO - UBERON:0001155: (3361, 187035) x (197, 187035)...
2025-03-06 10:03:41,645 - INFO - UBERON:0001155: 3361, (3558, 3558)...
2025-03-06 10:03:41,646 - INFO - UBERON:0001155: 3361, (3361, 197)...
2025-03-06 10:03:48,324 - INFO - UBERON:0001264: (3361, 72528) x (68, 72528)...
2025-03-06 10:03:51,612 - INFO - UBERON:0001264: 3361, (3429, 3429)...
2025-03-06 10:03:51,612 - INFO - UBERON:0001264: 3361, (3361, 68)...
2025-03-06 10:03:57,516 - INFO - UBERON:0001295: (3361, 61977) x (31, 61977)...
2025-03-06 10:04:00,300 - INFO - UBERON:0001295: 3361, (3392, 3392)...
2025-03-06 10:04:00,300 - INFO - UBERON:0001295: 3361, (3361, 31)...
2025-03-06 10:04:14,127 - INFO - UBERON:0001836: (3361, 181732) x (295, 181732)...
2025-03-06 10:04:22,672 - INFO - UBERON:0001836: 3361, (3656, 3656)...
2025-03-06 10:04:22,672 - INFO - UBERON:0001836: 3361, (3361, 295)...
2025-03-06 10:04:33,743 - INFO - UBERON:0001870: (3361, 134791) x (75, 134791)...
2025-03-06 10:04:39,805 - INFO - UBERON:0001870: 3361, (3436, 3436)...
2025-03-06 10:04:39,805 - INFO - UBERON:0001870: 3361, (3361, 75)...
2025-03-06 10:04:47,980 - INFO - UBERON:0001871: (3361, 92440) x (62, 92440)...
2025-03-06 10:04:52,179 - INFO - UBERON:0001871: 3361, (3423, 3423)...
2025-03-06 10:04:52,179 - INFO - UBERON:0001871: 3361, (3361, 62)...
2025-03-06 10:05:09,467 - INFO - UBERON:0001987: (3361, 241510) x (699, 241510)...
2025-03-06 10:05:22,240 - INFO - UBERON:0001987: 3361, (4060, 4060)...
2025-03-06 10:05:22,240 - INFO - UBERON:0001987: 3361, (3361, 699)...
2025-03-06 10:05:33,079 - INFO - UBERON:0002037: (3361, 132130) x (71, 132130)...
2025-03-06 10:05:38,976 - INFO - UBERON:0002037: 3361, (3432, 3432)...
2025-03-06 10:05:38,976 - INFO - UBERON:0002037: 3361, (3361, 71)...
2025-03-06 10:05:44,217 - INFO - UBERON:0002046: (3361, 52542) x (44, 52542)...
2025-03-06 10:05:46,655 - INFO - UBERON:0002046: 3361, (3405, 3405)...
2025-03-06 10:05:46,655 - INFO - UBERON:0002046: 3361, (3361, 44)...
2025-03-06 10:05:49,526 - INFO - UBERON:0002048: (3361, 28855) x (54, 28855)...
2025-03-06 10:05:50,930 - INFO - UBERON:0002048: 3361, (3415, 3415)...
2025-03-06 10:05:50,930 - INFO - UBERON:0002048: 3361, (3361, 54)...
2025-03-06 10:05:50,959 - INFO - UBERON:0002097: (3361, 174) x (6, 174)...
2025-03-06 10:05:51,103 - INFO - UBERON:0002097: 3361, (3367, 3367)...
2025-03-06 10:05:51,103 - INFO - UBERON:0002097: 3361, (3361, 6)...
2025-03-06 10:06:03,111 - INFO - UBERON:0002107: (3361, 150637) x (142, 150637)...
2025-03-06 10:06:10,022 - INFO - UBERON:0002107: 3361, (3503, 3503)...
2025-03-06 10:06:10,022 - INFO - UBERON:0002107: 3361, (3361, 142)...
2025-03-06 10:06:16,817 - INFO - UBERON:0002113: (3361, 73327) x (70, 73327)...
2025-03-06 10:06:20,175 - INFO - UBERON:0002113: 3361, (3431, 3431)...
2025-03-06 10:06:20,175 - INFO - UBERON:0002113: 3361, (3361, 70)...
2025-03-06 10:06:25,534 - INFO - UBERON:0002190: (3361, 56785) x (41, 56785)...
2025-03-06 10:06:28,191 - INFO - UBERON:0002190: 3361, (3402, 3402)...
2025-03-06 10:06:28,191 - INFO - UBERON:0002190: 3361, (3361, 41)...
2025-03-06 10:06:45,486 - INFO - UBERON:0002331: (3361, 241287) x (1021, 241287)...
2025-03-06 10:06:59,056 - INFO - UBERON:0002331: 3361, (4382, 4382)...
2025-03-06 10:06:59,056 - INFO - UBERON:0002331: 3361, (3361, 1021)...
2025-03-06 10:07:00,850 - INFO - UBERON:0002367: (3361, 15891) x (15, 15891)...
2025-03-06 10:07:01,669 - INFO - UBERON:0002367: 3361, (3376, 3376)...
2025-03-06 10:07:01,669 - INFO - UBERON:0002367: 3361, (3361, 15)...
2025-03-06 10:07:06,490 - INFO - UBERON:0002371: (3361, 47559) x (53, 47559)...
2025-03-06 10:07:08,759 - INFO - UBERON:0002371: 3361, (3414, 3414)...
2025-03-06 10:07:08,759 - INFO - UBERON:0002371: 3361, (3361, 53)...
2025-03-06 10:07:11,015 - INFO - UBERON:0002418: (3361, 23102) x (19, 23102)...
2025-03-06 10:07:12,191 - INFO - UBERON:0002418: 3361, (3380, 3380)...
2025-03-06 10:07:12,191 - INFO - UBERON:0002418: 3361, (3361, 19)...
2025-03-06 10:07:23,387 - INFO - UBERON:0002424: (3361, 136631) x (135, 136631)...
2025-03-06 10:07:29,745 - INFO - UBERON:0002424: 3361, (3496, 3496)...
2025-03-06 10:07:29,745 - INFO - UBERON:0002424: 3361, (3361, 135)...
2025-03-06 10:07:30,126 - INFO - UBERON:0002481: (3361, 3057) x (9, 3057)...
2025-03-06 10:07:30,381 - INFO - UBERON:0002481: 3361, (3370, 3370)...
2025-03-06 10:07:30,381 - INFO - UBERON:0002481: 3361, (3361, 9)...
2025-03-06 10:07:40,399 - INFO - UBERON:0002728: (3361, 118564) x (76, 118564)...
2025-03-06 10:07:45,981 - INFO - UBERON:0002728: 3361, (3437, 3437)...
2025-03-06 10:07:45,981 - INFO - UBERON:0002728: 3361, (3361, 76)...
2025-03-06 10:07:46,157 - INFO - UBERON:0003889: (3361, 1317) x (8, 1317)...
2025-03-06 10:07:46,349 - INFO - UBERON:0003889: 3361, (3369, 3369)...
2025-03-06 10:07:46,349 - INFO - UBERON:0003889: 3361, (3361, 8)...
2025-03-06 10:07:46,690 - INFO - UBERON:0004535: (3361, 3116) x (6, 3116)...
2025-03-06 10:07:46,951 - INFO - UBERON:0004535: 3361, (3367, 3367)...
2025-03-06 10:07:46,951 - INFO - UBERON:0004535: 3361, (3361, 6)...
2025-03-06 10:07:55,605 - INFO - UBERON:0004802: (3361, 97750) x (53, 97750)...
2025-03-06 10:08:00,040 - INFO - UBERON:0004802: 3361, (3414, 3414)...
2025-03-06 10:08:00,041 - INFO - UBERON:0004802: 3361, (3361, 53)...
2025-03-06 10:08:08,365 - INFO - UBERON:0005384: (3361, 93707) x (63, 93707)...
2025-03-06 10:08:12,514 - INFO - UBERON:0005384: 3361, (3424, 3424)...
2025-03-06 10:08:12,514 - INFO - UBERON:0005384: 3361, (3361, 63)...
2025-03-06 10:08:24,935 - INFO - UBERON:0012168: (3361, 157198) x (276, 157198)...
2025-03-06 10:08:32,747 - INFO - UBERON:0012168: 3361, (3637, 3637)...
2025-03-06 10:08:32,747 - INFO - UBERON:0012168: 3361, (3361, 276)...
2025-03-06 10:08:36,073 - INFO - UBERON:0035818: (3361, 32746) x (33, 32746)...
2025-03-06 10:08:37,656 - INFO - UBERON:0035818: 3361, (3394, 3394)...
2025-03-06 10:08:37,657 - INFO - UBERON:0035818: 3361, (3361, 33)...
2025-03-06 10:08:37,810 - INFO - UBERON:8450002: (3361, 1333) x (6, 1333)...
2025-03-06 10:08:37,998 - INFO - UBERON:8450002: 3361, (3367, 3367)...
2025-03-06 10:08:37,998 - INFO - UBERON:8450002: 3361, (3361, 6)...
2025-03-06 10:08:39,040 - INFO - Processing Fold 2
2025-03-06 10:09:12,487 - INFO - CL:0000019: (3427, 267594) x (242, 267594)...
2025-03-06 10:09:25,542 - INFO - CL:0000019: 3427, (3669, 3669)...
2025-03-06 10:09:25,542 - INFO - CL:0000019: 3427, (3427, 242)...
2025-03-06 10:09:38,801 - INFO - CL:0000056: (3427, 78903) x (28, 78903)...
2025-03-06 10:09:42,420 - INFO - CL:0000056: 3427, (3455, 3455)...
2025-03-06 10:09:42,420 - INFO - CL:0000056: 3427, (3427, 28)...
2025-03-06 10:09:56,510 - INFO - CL:0000057: (3427, 187879) x (89, 187879)...
2025-03-06 10:10:05,277 - INFO - CL:0000057: 3427, (3516, 3516)...
2025-03-06 10:10:05,278 - INFO - CL:0000057: 3427, (3427, 89)...
2025-03-06 10:10:19,592 - INFO - CL:0000084: (3427, 188646) x (285, 188646)...
2025-03-06 10:10:28,507 - INFO - CL:0000084: 3427, (3712, 3712)...
2025-03-06 10:10:28,507 - INFO - CL:0000084: 3427, (3427, 285)...
2025-03-06 10:10:30,484 - INFO - CL:0000094: (3427, 17602) x (17, 17602)...
2025-03-06 10:10:31,381 - INFO - CL:0000094: 3427, (3444, 3444)...
2025-03-06 10:10:31,381 - INFO - CL:0000094: 3427, (3427, 17)...
2025-03-06 10:10:42,369 - INFO - CL:0000148: (3427, 133412) x (109, 133412)...
2025-03-06 10:10:48,439 - INFO - CL:0000148: 3427, (3536, 3536)...
2025-03-06 10:10:48,439 - INFO - CL:0000148: 3427, (3427, 109)...
2025-03-06 10:11:01,219 - INFO - CL:0000236: (3427, 161377) x (90, 161377)...
2025-03-06 10:11:08,605 - INFO - CL:0000236: 3427, (3517, 3517)...
2025-03-06 10:11:08,606 - INFO - CL:0000236: 3427, (3427, 90)...
2025-03-06 10:11:11,286 - INFO - CL:0000542: (3427, 26872) x (19, 26872)...
2025-03-06 10:11:12,601 - INFO - CL:0000542: 3427, (3446, 3446)...
2025-03-06 10:11:12,601 - INFO - CL:0000542: 3427, (3427, 19)...
2025-03-06 10:11:25,469 - INFO - CL:0000576: (3427, 163427) x (91, 163427)...
2025-03-06 10:11:33,214 - INFO - CL:0000576: 3427, (3518, 3518)...
2025-03-06 10:11:33,214 - INFO - CL:0000576: 3427, (3427, 91)...
2025-03-06 10:11:35,127 - INFO - CL:0000623: (3427, 17325) x (15, 17325)...
2025-03-06 10:11:36,044 - INFO - CL:0000623: 3427, (3442, 3442)...
2025-03-06 10:11:36,044 - INFO - CL:0000623: 3427, (3427, 15)...
2025-03-06 10:11:53,028 - INFO - CL:0000738: (3427, 230087) x (844, 230087)...
2025-03-06 10:12:07,227 - INFO - CL:0000738: 3427, (4271, 4271)...
2025-03-06 10:12:07,227 - INFO - CL:0000738: 3427, (3427, 844)...
2025-03-06 10:12:08,605 - INFO - CL:0000775: (3427, 12436) x (20, 12436)...
2025-03-06 10:12:09,334 - INFO - CL:0000775: 3427, (3447, 3447)...
2025-03-06 10:12:09,334 - INFO - CL:0000775: 3427, (3427, 20)...
2025-03-06 10:12:22,202 - INFO - CL:0000910;BTO:0000289: (3427, 162589) x (100, 162589)...
2025-03-06 10:12:29,553 - INFO - CL:0000910;BTO:0000289: 3427, (3527, 3527)...
2025-03-06 10:12:29,553 - INFO - CL:0000910;BTO:0000289: 3427, (3427, 100)...
2025-03-06 10:12:33,193 - INFO - CL:0002322;BTO:0001086: (3427, 36504) x (14, 36504)...
2025-03-06 10:12:34,911 - INFO - CL:0002322;BTO:0001086: 3427, (3441, 3441)...
2025-03-06 10:12:34,911 - INFO - CL:0002322;BTO:0001086: 3427, (3427, 14)...
2025-03-06 10:12:48,565 - INFO - CL:2000001: (3427, 178453) x (276, 178453)...
2025-03-06 10:12:57,436 - INFO - CL:2000001: 3427, (3703, 3703)...
2025-03-06 10:12:57,436 - INFO - CL:2000001: 3427, (3427, 276)...
2025-03-06 10:13:01,439 - INFO - UBERON:0000002: (3427, 27583) x (28, 27583)...
2025-03-06 10:13:04,566 - INFO - UBERON:0000002: 3427, (3455, 3455)...
2025-03-06 10:13:04,567 - INFO - UBERON:0000002: 3427, (3427, 28)...
2025-03-06 10:13:04,924 - INFO - UBERON:0000006: (3427, 1042) x (5, 1042)...
2025-03-06 10:13:05,342 - INFO - UBERON:0000006: 3427, (3432, 3432)...
2025-03-06 10:13:05,342 - INFO - UBERON:0000006: 3427, (3427, 5)...
2025-03-06 10:13:18,150 - INFO - UBERON:0000310: (3427, 158153) x (193, 158153)...
2025-03-06 10:13:26,829 - INFO - UBERON:0000310: 3427, (3620, 3620)...
2025-03-06 10:13:26,829 - INFO - UBERON:0000310: 3427, (3427, 193)...
2025-03-06 10:13:35,569 - INFO - UBERON:0000451: (3427, 99357) x (60, 99357)...
2025-03-06 10:13:40,075 - INFO - UBERON:0000451: 3427, (3487, 3487)...
2025-03-06 10:13:40,075 - INFO - UBERON:0000451: 3427, (3427, 60)...
2025-03-06 10:13:51,270 - INFO - UBERON:0000945: (3427, 103308) x (60, 103308)...
2025-03-06 10:13:56,437 - INFO - UBERON:0000945: 3427, (3487, 3487)...
2025-03-06 10:13:56,438 - INFO - UBERON:0000945: 3427, (3427, 60)...
2025-03-06 10:14:01,147 - INFO - UBERON:0000955: (3427, 48904) x (36, 48904)...
2025-03-06 10:14:03,452 - INFO - UBERON:0000955: 3427, (3463, 3463)...
2025-03-06 10:14:03,452 - INFO - UBERON:0000955: 3427, (3427, 36)...
2025-03-06 10:14:03,537 - INFO - UBERON:0000992: (3427, 612) x (5, 612)...
2025-03-06 10:14:03,683 - INFO - UBERON:0000992: 3427, (3432, 3432)...
2025-03-06 10:14:03,683 - INFO - UBERON:0000992: 3427, (3427, 5)...
2025-03-06 10:14:05,619 - INFO - UBERON:0001005: (3427, 19727) x (8, 19727)...
2025-03-06 10:14:06,639 - INFO - UBERON:0001005: 3427, (3435, 3435)...
2025-03-06 10:14:06,640 - INFO - UBERON:0001005: 3427, (3427, 8)...
2025-03-06 10:14:19,490 - INFO - UBERON:0001016: (3427, 130892) x (37, 130892)...
2025-03-06 10:14:25,281 - INFO - UBERON:0001016: 3427, (3464, 3464)...
2025-03-06 10:14:25,281 - INFO - UBERON:0001016: 3427, (3427, 37)...
2025-03-06 10:14:26,635 - INFO - UBERON:0001043: (3427, 12652) x (17, 12652)...
2025-03-06 10:14:27,314 - INFO - UBERON:0001043: 3427, (3444, 3444)...
2025-03-06 10:14:27,314 - INFO - UBERON:0001043: 3427, (3427, 17)...
2025-03-06 10:14:28,617 - INFO - UBERON:0001052: (3427, 13970) x (9, 13970)...
2025-03-06 10:14:29,305 - INFO - UBERON:0001052: 3427, (3436, 3436)...
2025-03-06 10:14:29,305 - INFO - UBERON:0001052: 3427, (3427, 9)...
2025-03-06 10:14:43,913 - INFO - UBERON:0001155: (3427, 197813) x (272, 197813)...
2025-03-06 10:14:53,770 - INFO - UBERON:0001155: 3427, (3699, 3699)...
2025-03-06 10:14:53,770 - INFO - UBERON:0001155: 3427, (3427, 272)...
2025-03-06 10:14:59,171 - INFO - UBERON:0001264: (3427, 57122) x (68, 57122)...
2025-03-06 10:15:01,932 - INFO - UBERON:0001264: 3427, (3495, 3495)...
2025-03-06 10:15:01,933 - INFO - UBERON:0001264: 3427, (3427, 68)...
2025-03-06 10:15:09,713 - INFO - UBERON:0001295: (3427, 86236) x (48, 86236)...
2025-03-06 10:15:13,809 - INFO - UBERON:0001295: 3427, (3475, 3475)...
2025-03-06 10:15:13,810 - INFO - UBERON:0001295: 3427, (3427, 48)...
2025-03-06 10:15:28,066 - INFO - UBERON:0001836: (3427, 189231) x (296, 189231)...
2025-03-06 10:15:37,367 - INFO - UBERON:0001836: 3427, (3723, 3723)...
2025-03-06 10:15:37,368 - INFO - UBERON:0001836: 3427, (3427, 296)...
2025-03-06 10:15:54,817 - INFO - UBERON:0001871: (3427, 246316) x (406, 246316)...
2025-03-06 10:16:08,431 - INFO - UBERON:0001871: 3427, (3833, 3833)...
2025-03-06 10:16:08,431 - INFO - UBERON:0001871: 3427, (3427, 406)...
2025-03-06 10:16:26,518 - INFO - UBERON:0001987: (3427, 243167) x (692, 243167)...
2025-03-06 10:16:40,518 - INFO - UBERON:0001987: 3427, (4119, 4119)...
2025-03-06 10:16:40,518 - INFO - UBERON:0001987: 3427, (3427, 692)...
2025-03-06 10:16:50,765 - INFO - UBERON:0002037: (3427, 122567) x (43, 122567)...
2025-03-06 10:16:56,241 - INFO - UBERON:0002037: 3427, (3470, 3470)...
2025-03-06 10:16:56,242 - INFO - UBERON:0002037: 3427, (3427, 43)...
2025-03-06 10:17:01,253 - INFO - UBERON:0002046: (3427, 49717) x (41, 49717)...
2025-03-06 10:17:03,578 - INFO - UBERON:0002046: 3427, (3468, 3468)...
2025-03-06 10:17:03,578 - INFO - UBERON:0002046: 3427, (3427, 41)...
2025-03-06 10:17:07,766 - INFO - UBERON:0002048: (3427, 41222) x (34, 41222)...
2025-03-06 10:17:09,776 - INFO - UBERON:0002048: 3427, (3461, 3461)...
2025-03-06 10:17:09,777 - INFO - UBERON:0002048: 3427, (3427, 34)...
2025-03-06 10:17:11,255 - INFO - UBERON:0002097: (3427, 14111) x (18, 14111)...
2025-03-06 10:17:12,014 - INFO - UBERON:0002097: 3427, (3445, 3445)...
2025-03-06 10:17:12,014 - INFO - UBERON:0002097: 3427, (3427, 18)...
2025-03-06 10:17:23,312 - INFO - UBERON:0002107: (3427, 139107) x (145, 139107)...
2025-03-06 10:17:30,032 - INFO - UBERON:0002107: 3427, (3572, 3572)...
2025-03-06 10:17:30,032 - INFO - UBERON:0002107: 3427, (3427, 145)...
2025-03-06 10:17:34,539 - INFO - UBERON:0002113: (3427, 45681) x (55, 45681)...
2025-03-06 10:17:36,735 - INFO - UBERON:0002113: 3427, (3482, 3482)...
2025-03-06 10:17:36,735 - INFO - UBERON:0002113: 3427, (3427, 55)...
2025-03-06 10:17:38,529 - INFO - UBERON:0002190: (3427, 17400) x (17, 17400)...
2025-03-06 10:17:39,433 - INFO - UBERON:0002190: 3427, (3444, 3444)...
2025-03-06 10:17:39,433 - INFO - UBERON:0002190: 3427, (3427, 17)...
2025-03-06 10:17:56,778 - INFO - UBERON:0002331: (3427, 241655) x (1021, 241655)...
2025-03-06 10:18:12,977 - INFO - UBERON:0002331: 3427, (4448, 4448)...
2025-03-06 10:18:12,978 - INFO - UBERON:0002331: 3427, (3427, 1021)...
2025-03-06 10:18:15,267 - INFO - UBERON:0002367: (3427, 21204) x (16, 21204)...
2025-03-06 10:18:16,355 - INFO - UBERON:0002367: 3427, (3443, 3443)...
2025-03-06 10:18:16,355 - INFO - UBERON:0002367: 3427, (3427, 16)...
2025-03-06 10:18:23,913 - INFO - UBERON:0002371: (3427, 83084) x (50, 83084)...
2025-03-06 10:18:27,808 - INFO - UBERON:0002371: 3427, (3477, 3477)...
2025-03-06 10:18:27,808 - INFO - UBERON:0002371: 3427, (3427, 50)...
2025-03-06 10:18:33,842 - INFO - UBERON:0002418: (3427, 64563) x (38, 64563)...
2025-03-06 10:18:36,890 - INFO - UBERON:0002418: 3427, (3465, 3465)...
2025-03-06 10:18:36,890 - INFO - UBERON:0002418: 3427, (3427, 38)...
2025-03-06 10:18:48,748 - INFO - UBERON:0002424: (3427, 148087) x (134, 148087)...
2025-03-06 10:18:55,649 - INFO - UBERON:0002424: 3427, (3561, 3561)...
2025-03-06 10:18:55,649 - INFO - UBERON:0002424: 3427, (3427, 134)...
2025-03-06 10:18:55,685 - INFO - UBERON:0002481: (3427, 45) x (4, 45)...
2025-03-06 10:18:55,844 - INFO - UBERON:0002481: 3427, (3431, 3431)...
2025-03-06 10:18:55,844 - INFO - UBERON:0002481: 3427, (3427, 4)...
2025-03-06 10:19:04,042 - INFO - UBERON:0002728: (3427, 89809) x (49, 89809)...
2025-03-06 10:19:08,339 - INFO - UBERON:0002728: 3427, (3476, 3476)...
2025-03-06 10:19:08,339 - INFO - UBERON:0002728: 3427, (3427, 49)...
2025-03-06 10:19:08,391 - INFO - UBERON:0003889: (3427, 248) x (5, 248)...
2025-03-06 10:19:08,552 - INFO - UBERON:0003889: 3427, (3432, 3432)...
2025-03-06 10:19:08,552 - INFO - UBERON:0003889: 3427, (3427, 5)...
2025-03-06 10:19:08,571 - INFO - UBERON:0004535: (3427, 109) x (4, 109)...
2025-03-06 10:19:08,733 - INFO - UBERON:0004535: 3427, (3431, 3431)...
2025-03-06 10:19:08,733 - INFO - UBERON:0004535: 3427, (3427, 4)...
2025-03-06 10:19:17,315 - INFO - UBERON:0004802: (3427, 95548) x (53, 95548)...
2025-03-06 10:19:21,706 - INFO - UBERON:0004802: 3427, (3480, 3480)...
2025-03-06 10:19:21,706 - INFO - UBERON:0004802: 3427, (3427, 53)...
2025-03-06 10:19:25,200 - INFO - UBERON:0005384: (3427, 34912) x (57, 34912)...
2025-03-06 10:19:26,903 - INFO - UBERON:0005384: 3427, (3484, 3484)...
2025-03-06 10:19:26,904 - INFO - UBERON:0005384: 3427, (3427, 57)...
2025-03-06 10:19:42,900 - INFO - UBERON:0012168: (3427, 215132) x (628, 215132)...
2025-03-06 10:19:55,045 - INFO - UBERON:0012168: 3427, (4055, 4055)...
2025-03-06 10:19:55,045 - INFO - UBERON:0012168: 3427, (3427, 628)...
2025-03-06 10:20:02,994 - INFO - UBERON:0035818: (3427, 89221) x (33, 89221)...
2025-03-06 10:20:07,144 - INFO - UBERON:0035818: 3427, (3460, 3460)...
2025-03-06 10:20:07,145 - INFO - UBERON:0035818: 3427, (3427, 33)...
