2025-03-04 15:57:26,237 - INFO - Loading Mv and meta from ./../data/GEO/preprocessed/training.dill
2025-03-04 15:57:40,535 - INFO - (10351, 297598), (10351, 10)
2025-03-04 15:58:21,748 - INFO - Processing Fold 0
2025-03-04 15:59:00,677 - INFO - CL:0000019: (3563, 251925) x (239, 251925)...
2025-03-04 16:02:23,655 - INFO - Loading Mv and meta from ./../data/GEO/preprocessed/training.dill
2025-03-04 16:02:35,520 - INFO - (10351, 297598), (10351, 10)
2025-03-04 16:03:16,937 - INFO - Processing Fold 0
2025-03-04 16:04:00,251 - INFO - CL:0000019: (3563, 251925) x (239, 251925)...
2025-03-04 16:04:16,518 - INFO - CL:0000019: 3563, (3563, 239)...
2025-03-04 16:04:42,547 - INFO - CL:0000056: (3563, 120572) x (56, 120572)...
2025-03-04 16:04:49,761 - INFO - CL:0000056: 3563, (3563, 56)...
2025-03-04 16:05:08,947 - INFO - CL:0000057: (3563, 173135) x (90, 173135)...
2025-03-04 16:05:19,265 - INFO - CL:0000057: 3563, (3563, 90)...
2025-03-04 16:05:37,910 - INFO - CL:0000084: (3563, 165590) x (287, 165590)...
2025-03-04 16:05:49,173 - INFO - CL:0000084: 3563, (3563, 287)...
2025-03-04 16:05:49,492 - INFO - CL:0000094: (3563, 44) x (5, 44)...
2025-03-04 16:05:49,668 - INFO - CL:0000094: 3563, (3563, 5)...
2025-03-04 16:06:05,612 - INFO - CL:0000148: (3563, 125115) x (106, 125115)...
2025-03-04 16:06:13,731 - INFO - CL:0000148: 3563, (3563, 106)...
2025-03-04 16:06:35,165 - INFO - CL:0000236: (3563, 185148) x (196, 185148)...
2025-03-04 16:06:47,327 - INFO - CL:0000236: 3563, (3563, 196)...
2025-03-04 16:06:53,176 - INFO - CL:0000542: (3563, 29159) x (24, 29159)...
2025-03-04 16:06:55,084 - INFO - CL:0000542: 3563, (3563, 24)...
2025-03-04 16:07:13,888 - INFO - CL:0000576: (3563, 196715) x (168, 196715)...
2025-03-04 16:07:25,809 - INFO - CL:0000576: 3563, (3563, 168)...
2025-03-04 16:07:41,579 - INFO - CL:0000623: (3563, 137560) x (123, 137560)...
2025-03-04 16:07:49,046 - INFO - CL:0000623: 3563, (3563, 123)...
2025-03-04 16:08:14,312 - INFO - CL:0000738: (3563, 249821) x (850, 249821)...
2025-03-04 16:08:30,113 - INFO - CL:0000738: 3563, (3563, 850)...
2025-03-04 16:08:43,806 - INFO - CL:0000775: (3563, 117841) x (60, 117841)...
2025-03-04 16:08:51,804 - INFO - CL:0000775: 3563, (3563, 60)...
2025-03-04 16:09:10,298 - INFO - CL:0000910;BTO:0000289: (3563, 187202) x (178, 187202)...
2025-03-04 16:09:20,117 - INFO - CL:0000910;BTO:0000289: 3563, (3563, 178)...
2025-03-04 16:09:32,291 - INFO - CL:0002322;BTO:0001086: (3563, 95849) x (41, 95849)...
2025-03-04 16:09:37,208 - INFO - CL:0002322;BTO:0001086: 3563, (3563, 41)...
2025-03-04 16:09:52,953 - INFO - CL:2000001: (3563, 173045) x (282, 173045)...
2025-03-04 16:10:02,310 - INFO - CL:2000001: 3563, (3563, 282)...
2025-03-04 16:10:04,886 - INFO - UBERON:0000002: (3563, 3185) x (9, 3185)...
2025-03-04 16:10:05,218 - INFO - UBERON:0000002: 3563, (3563, 9)...
2025-03-04 16:10:17,132 - INFO - UBERON:0000006: (3563, 132557) x (63, 132557)...
2025-03-04 16:10:23,678 - INFO - UBERON:0000006: 3563, (3563, 63)...
2025-03-04 16:10:39,392 - INFO - UBERON:0000310: (3563, 165594) x (207, 165594)...
2025-03-04 16:10:47,933 - INFO - UBERON:0000310: 3563, (3563, 207)...
2025-03-04 16:11:07,809 - INFO - UBERON:0000451: (3563, 240102) x (458, 240102)...
2025-03-04 16:11:21,295 - INFO - UBERON:0000451: 3563, (3563, 458)...
2025-03-04 16:11:34,383 - INFO - UBERON:0000945: (3563, 114836) x (88, 114836)...
2025-03-04 16:11:40,239 - INFO - UBERON:0000945: 3563, (3563, 88)...
2025-03-04 16:11:45,644 - INFO - UBERON:0000955: (3563, 31207) x (28, 31207)...
2025-03-04 16:11:47,317 - INFO - UBERON:0000955: 3563, (3563, 28)...
2025-03-04 16:11:49,410 - INFO - UBERON:0000992: (3563, 12665) x (15, 12665)...
2025-03-04 16:11:50,193 - INFO - UBERON:0000992: 3563, (3563, 15)...
2025-03-04 16:11:52,052 - INFO - UBERON:0001005: (3563, 17720) x (8, 17720)...
2025-03-04 16:11:53,078 - INFO - UBERON:0001005: 3563, (3563, 8)...
2025-03-04 16:12:05,291 - INFO - UBERON:0001016: (3563, 125801) x (34, 125801)...
2025-03-04 16:12:11,937 - INFO - UBERON:0001016: 3563, (3563, 34)...
2025-03-04 16:12:12,912 - INFO - UBERON:0001032: (3563, 537) x (4, 537)...
2025-03-04 16:12:13,112 - INFO - UBERON:0001032: 3563, (3563, 4)...
2025-03-04 16:12:20,103 - INFO - UBERON:0001043: (3563, 64552) x (31, 64552)...
2025-03-04 16:12:23,521 - INFO - UBERON:0001043: 3563, (3563, 31)...
2025-03-04 16:12:26,974 - INFO - UBERON:0001052: (3563, 22430) x (15, 22430)...
2025-03-04 16:12:28,272 - INFO - UBERON:0001052: 3563, (3563, 15)...
2025-03-04 16:12:42,917 - INFO - UBERON:0001155: (3563, 159445) x (213, 159445)...
2025-03-04 16:12:51,653 - INFO - UBERON:0001155: 3563, (3563, 213)...
2025-03-04 16:13:02,171 - INFO - UBERON:0001264: (3563, 87714) x (68, 87714)...
2025-03-04 16:13:06,823 - INFO - UBERON:0001264: 3563, (3563, 68)...
2025-03-04 16:13:11,485 - INFO - UBERON:0001295: (3563, 29971) x (17, 29971)...
2025-03-04 16:13:13,097 - INFO - UBERON:0001295: 3563, (3563, 17)...
2025-03-04 16:13:29,615 - INFO - UBERON:0001836: (3563, 152947) x (209, 152947)...
2025-03-04 16:13:37,672 - INFO - UBERON:0001836: 3563, (3563, 209)...
2025-03-04 16:13:51,639 - INFO - UBERON:0001870: (3563, 133011) x (75, 133011)...
2025-03-04 16:13:58,629 - INFO - UBERON:0001870: 3563, (3563, 75)...
2025-03-04 16:14:18,778 - INFO - UBERON:0001871: (3563, 230050) x (372, 230050)...
2025-03-04 16:14:31,775 - INFO - UBERON:0001871: 3563, (3563, 372)...
2025-03-04 16:14:53,535 - INFO - UBERON:0001987: (3563, 252074) x (693, 252074)...
2025-03-04 16:15:10,902 - INFO - UBERON:0001987: 3563, (3563, 693)...
2025-03-04 16:15:23,875 - INFO - UBERON:0002037: (3563, 113285) x (28, 113285)...
2025-03-04 16:15:29,601 - INFO - UBERON:0002037: 3563, (3563, 28)...
2025-03-04 16:15:40,488 - INFO - UBERON:0002046: (3563, 101961) x (85, 101961)...
2025-03-04 16:15:45,922 - INFO - UBERON:0002046: 3563, (3563, 85)...
2025-03-04 16:15:50,540 - INFO - UBERON:0002048: (3563, 29237) x (48, 29237)...
2025-03-04 16:15:52,203 - INFO - UBERON:0002048: 3563, (3563, 48)...
2025-03-04 16:15:55,995 - INFO - UBERON:0002097: (3563, 20885) x (24, 20885)...
2025-03-04 16:15:57,173 - INFO - UBERON:0002097: 3563, (3563, 24)...
2025-03-04 16:16:11,330 - INFO - UBERON:0002107: (3563, 152185) x (145, 152185)...
2025-03-04 16:16:19,302 - INFO - UBERON:0002107: 3563, (3563, 145)...
2025-03-04 16:16:28,293 - INFO - UBERON:0002113: (3563, 77079) x (77, 77079)...
2025-03-04 16:16:32,421 - INFO - UBERON:0002113: 3563, (3563, 77)...
2025-03-04 16:16:37,752 - INFO - UBERON:0002190: (3563, 38354) x (24, 38354)...
2025-03-04 16:16:39,884 - INFO - UBERON:0002190: 3563, (3563, 24)...
2025-03-04 16:16:43,747 - INFO - UBERON:0002367: (3563, 23349) x (19, 23349)...
2025-03-04 16:16:45,170 - INFO - UBERON:0002367: 3563, (3563, 19)...
2025-03-04 16:16:48,174 - INFO - UBERON:0002371: (3563, 24438) x (45, 24438)...
2025-03-04 16:16:49,615 - INFO - UBERON:0002371: 3563, (3563, 45)...
2025-03-04 16:16:59,079 - INFO - UBERON:0002418: (3563, 83711) x (43, 83711)...
2025-03-04 16:17:03,588 - INFO - UBERON:0002418: 3563, (3563, 43)...
2025-03-04 16:17:11,576 - INFO - UBERON:0002424: (3563, 65041) x (43, 65041)...
2025-03-04 16:17:15,024 - INFO - UBERON:0002424: 3563, (3563, 43)...
2025-03-04 16:17:15,707 - INFO - UBERON:0002481: (3563, 2472) x (13, 2472)...
2025-03-04 16:17:15,998 - INFO - UBERON:0002481: 3563, (3563, 13)...
2025-03-04 16:17:22,732 - INFO - UBERON:0002728: (3563, 59296) x (27, 59296)...
2025-03-04 16:17:25,862 - INFO - UBERON:0002728: 3563, (3563, 27)...
2025-03-04 16:17:27,766 - INFO - UBERON:0003889: (3563, 4672) x (13, 4672)...
2025-03-04 16:17:28,176 - INFO - UBERON:0003889: 3563, (3563, 13)...
2025-03-04 16:17:28,985 - INFO - UBERON:0004535: (3563, 4481) x (10, 4481)...
2025-03-04 16:17:29,398 - INFO - UBERON:0004535: 3563, (3563, 10)...
2025-03-04 16:17:41,726 - INFO - UBERON:0004802: (3563, 139489) x (82, 139489)...
2025-03-04 16:17:50,032 - INFO - UBERON:0004802: 3563, (3563, 82)...
2025-03-04 16:18:01,303 - INFO - UBERON:0005384: (3563, 90665) x (64, 90665)...
2025-03-04 16:18:06,029 - INFO - UBERON:0005384: 3563, (3563, 64)...
2025-03-04 16:18:23,876 - INFO - UBERON:0012168: (3563, 202470) x (632, 202470)...
2025-03-04 16:18:36,581 - INFO - UBERON:0012168: 3563, (3563, 632)...
2025-03-04 16:18:47,621 - INFO - UBERON:0035818: (3563, 86383) x (48, 86383)...
2025-03-04 16:18:52,218 - INFO - UBERON:0035818: 3563, (3563, 48)...
2025-03-04 16:18:53,456 - INFO - UBERON:8450002: (3563, 1026) x (6, 1026)...
2025-03-04 16:18:53,681 - INFO - UBERON:8450002: 3563, (3563, 6)...
2025-03-04 16:18:54,598 - INFO - Processing Fold 1
2025-03-04 16:19:20,462 - INFO - CL:0000019: (3361, 203541) x (171, 203541)...
2025-03-04 16:19:31,619 - INFO - CL:0000019: 3361, (3361, 171)...
2025-03-04 16:19:43,402 - INFO - CL:0000056: (3361, 83052) x (28, 83052)...
2025-03-04 16:19:47,485 - INFO - CL:0000056: 3361, (3361, 28)...
2025-03-04 16:20:03,554 - INFO - CL:0000057: (3361, 110964) x (55, 110964)...
2025-03-04 16:20:08,687 - INFO - CL:0000057: 3361, (3361, 55)...
2025-03-04 16:20:27,675 - INFO - CL:0000084: (3361, 220558) x (288, 220558)...
2025-03-04 16:20:38,598 - INFO - CL:0000084: 3361, (3361, 288)...
2025-03-04 16:20:40,891 - INFO - CL:0000094: (3361, 10205) x (12, 10205)...
2025-03-04 16:20:41,548 - INFO - CL:0000094: 3361, (3361, 12)...
2025-03-04 16:20:41,586 - INFO - CL:0000148: (3361, 91) x (3, 91)...
2025-03-04 16:20:41,760 - INFO - CL:0000148: 3361, (3361, 3)...
2025-03-04 16:20:59,210 - INFO - CL:0000236: (3361, 206339) x (146, 206339)...
2025-03-04 16:21:09,275 - INFO - CL:0000236: 3361, (3361, 146)...
2025-03-04 16:21:10,008 - INFO - CL:0000542: (3361, 2480) x (11, 2480)...
2025-03-04 16:21:10,270 - INFO - CL:0000542: 3361, (3361, 11)...
2025-03-04 16:21:29,972 - INFO - CL:0000576: (3361, 209596) x (163, 209596)...
2025-03-04 16:21:40,499 - INFO - CL:0000576: 3361, (3361, 163)...
2025-03-04 16:21:58,021 - INFO - CL:0000623: (3361, 176485) x (122, 176485)...
2025-03-04 16:22:06,536 - INFO - CL:0000623: 3361, (3361, 122)...
2025-03-04 16:22:30,074 - INFO - CL:0000738: (3361, 243693) x (842, 243693)...
2025-03-04 16:22:44,754 - INFO - CL:0000738: 3361, (3361, 842)...
2025-03-04 16:23:00,855 - INFO - CL:0000775: (3361, 185010) x (56, 185010)...
2025-03-04 16:23:09,337 - INFO - CL:0000775: 3361, (3361, 56)...
2025-03-04 16:23:25,377 - INFO - CL:0000910;BTO:0000289: (3361, 196494) x (156, 196494)...
2025-03-04 16:23:34,602 - INFO - CL:0000910;BTO:0000289: 3361, (3361, 156)...
2025-03-04 16:23:48,684 - INFO - CL:0002322;BTO:0001086: (3361, 102908) x (45, 102908)...
2025-03-04 16:23:53,483 - INFO - CL:0002322;BTO:0001086: 3361, (3361, 45)...
2025-03-04 16:24:14,205 - INFO - CL:2000001: (3361, 180519) x (276, 180519)...
2025-03-04 16:24:23,005 - INFO - CL:2000001: 3361, (3361, 276)...
2025-03-04 16:24:27,266 - INFO - UBERON:0000002: (3361, 22515) x (37, 22515)...
2025-03-04 16:24:28,435 - INFO - UBERON:0000002: 3361, (3361, 37)...
2025-03-04 16:24:43,429 - INFO - UBERON:0000006: (3361, 125019) x (68, 125019)...
2025-03-04 16:24:49,220 - INFO - UBERON:0000006: 3361, (3361, 68)...
2025-03-04 16:25:08,313 - INFO - UBERON:0000310: (3361, 203493) x (228, 203493)...
2025-03-04 16:25:18,345 - INFO - UBERON:0000310: 3361, (3361, 228)...
2025-03-04 16:25:36,769 - INFO - UBERON:0000451: (3361, 251105) x (502, 251105)...
2025-03-04 16:25:49,572 - INFO - UBERON:0000451: 3361, (3361, 502)...
2025-03-04 16:25:57,599 - INFO - UBERON:0000945: (3361, 88165) x (56, 88165)...
2025-03-04 16:26:01,722 - INFO - UBERON:0000945: 3361, (3361, 56)...
2025-03-04 16:26:06,110 - INFO - UBERON:0000955: (3361, 42609) x (30, 42609)...
2025-03-04 16:26:08,299 - INFO - UBERON:0000955: 3361, (3361, 30)...
2025-03-04 16:26:09,166 - INFO - UBERON:0000992: (3361, 6002) x (10, 6002)...
2025-03-04 16:26:09,573 - INFO - UBERON:0000992: 3361, (3361, 10)...
2025-03-04 16:26:18,587 - INFO - UBERON:0001005: (3361, 57297) x (16, 57297)...
2025-03-04 16:26:22,279 - INFO - UBERON:0001005: 3361, (3361, 16)...
2025-03-04 16:26:24,267 - INFO - UBERON:0001016: (3361, 9756) x (13, 9756)...
2025-03-04 16:26:24,802 - INFO - UBERON:0001016: 3361, (3361, 13)...
2025-03-04 16:26:24,974 - INFO - UBERON:0001032: (3361, 893) x (4, 893)...
2025-03-04 16:26:25,136 - INFO - UBERON:0001032: 3361, (3361, 4)...
2025-03-04 16:26:34,526 - INFO - UBERON:0001043: (3361, 65754) x (18, 65754)...
2025-03-04 16:26:37,593 - INFO - UBERON:0001043: 3361, (3361, 18)...
2025-03-04 16:26:37,833 - INFO - UBERON:0001052: (3361, 881) x (6, 881)...
2025-03-04 16:26:38,023 - INFO - UBERON:0001052: 3361, (3361, 6)...
2025-03-04 16:26:55,048 - INFO - UBERON:0001155: (3361, 187035) x (197, 187035)...
2025-03-04 16:27:04,056 - INFO - UBERON:0001155: 3361, (3361, 197)...
2025-03-04 16:27:11,027 - INFO - UBERON:0001264: (3361, 72528) x (68, 72528)...
2025-03-04 16:27:14,643 - INFO - UBERON:0001264: 3361, (3361, 68)...
2025-03-04 16:27:20,751 - INFO - UBERON:0001295: (3361, 61977) x (31, 61977)...
2025-03-04 16:27:23,774 - INFO - UBERON:0001295: 3361, (3361, 31)...
2025-03-04 16:27:38,922 - INFO - UBERON:0001836: (3361, 181732) x (295, 181732)...
2025-03-04 16:27:48,062 - INFO - UBERON:0001836: 3361, (3361, 295)...
2025-03-04 16:27:59,821 - INFO - UBERON:0001870: (3361, 134791) x (75, 134791)...
2025-03-04 16:28:06,152 - INFO - UBERON:0001870: 3361, (3361, 75)...
2025-03-04 16:28:14,774 - INFO - UBERON:0001871: (3361, 92440) x (62, 92440)...
2025-03-04 16:28:19,148 - INFO - UBERON:0001871: 3361, (3361, 62)...
2025-03-04 16:28:38,174 - INFO - UBERON:0001987: (3361, 241510) x (699, 241510)...
2025-03-04 16:28:53,560 - INFO - UBERON:0001987: 3361, (3361, 699)...
2025-03-04 16:29:05,704 - INFO - UBERON:0002037: (3361, 132130) x (71, 132130)...
2025-03-04 16:29:11,806 - INFO - UBERON:0002037: 3361, (3361, 71)...
2025-03-04 16:29:17,427 - INFO - UBERON:0002046: (3361, 52542) x (44, 52542)...
2025-03-04 16:29:19,959 - INFO - UBERON:0002046: 3361, (3361, 44)...
2025-03-04 16:29:23,086 - INFO - UBERON:0002048: (3361, 28855) x (54, 28855)...
2025-03-04 16:29:24,971 - INFO - UBERON:0002048: 3361, (3361, 54)...
2025-03-04 16:29:25,040 - INFO - UBERON:0002097: (3361, 174) x (6, 174)...
2025-03-04 16:29:25,203 - INFO - UBERON:0002097: 3361, (3361, 6)...
2025-03-04 16:29:38,331 - INFO - UBERON:0002107: (3361, 150637) x (142, 150637)...
2025-03-04 16:29:45,346 - INFO - UBERON:0002107: 3361, (3361, 142)...
2025-03-04 16:29:52,558 - INFO - UBERON:0002113: (3361, 73327) x (70, 73327)...
2025-03-04 16:29:56,029 - INFO - UBERON:0002113: 3361, (3361, 70)...
2025-03-04 16:30:01,705 - INFO - UBERON:0002190: (3361, 56785) x (41, 56785)...
2025-03-04 16:30:04,369 - INFO - UBERON:0002190: 3361, (3361, 41)...
2025-03-04 16:30:23,537 - INFO - UBERON:0002331: (3361, 241287) x (1021, 241287)...
2025-03-04 16:30:40,288 - INFO - UBERON:0002331: 3361, (3361, 1021)...
2025-03-04 16:30:42,240 - INFO - UBERON:0002367: (3361, 15891) x (15, 15891)...
2025-03-04 16:30:43,088 - INFO - UBERON:0002367: 3361, (3361, 15)...
2025-03-04 16:30:47,954 - INFO - UBERON:0002371: (3361, 47559) x (53, 47559)...
2025-03-04 16:30:50,193 - INFO - UBERON:0002371: 3361, (3361, 53)...
2025-03-04 16:30:52,461 - INFO - UBERON:0002418: (3361, 23102) x (19, 23102)...
2025-03-04 16:30:53,638 - INFO - UBERON:0002418: 3361, (3361, 19)...
2025-03-04 16:31:05,257 - INFO - UBERON:0002424: (3361, 136631) x (135, 136631)...
2025-03-04 16:31:11,569 - INFO - UBERON:0002424: 3361, (3361, 135)...
2025-03-04 16:31:11,954 - INFO - UBERON:0002481: (3361, 3057) x (9, 3057)...
2025-03-04 16:31:12,218 - INFO - UBERON:0002481: 3361, (3361, 9)...
2025-03-04 16:31:22,478 - INFO - UBERON:0002728: (3361, 118564) x (76, 118564)...
2025-03-04 16:31:27,872 - INFO - UBERON:0002728: 3361, (3361, 76)...
2025-03-04 16:31:28,200 - INFO - UBERON:0003889: (3361, 1317) x (8, 1317)...
2025-03-04 16:31:28,405 - INFO - UBERON:0003889: 3361, (3361, 8)...
2025-03-04 16:31:28,780 - INFO - UBERON:0004535: (3361, 3116) x (6, 3116)...
2025-03-04 16:31:29,056 - INFO - UBERON:0004535: 3361, (3361, 6)...
2025-03-04 16:31:38,320 - INFO - UBERON:0004802: (3361, 97750) x (53, 97750)...
2025-03-04 16:31:44,869 - INFO - UBERON:0004802: 3361, (3361, 53)...
2025-03-04 16:31:54,087 - INFO - UBERON:0005384: (3361, 93707) x (63, 93707)...
2025-03-04 16:31:59,642 - INFO - UBERON:0005384: 3361, (3361, 63)...
2025-03-04 16:32:15,045 - INFO - UBERON:0012168: (3361, 157198) x (276, 157198)...
2025-03-04 16:32:25,124 - INFO - UBERON:0012168: 3361, (3361, 276)...
2025-03-04 16:32:28,658 - INFO - UBERON:0035818: (3361, 32746) x (33, 32746)...
2025-03-04 16:32:30,608 - INFO - UBERON:0035818: 3361, (3361, 33)...
2025-03-04 16:32:30,763 - INFO - UBERON:8450002: (3361, 1333) x (6, 1333)...
2025-03-04 16:32:30,970 - INFO - UBERON:8450002: 3361, (3361, 6)...
2025-03-04 16:32:32,005 - INFO - Processing Fold 2
2025-03-04 16:33:01,674 - INFO - CL:0000019: (3427, 267594) x (242, 267594)...
2025-03-04 16:33:20,772 - INFO - CL:0000019: 3427, (3427, 242)...
2025-03-04 16:33:29,547 - INFO - CL:0000056: (3427, 78903) x (28, 78903)...
2025-03-04 16:33:35,121 - INFO - CL:0000056: 3427, (3427, 28)...
2025-03-04 16:33:52,341 - INFO - CL:0000057: (3427, 187879) x (89, 187879)...
2025-03-04 16:34:06,320 - INFO - CL:0000057: 3427, (3427, 89)...
2025-03-04 16:34:23,495 - INFO - CL:0000084: (3427, 188646) x (285, 188646)...
2025-03-04 16:34:37,438 - INFO - CL:0000084: 3427, (3427, 285)...
2025-03-04 16:34:39,423 - INFO - CL:0000094: (3427, 17602) x (17, 17602)...
2025-03-04 16:34:40,381 - INFO - CL:0000094: 3427, (3427, 17)...
2025-03-04 16:34:51,762 - INFO - CL:0000148: (3427, 133412) x (109, 133412)...
2025-03-04 16:34:58,402 - INFO - CL:0000148: 3427, (3427, 109)...
2025-03-04 16:35:11,726 - INFO - CL:0000236: (3427, 161377) x (90, 161377)...
2025-03-04 16:35:19,730 - INFO - CL:0000236: 3427, (3427, 90)...
2025-03-04 16:35:22,424 - INFO - CL:0000542: (3427, 26872) x (19, 26872)...
2025-03-04 16:35:23,821 - INFO - CL:0000542: 3427, (3427, 19)...
2025-03-04 16:35:37,212 - INFO - CL:0000576: (3427, 163427) x (91, 163427)...
2025-03-04 16:35:45,311 - INFO - CL:0000576: 3427, (3427, 91)...
2025-03-04 16:35:47,262 - INFO - CL:0000623: (3427, 17325) x (15, 17325)...
2025-03-04 16:35:48,189 - INFO - CL:0000623: 3427, (3427, 15)...
2025-03-04 16:36:05,503 - INFO - CL:0000738: (3427, 230087) x (844, 230087)...
2025-03-04 16:36:18,710 - INFO - CL:0000738: 3427, (3427, 844)...
2025-03-04 16:36:20,052 - INFO - CL:0000775: (3427, 12436) x (20, 12436)...
2025-03-04 16:36:20,751 - INFO - CL:0000775: 3427, (3427, 20)...
2025-03-04 16:36:33,793 - INFO - CL:0000910;BTO:0000289: (3427, 162589) x (100, 162589)...
2025-03-04 16:36:41,554 - INFO - CL:0000910;BTO:0000289: 3427, (3427, 100)...
2025-03-04 16:36:45,225 - INFO - CL:0002322;BTO:0001086: (3427, 36504) x (14, 36504)...
2025-03-04 16:36:47,052 - INFO - CL:0002322;BTO:0001086: 3427, (3427, 14)...
2025-03-04 16:37:01,338 - INFO - CL:2000001: (3427, 178453) x (276, 178453)...
2025-03-04 16:37:10,419 - INFO - CL:2000001: 3427, (3427, 276)...
2025-03-04 16:37:13,369 - INFO - UBERON:0000002: (3427, 27583) x (28, 27583)...
2025-03-04 16:37:14,772 - INFO - UBERON:0000002: 3427, (3427, 28)...
2025-03-04 16:37:14,902 - INFO - UBERON:0000006: (3427, 1042) x (5, 1042)...
2025-03-04 16:37:15,093 - INFO - UBERON:0000006: 3427, (3427, 5)...
2025-03-04 16:37:27,911 - INFO - UBERON:0000310: (3427, 158153) x (193, 158153)...
2025-03-04 16:37:35,515 - INFO - UBERON:0000310: 3427, (3427, 193)...
2025-03-04 16:37:44,408 - INFO - UBERON:0000451: (3427, 99357) x (60, 99357)...
2025-03-04 16:37:48,964 - INFO - UBERON:0000451: 3427, (3427, 60)...
2025-03-04 16:37:58,116 - INFO - UBERON:0000945: (3427, 103308) x (60, 103308)...
2025-03-04 16:38:02,944 - INFO - UBERON:0000945: 3427, (3427, 60)...
2025-03-04 16:38:07,709 - INFO - UBERON:0000955: (3427, 48904) x (36, 48904)...
2025-03-04 16:38:10,148 - INFO - UBERON:0000955: 3427, (3427, 36)...
2025-03-04 16:38:10,235 - INFO - UBERON:0000992: (3427, 612) x (5, 612)...
2025-03-04 16:38:10,422 - INFO - UBERON:0000992: 3427, (3427, 5)...
2025-03-04 16:38:12,438 - INFO - UBERON:0001005: (3427, 19727) x (8, 19727)...
2025-03-04 16:38:13,511 - INFO - UBERON:0001005: 3427, (3427, 8)...
2025-03-04 16:38:24,624 - INFO - UBERON:0001016: (3427, 130892) x (37, 130892)...
2025-03-04 16:38:30,962 - INFO - UBERON:0001016: 3427, (3427, 37)...
2025-03-04 16:38:32,317 - INFO - UBERON:0001043: (3427, 12652) x (17, 12652)...
2025-03-04 16:38:33,025 - INFO - UBERON:0001043: 3427, (3427, 17)...
2025-03-04 16:38:34,341 - INFO - UBERON:0001052: (3427, 13970) x (9, 13970)...
2025-03-04 16:38:35,139 - INFO - UBERON:0001052: 3427, (3427, 9)...
2025-03-04 16:38:50,245 - INFO - UBERON:0001155: (3427, 197813) x (272, 197813)...
2025-03-04 16:39:00,167 - INFO - UBERON:0001155: 3427, (3427, 272)...
2025-03-04 16:39:05,676 - INFO - UBERON:0001264: (3427, 57122) x (68, 57122)...
2025-03-04 16:39:08,517 - INFO - UBERON:0001264: 3427, (3427, 68)...
2025-03-04 16:39:16,525 - INFO - UBERON:0001295: (3427, 86236) x (48, 86236)...
2025-03-04 16:39:20,662 - INFO - UBERON:0001295: 3427, (3427, 48)...
2025-03-04 16:39:35,374 - INFO - UBERON:0001836: (3427, 189231) x (296, 189231)...
2025-03-04 16:39:45,202 - INFO - UBERON:0001836: 3427, (3427, 296)...
2025-03-04 16:40:03,464 - INFO - UBERON:0001871: (3427, 246316) x (406, 246316)...
2025-03-04 16:40:16,212 - INFO - UBERON:0001871: 3427, (3427, 406)...
2025-03-04 16:40:34,053 - INFO - UBERON:0001987: (3427, 243167) x (692, 243167)...
2025-03-04 16:40:47,406 - INFO - UBERON:0001987: 3427, (3427, 692)...
2025-03-04 16:40:57,632 - INFO - UBERON:0002037: (3427, 122567) x (43, 122567)...
2025-03-04 16:41:03,385 - INFO - UBERON:0002037: 3427, (3427, 43)...
2025-03-04 16:41:08,331 - INFO - UBERON:0002046: (3427, 49717) x (41, 49717)...
2025-03-04 16:41:10,733 - INFO - UBERON:0002046: 3427, (3427, 41)...
2025-03-04 16:41:14,881 - INFO - UBERON:0002048: (3427, 41222) x (34, 41222)...
2025-03-04 16:41:16,929 - INFO - UBERON:0002048: 3427, (3427, 34)...
2025-03-04 16:41:18,374 - INFO - UBERON:0002097: (3427, 14111) x (18, 14111)...
2025-03-04 16:41:19,166 - INFO - UBERON:0002097: 3427, (3427, 18)...
2025-03-04 16:41:30,432 - INFO - UBERON:0002107: (3427, 139107) x (145, 139107)...
2025-03-04 16:41:37,218 - INFO - UBERON:0002107: 3427, (3427, 145)...
2025-03-04 16:41:41,660 - INFO - UBERON:0002113: (3427, 45681) x (55, 45681)...
2025-03-04 16:41:43,927 - INFO - UBERON:0002113: 3427, (3427, 55)...
2025-03-04 16:41:45,755 - INFO - UBERON:0002190: (3427, 17400) x (17, 17400)...
2025-03-04 16:41:46,716 - INFO - UBERON:0002190: 3427, (3427, 17)...
2025-03-04 16:42:04,246 - INFO - UBERON:0002331: (3427, 241655) x (1021, 241655)...
2025-03-04 16:42:18,873 - INFO - UBERON:0002331: 3427, (3427, 1021)...
2025-03-04 16:42:21,169 - INFO - UBERON:0002367: (3427, 21204) x (16, 21204)...
2025-03-04 16:42:22,290 - INFO - UBERON:0002367: 3427, (3427, 16)...
2025-03-04 16:42:29,823 - INFO - UBERON:0002371: (3427, 83084) x (50, 83084)...
2025-03-04 16:42:33,890 - INFO - UBERON:0002371: 3427, (3427, 50)...
2025-03-04 16:42:39,844 - INFO - UBERON:0002418: (3427, 64563) x (38, 64563)...
2025-03-04 16:42:43,039 - INFO - UBERON:0002418: 3427, (3427, 38)...
2025-03-04 16:42:54,900 - INFO - UBERON:0002424: (3427, 148087) x (134, 148087)...
2025-03-04 16:43:02,012 - INFO - UBERON:0002424: 3427, (3427, 134)...
2025-03-04 16:43:02,046 - INFO - UBERON:0002481: (3427, 45) x (4, 45)...
2025-03-04 16:43:02,206 - INFO - UBERON:0002481: 3427, (3427, 4)...
2025-03-04 16:43:10,175 - INFO - UBERON:0002728: (3427, 89809) x (49, 89809)...
2025-03-04 16:43:14,321 - INFO - UBERON:0002728: 3427, (3427, 49)...
2025-03-04 16:43:14,372 - INFO - UBERON:0003889: (3427, 248) x (5, 248)...
2025-03-04 16:43:14,534 - INFO - UBERON:0003889: 3427, (3427, 5)...
2025-03-04 16:43:14,554 - INFO - UBERON:0004535: (3427, 109) x (4, 109)...
2025-03-04 16:43:14,714 - INFO - UBERON:0004535: 3427, (3427, 4)...
2025-03-04 16:43:23,103 - INFO - UBERON:0004802: (3427, 95548) x (53, 95548)...
2025-03-04 16:43:27,451 - INFO - UBERON:0004802: 3427, (3427, 53)...
2025-03-04 16:43:30,860 - INFO - UBERON:0005384: (3427, 34912) x (57, 34912)...
2025-03-04 16:43:32,548 - INFO - UBERON:0005384: 3427, (3427, 57)...
2025-03-04 16:43:48,459 - INFO - UBERON:0012168: (3427, 215132) x (628, 215132)...
2025-03-04 16:44:00,060 - INFO - UBERON:0012168: 3427, (3427, 628)...
2025-03-04 16:44:07,957 - INFO - UBERON:0035818: (3427, 89221) x (33, 89221)...
2025-03-04 16:44:12,161 - INFO - UBERON:0035818: 3427, (3427, 33)...
2025-03-05 17:47:18,983 - INFO - Loading Mv and meta from ./../data/GEO/preprocessed/training.dill
2025-03-05 17:47:41,905 - INFO - (10351, 297598), (10351, 10)
2025-03-05 17:48:50,870 - INFO - Processing Fold 0
2025-03-05 17:49:27,864 - INFO - CL:0000019: (3563, 251925) x (239, 251925)...
2025-03-05 17:50:16,258 - INFO - Loading Mv and meta from ./../data/GEO/preprocessed/training.dill
2025-03-05 17:50:33,168 - INFO - (10351, 297598), (10351, 10)
2025-03-05 17:51:43,401 - INFO - Processing Fold 0
2025-03-05 17:52:17,297 - INFO - CL:0000019: (3563, 251925) x (239, 251925)...
2025-03-05 17:52:32,400 - INFO - CL:0000019: 3563, (3563, 239)...
2025-03-05 17:52:56,667 - INFO - CL:0000056: (3563, 120572) x (56, 120572)...
2025-03-05 17:53:03,405 - INFO - CL:0000056: 3563, (3563, 56)...
2025-03-05 17:53:35,572 - INFO - CL:0000057: (3563, 173135) x (90, 173135)...
2025-03-05 17:53:46,590 - INFO - CL:0000057: 3563, (3563, 90)...
2025-03-05 17:54:14,307 - INFO - CL:0000084: (3563, 165590) x (287, 165590)...
2025-03-05 17:54:27,161 - INFO - CL:0000084: 3563, (3563, 287)...
2025-03-05 17:54:27,633 - INFO - CL:0000094: (3563, 44) x (5, 44)...
2025-03-05 17:54:27,845 - INFO - CL:0000094: 3563, (3563, 5)...
2025-03-05 17:54:53,446 - INFO - CL:0000148: (3563, 125115) x (106, 125115)...
2025-03-05 17:55:04,159 - INFO - CL:0000148: 3563, (3563, 106)...
2025-03-05 17:55:39,192 - INFO - CL:0000236: (3563, 185148) x (196, 185148)...
2025-03-05 17:55:52,565 - INFO - CL:0000236: 3563, (3563, 196)...
2025-03-05 17:56:03,238 - INFO - CL:0000542: (3563, 29159) x (24, 29159)...
2025-03-05 17:56:04,951 - INFO - CL:0000542: 3563, (3563, 24)...
2025-03-05 17:56:37,392 - INFO - CL:0000576: (3563, 196715) x (168, 196715)...
2025-03-05 17:56:51,277 - INFO - CL:0000576: 3563, (3563, 168)...
2025-03-05 17:57:19,896 - INFO - CL:0000623: (3563, 137560) x (123, 137560)...
2025-03-05 17:57:31,099 - INFO - CL:0000623: 3563, (3563, 123)...
2025-03-05 17:58:08,136 - INFO - CL:0000738: (3563, 249821) x (850, 249821)...
2025-03-05 17:58:29,042 - INFO - CL:0000738: 3563, (3563, 850)...
2025-03-05 17:58:55,204 - INFO - CL:0000775: (3563, 117841) x (60, 117841)...
2025-03-05 17:59:01,745 - INFO - CL:0000775: 3563, (3563, 60)...
2025-03-05 17:59:32,717 - INFO - CL:0000910;BTO:0000289: (3563, 187202) x (178, 187202)...
2025-03-05 17:59:42,838 - INFO - CL:0000910;BTO:0000289: 3563, (3563, 178)...
2025-03-05 18:00:03,101 - INFO - CL:0002322;BTO:0001086: (3563, 95849) x (41, 95849)...
2025-03-05 18:00:09,185 - INFO - CL:0002322;BTO:0001086: 3563, (3563, 41)...
2025-03-05 18:00:41,727 - INFO - CL:2000001: (3563, 173045) x (282, 173045)...
2025-03-05 18:00:54,167 - INFO - CL:2000001: 3563, (3563, 282)...
2025-03-05 18:01:00,293 - INFO - UBERON:0000002: (3563, 3185) x (9, 3185)...
2025-03-05 18:01:00,689 - INFO - UBERON:0000002: 3563, (3563, 9)...
2025-03-05 18:01:26,376 - INFO - UBERON:0000006: (3563, 132557) x (63, 132557)...
2025-03-05 18:01:35,640 - INFO - UBERON:0000006: 3563, (3563, 63)...
2025-03-05 18:02:06,426 - INFO - UBERON:0000310: (3563, 165594) x (207, 165594)...
2025-03-05 18:02:17,338 - INFO - UBERON:0000310: 3563, (3563, 207)...
2025-03-05 18:02:56,175 - INFO - UBERON:0000451: (3563, 240102) x (458, 240102)...
2025-03-05 18:03:15,083 - INFO - UBERON:0000451: 3563, (3563, 458)...
2025-03-05 18:03:38,844 - INFO - UBERON:0000945: (3563, 114836) x (88, 114836)...
2025-03-05 18:03:48,109 - INFO - UBERON:0000945: 3563, (3563, 88)...
2025-03-05 18:03:58,537 - INFO - UBERON:0000955: (3563, 31207) x (28, 31207)...
2025-03-05 18:04:01,117 - INFO - UBERON:0000955: 3563, (3563, 28)...
2025-03-05 18:04:07,373 - INFO - UBERON:0000992: (3563, 12665) x (15, 12665)...
2025-03-05 18:04:08,423 - INFO - UBERON:0000992: 3563, (3563, 15)...
2025-03-05 18:04:11,709 - INFO - UBERON:0001005: (3563, 17720) x (8, 17720)...
2025-03-05 18:04:15,639 - INFO - UBERON:0001005: 3563, (3563, 8)...
2025-03-05 18:04:39,424 - INFO - UBERON:0001016: (3563, 125801) x (34, 125801)...
2025-03-05 18:04:45,767 - INFO - UBERON:0001016: 3563, (3563, 34)...
2025-03-05 18:04:49,694 - INFO - UBERON:0001032: (3563, 537) x (4, 537)...
2025-03-05 18:04:49,891 - INFO - UBERON:0001032: 3563, (3563, 4)...
2025-03-05 18:05:06,150 - INFO - UBERON:0001043: (3563, 64552) x (31, 64552)...
2025-03-05 18:05:10,934 - INFO - UBERON:0001043: 3563, (3563, 31)...
2025-03-05 18:05:16,988 - INFO - UBERON:0001052: (3563, 22430) x (15, 22430)...
2025-03-05 18:05:18,957 - INFO - UBERON:0001052: 3563, (3563, 15)...
2025-03-05 18:05:47,392 - INFO - UBERON:0001155: (3563, 159445) x (213, 159445)...
2025-03-05 18:05:55,911 - INFO - UBERON:0001155: 3563, (3563, 213)...
2025-03-05 18:06:17,674 - INFO - UBERON:0001264: (3563, 87714) x (68, 87714)...
2025-03-05 18:06:24,489 - INFO - UBERON:0001264: 3563, (3563, 68)...
2025-03-05 18:06:34,472 - INFO - UBERON:0001295: (3563, 29971) x (17, 29971)...
2025-03-05 18:06:36,565 - INFO - UBERON:0001295: 3563, (3563, 17)...
2025-03-05 18:07:03,300 - INFO - UBERON:0001836: (3563, 152947) x (209, 152947)...
2025-03-05 18:07:14,172 - INFO - UBERON:0001836: 3563, (3563, 209)...
2025-03-05 18:07:37,521 - INFO - UBERON:0001870: (3563, 133011) x (75, 133011)...
2025-03-05 18:07:44,375 - INFO - UBERON:0001870: 3563, (3563, 75)...
2025-03-05 18:08:18,102 - INFO - UBERON:0001871: (3563, 230050) x (372, 230050)...
2025-03-05 18:08:36,797 - INFO - UBERON:0001871: 3563, (3563, 372)...
2025-03-05 18:09:13,182 - INFO - UBERON:0001987: (3563, 252074) x (693, 252074)...
2025-03-05 18:09:34,467 - INFO - UBERON:0001987: 3563, (3563, 693)...
2025-03-05 18:09:56,968 - INFO - UBERON:0002037: (3563, 113285) x (28, 113285)...
2025-03-05 18:10:04,916 - INFO - UBERON:0002037: 3563, (3563, 28)...
2025-03-05 18:10:26,076 - INFO - UBERON:0002046: (3563, 101961) x (85, 101961)...
2025-03-05 18:10:33,420 - INFO - UBERON:0002046: 3563, (3563, 85)...
2025-03-05 18:10:41,963 - INFO - UBERON:0002048: (3563, 29237) x (48, 29237)...
2025-03-05 18:10:44,377 - INFO - UBERON:0002048: 3563, (3563, 48)...
2025-03-05 18:10:50,130 - INFO - UBERON:0002097: (3563, 20885) x (24, 20885)...
2025-03-05 18:10:51,805 - INFO - UBERON:0002097: 3563, (3563, 24)...
2025-03-05 18:11:16,221 - INFO - UBERON:0002107: (3563, 152185) x (145, 152185)...
2025-03-05 18:11:27,493 - INFO - UBERON:0002107: 3563, (3563, 145)...
2025-03-05 18:11:45,927 - INFO - UBERON:0002113: (3563, 77079) x (77, 77079)...
2025-03-05 18:11:51,607 - INFO - UBERON:0002113: 3563, (3563, 77)...
2025-03-05 18:12:03,310 - INFO - UBERON:0002190: (3563, 38354) x (24, 38354)...
2025-03-05 18:12:05,435 - INFO - UBERON:0002190: 3563, (3563, 24)...
2025-03-05 18:12:11,393 - INFO - UBERON:0002367: (3563, 23349) x (19, 23349)...
2025-03-05 18:12:13,366 - INFO - UBERON:0002367: 3563, (3563, 19)...
2025-03-05 18:12:19,621 - INFO - UBERON:0002371: (3563, 24438) x (45, 24438)...
2025-03-05 18:12:21,736 - INFO - UBERON:0002371: 3563, (3563, 45)...
2025-03-05 18:12:41,266 - INFO - UBERON:0002418: (3563, 83711) x (43, 83711)...
2025-03-05 18:12:48,018 - INFO - UBERON:0002418: 3563, (3563, 43)...
2025-03-05 18:13:06,920 - INFO - UBERON:0002424: (3563, 65041) x (43, 65041)...
2025-03-05 18:13:12,139 - INFO - UBERON:0002424: 3563, (3563, 43)...
2025-03-05 18:13:14,879 - INFO - UBERON:0002481: (3563, 2472) x (13, 2472)...
2025-03-05 18:13:15,311 - INFO - UBERON:0002481: 3563, (3563, 13)...
2025-03-05 18:13:29,859 - INFO - UBERON:0002728: (3563, 59296) x (27, 59296)...
2025-03-05 18:13:34,163 - INFO - UBERON:0002728: 3563, (3563, 27)...
2025-03-05 18:13:37,234 - INFO - UBERON:0003889: (3563, 4672) x (13, 4672)...
2025-03-05 18:13:37,630 - INFO - UBERON:0003889: 3563, (3563, 13)...
2025-03-05 18:13:39,141 - INFO - UBERON:0004535: (3563, 4481) x (10, 4481)...
2025-03-05 18:13:39,530 - INFO - UBERON:0004535: 3563, (3563, 10)...
2025-03-05 18:14:03,601 - INFO - UBERON:0004802: (3563, 139489) x (82, 139489)...
2025-03-05 18:14:13,241 - INFO - UBERON:0004802: 3563, (3563, 82)...
2025-03-05 18:14:32,418 - INFO - UBERON:0005384: (3563, 90665) x (64, 90665)...
2025-03-05 18:14:38,580 - INFO - UBERON:0005384: 3563, (3563, 64)...
2025-03-05 18:15:09,833 - INFO - UBERON:0012168: (3563, 202470) x (632, 202470)...
2025-03-05 18:15:26,254 - INFO - UBERON:0012168: 3563, (3563, 632)...
2025-03-05 18:15:45,414 - INFO - UBERON:0035818: (3563, 86383) x (48, 86383)...
2025-03-05 18:15:51,729 - INFO - UBERON:0035818: 3563, (3563, 48)...
2025-03-05 18:15:54,544 - INFO - UBERON:8450002: (3563, 1026) x (6, 1026)...
2025-03-05 18:15:54,792 - INFO - UBERON:8450002: 3563, (3563, 6)...
2025-03-05 18:15:55,742 - INFO - Processing Fold 1
2025-03-05 18:16:35,330 - INFO - CL:0000019: (3361, 203541) x (171, 203541)...
2025-03-05 18:16:50,679 - INFO - CL:0000019: 3361, (3361, 171)...
2025-03-05 18:17:12,028 - INFO - CL:0000056: (3361, 83052) x (28, 83052)...
2025-03-05 18:17:17,825 - INFO - CL:0000056: 3361, (3361, 28)...
2025-03-05 18:17:40,819 - INFO - CL:0000057: (3361, 110964) x (55, 110964)...
2025-03-05 18:17:48,085 - INFO - CL:0000057: 3361, (3361, 55)...
2025-03-05 18:18:17,722 - INFO - CL:0000084: (3361, 220558) x (288, 220558)...
2025-03-05 18:18:32,504 - INFO - CL:0000084: 3361, (3361, 288)...
2025-03-05 18:18:38,317 - INFO - CL:0000094: (3361, 10205) x (12, 10205)...
2025-03-05 18:18:38,958 - INFO - CL:0000094: 3361, (3361, 12)...
2025-03-05 18:18:38,988 - INFO - CL:0000148: (3361, 91) x (3, 91)...
2025-03-05 18:18:39,139 - INFO - CL:0000148: 3361, (3361, 3)...
2025-03-05 18:19:01,076 - INFO - CL:0000236: (3361, 206339) x (146, 206339)...
2025-03-05 18:19:15,204 - INFO - CL:0000236: 3361, (3361, 146)...
2025-03-05 18:19:20,299 - INFO - CL:0000542: (3361, 2480) x (11, 2480)...
2025-03-05 18:19:20,575 - INFO - CL:0000542: 3361, (3361, 11)...
2025-03-05 18:19:46,082 - INFO - CL:0000576: (3361, 209596) x (163, 209596)...
2025-03-05 18:20:01,194 - INFO - CL:0000576: 3361, (3361, 163)...
2025-03-05 18:20:26,216 - INFO - CL:0000623: (3361, 176485) x (122, 176485)...
2025-03-05 18:20:38,552 - INFO - CL:0000623: 3361, (3361, 122)...
2025-03-05 18:21:10,582 - INFO - CL:0000738: (3361, 243693) x (842, 243693)...
2025-03-05 18:21:30,499 - INFO - CL:0000738: 3361, (3361, 842)...
2025-03-05 18:21:58,129 - INFO - CL:0000775: (3361, 185010) x (56, 185010)...
2025-03-05 18:22:10,492 - INFO - CL:0000775: 3361, (3361, 56)...
2025-03-05 18:22:44,435 - INFO - CL:0000910;BTO:0000289: (3361, 196494) x (156, 196494)...
2025-03-05 18:22:58,876 - INFO - CL:0000910;BTO:0000289: 3361, (3361, 156)...
2025-03-05 18:23:20,961 - INFO - CL:0002322;BTO:0001086: (3361, 102908) x (45, 102908)...
2025-03-05 18:23:28,182 - INFO - CL:0002322;BTO:0001086: 3361, (3361, 45)...
2025-03-05 18:23:54,954 - INFO - CL:2000001: (3361, 180519) x (276, 180519)...
2025-03-05 18:24:08,479 - INFO - CL:2000001: 3361, (3361, 276)...
2025-03-05 18:24:16,752 - INFO - UBERON:0000002: (3361, 22515) x (37, 22515)...
2025-03-05 18:24:18,500 - INFO - UBERON:0000002: 3361, (3361, 37)...
2025-03-05 18:24:34,679 - INFO - UBERON:0000006: (3361, 125019) x (68, 125019)...
2025-03-05 18:24:42,955 - INFO - UBERON:0000006: 3361, (3361, 68)...
2025-03-05 18:25:10,745 - INFO - UBERON:0000310: (3361, 203493) x (228, 203493)...
2025-03-05 18:25:24,204 - INFO - UBERON:0000310: 3361, (3361, 228)...
2025-03-05 18:25:55,326 - INFO - UBERON:0000451: (3361, 251105) x (502, 251105)...
2025-03-05 18:26:13,605 - INFO - UBERON:0000451: 3361, (3361, 502)...
2025-03-05 18:26:27,990 - INFO - UBERON:0000945: (3361, 88165) x (56, 88165)...
2025-03-05 18:26:34,263 - INFO - UBERON:0000945: 3361, (3361, 56)...
2025-03-05 18:26:46,048 - INFO - UBERON:0000955: (3361, 42609) x (30, 42609)...
2025-03-05 18:26:49,293 - INFO - UBERON:0000955: 3361, (3361, 30)...
2025-03-05 18:26:53,922 - INFO - UBERON:0000992: (3361, 6002) x (10, 6002)...
2025-03-05 18:26:54,289 - INFO - UBERON:0000992: 3361, (3361, 10)...
2025-03-05 18:27:04,748 - INFO - UBERON:0001005: (3361, 57297) x (16, 57297)...
2025-03-05 18:27:08,612 - INFO - UBERON:0001005: 3361, (3361, 16)...
2025-03-05 18:27:12,701 - INFO - UBERON:0001016: (3361, 9756) x (13, 9756)...
2025-03-05 18:27:13,345 - INFO - UBERON:0001016: 3361, (3361, 13)...
2025-03-05 18:27:14,249 - INFO - UBERON:0001032: (3361, 893) x (4, 893)...
2025-03-05 18:27:14,447 - INFO - UBERON:0001032: 3361, (3361, 4)...
2025-03-05 18:27:26,542 - INFO - UBERON:0001043: (3361, 65754) x (18, 65754)...
2025-03-05 18:27:30,660 - INFO - UBERON:0001043: 3361, (3361, 18)...
2025-03-05 18:27:32,174 - INFO - UBERON:0001052: (3361, 881) x (6, 881)...
2025-03-05 18:27:32,383 - INFO - UBERON:0001052: 3361, (3361, 6)...
2025-03-05 18:27:57,312 - INFO - UBERON:0001155: (3361, 187035) x (197, 187035)...
2025-03-05 18:28:09,350 - INFO - UBERON:0001155: 3361, (3361, 197)...
2025-03-05 18:28:26,470 - INFO - UBERON:0001264: (3361, 72528) x (68, 72528)...
2025-03-05 18:28:32,110 - INFO - UBERON:0001264: 3361, (3361, 68)...
2025-03-05 18:28:49,798 - INFO - UBERON:0001295: (3361, 61977) x (31, 61977)...
2025-03-05 18:28:54,323 - INFO - UBERON:0001295: 3361, (3361, 31)...
2025-03-05 18:29:24,965 - INFO - UBERON:0001836: (3361, 181732) x (295, 181732)...
2025-03-05 18:29:38,292 - INFO - UBERON:0001836: 3361, (3361, 295)...
2025-03-05 18:29:59,367 - INFO - UBERON:0001870: (3361, 134791) x (75, 134791)...
2025-03-05 18:30:09,015 - INFO - UBERON:0001870: 3361, (3361, 75)...
2025-03-05 18:30:24,314 - INFO - UBERON:0001871: (3361, 92440) x (62, 92440)...
2025-03-05 18:30:30,784 - INFO - UBERON:0001871: 3361, (3361, 62)...
2025-03-05 18:31:01,208 - INFO - UBERON:0001987: (3361, 241510) x (699, 241510)...
2025-03-05 18:31:21,665 - INFO - UBERON:0001987: 3361, (3361, 699)...
2025-03-05 18:31:47,748 - INFO - UBERON:0002037: (3361, 132130) x (71, 132130)...
2025-03-05 18:31:57,768 - INFO - UBERON:0002037: 3361, (3361, 71)...
2025-03-05 18:32:13,411 - INFO - UBERON:0002046: (3361, 52542) x (44, 52542)...
2025-03-05 18:32:16,841 - INFO - UBERON:0002046: 3361, (3361, 44)...
2025-03-05 18:32:25,434 - INFO - UBERON:0002048: (3361, 28855) x (54, 28855)...
2025-03-05 18:32:27,464 - INFO - UBERON:0002048: 3361, (3361, 54)...
2025-03-05 18:32:27,748 - INFO - UBERON:0002097: (3361, 174) x (6, 174)...
2025-03-05 18:32:27,923 - INFO - UBERON:0002097: 3361, (3361, 6)...
2025-03-05 18:32:54,049 - INFO - UBERON:0002107: (3361, 150637) x (142, 150637)...
2025-03-05 18:33:04,228 - INFO - UBERON:0002107: 3361, (3361, 142)...
2025-03-05 18:33:19,237 - INFO - UBERON:0002113: (3361, 73327) x (70, 73327)...
2025-03-05 18:33:23,997 - INFO - UBERON:0002113: 3361, (3361, 70)...
2025-03-05 18:33:35,221 - INFO - UBERON:0002190: (3361, 56785) x (41, 56785)...
2025-03-05 18:33:39,056 - INFO - UBERON:0002190: 3361, (3361, 41)...
2025-03-05 18:34:09,412 - INFO - UBERON:0002331: (3361, 241287) x (1021, 241287)...
2025-03-05 18:34:28,720 - INFO - UBERON:0002331: 3361, (3361, 1021)...
2025-03-05 18:34:34,918 - INFO - UBERON:0002367: (3361, 15891) x (15, 15891)...
2025-03-05 18:34:35,908 - INFO - UBERON:0002367: 3361, (3361, 15)...
2025-03-05 18:34:43,324 - INFO - UBERON:0002371: (3361, 47559) x (53, 47559)...
2025-03-05 18:34:46,633 - INFO - UBERON:0002371: 3361, (3361, 53)...
2025-03-05 18:34:51,936 - INFO - UBERON:0002418: (3361, 23102) x (19, 23102)...
2025-03-05 18:34:53,437 - INFO - UBERON:0002418: 3361, (3361, 19)...
2025-03-05 18:35:09,816 - INFO - UBERON:0002424: (3361, 136631) x (135, 136631)...
2025-03-05 18:35:19,367 - INFO - UBERON:0002424: 3361, (3361, 135)...
2025-03-05 18:35:22,958 - INFO - UBERON:0002481: (3361, 3057) x (9, 3057)...
2025-03-05 18:35:23,207 - INFO - UBERON:0002481: 3361, (3361, 9)...
2025-03-05 18:35:38,292 - INFO - UBERON:0002728: (3361, 118564) x (76, 118564)...
2025-03-05 18:35:46,050 - INFO - UBERON:0002728: 3361, (3361, 76)...
2025-03-05 18:35:48,919 - INFO - UBERON:0003889: (3361, 1317) x (8, 1317)...
2025-03-05 18:35:49,143 - INFO - UBERON:0003889: 3361, (3361, 8)...
2025-03-05 18:35:50,749 - INFO - UBERON:0004535: (3361, 3116) x (6, 3116)...
2025-03-05 18:35:51,044 - INFO - UBERON:0004535: 3361, (3361, 6)...
2025-03-05 18:36:07,767 - INFO - UBERON:0004802: (3361, 97750) x (53, 97750)...
2025-03-05 18:36:13,979 - INFO - UBERON:0004802: 3361, (3361, 53)...
2025-03-05 18:36:37,307 - INFO - UBERON:0005384: (3361, 93707) x (63, 93707)...
2025-03-05 18:36:44,081 - INFO - UBERON:0005384: 3361, (3361, 63)...
2025-03-05 18:37:11,662 - INFO - UBERON:0012168: (3361, 157198) x (276, 157198)...
2025-03-05 18:37:22,481 - INFO - UBERON:0012168: 3361, (3361, 276)...
2025-03-05 18:37:31,091 - INFO - UBERON:0035818: (3361, 32746) x (33, 32746)...
2025-03-05 18:37:33,339 - INFO - UBERON:0035818: 3361, (3361, 33)...
2025-03-05 18:37:34,608 - INFO - UBERON:8450002: (3361, 1333) x (6, 1333)...
2025-03-05 18:37:34,812 - INFO - UBERON:8450002: 3361, (3361, 6)...
2025-03-05 18:37:35,965 - INFO - Processing Fold 2
2025-03-05 18:38:16,831 - INFO - CL:0000019: (3427, 267594) x (242, 267594)...
2025-03-05 18:38:34,547 - INFO - CL:0000019: 3427, (3427, 242)...
2025-03-05 18:38:55,799 - INFO - CL:0000056: (3427, 78903) x (28, 78903)...
2025-03-05 18:39:02,076 - INFO - CL:0000056: 3427, (3427, 28)...
2025-03-05 18:39:34,702 - INFO - CL:0000057: (3427, 187879) x (89, 187879)...
2025-03-05 18:39:47,415 - INFO - CL:0000057: 3427, (3427, 89)...
2025-03-05 18:40:20,541 - INFO - CL:0000084: (3427, 188646) x (285, 188646)...
2025-03-05 18:40:33,691 - INFO - CL:0000084: 3427, (3427, 285)...
2025-03-05 18:40:44,075 - INFO - CL:0000094: (3427, 17602) x (17, 17602)...
2025-03-05 18:40:45,186 - INFO - CL:0000094: 3427, (3427, 17)...
2025-03-05 18:41:12,290 - INFO - CL:0000148: (3427, 133412) x (109, 133412)...
2025-03-05 18:41:21,424 - INFO - CL:0000148: 3427, (3427, 109)...
2025-03-05 18:41:52,992 - INFO - CL:0000236: (3427, 161377) x (90, 161377)...
2025-03-05 18:42:03,070 - INFO - CL:0000236: 3427, (3427, 90)...
2025-03-05 18:42:13,694 - INFO - CL:0000542: (3427, 26872) x (19, 26872)...
2025-03-05 18:42:15,784 - INFO - CL:0000542: 3427, (3427, 19)...
2025-03-05 18:42:47,209 - INFO - CL:0000576: (3427, 163427) x (91, 163427)...
2025-03-05 18:42:57,891 - INFO - CL:0000576: 3427, (3427, 91)...
2025-03-05 18:43:07,483 - INFO - CL:0000623: (3427, 17325) x (15, 17325)...
2025-03-05 18:43:08,795 - INFO - CL:0000623: 3427, (3427, 15)...
2025-03-05 18:43:46,648 - INFO - CL:0000738: (3427, 230087) x (844, 230087)...
2025-03-05 18:44:05,488 - INFO - CL:0000738: 3427, (3427, 844)...
2025-03-05 18:44:13,946 - INFO - CL:0000775: (3427, 12436) x (20, 12436)...
2025-03-05 18:44:14,659 - INFO - CL:0000775: 3427, (3427, 20)...
2025-03-05 18:44:45,626 - INFO - CL:0000910;BTO:0000289: (3427, 162589) x (100, 162589)...
2025-03-05 18:44:55,932 - INFO - CL:0000910;BTO:0000289: 3427, (3427, 100)...
2025-03-05 18:45:07,180 - INFO - CL:0002322;BTO:0001086: (3427, 36504) x (14, 36504)...
2025-03-05 18:45:09,021 - INFO - CL:0002322;BTO:0001086: 3427, (3427, 14)...
2025-03-05 18:45:35,713 - INFO - CL:2000001: (3427, 178453) x (276, 178453)...
2025-03-05 18:45:45,117 - INFO - CL:2000001: 3427, (3427, 276)...
2025-03-05 18:45:51,112 - INFO - UBERON:0000002: (3427, 27583) x (28, 27583)...
2025-03-05 18:45:52,679 - INFO - UBERON:0000002: 3427, (3427, 28)...
2025-03-05 18:45:53,016 - INFO - UBERON:0000006: (3427, 1042) x (5, 1042)...
2025-03-05 18:45:53,228 - INFO - UBERON:0000006: 3427, (3427, 5)...
2025-03-05 18:46:16,118 - INFO - UBERON:0000310: (3427, 158153) x (193, 158153)...
2025-03-05 18:46:23,920 - INFO - UBERON:0000310: 3427, (3427, 193)...
2025-03-05 18:46:46,834 - INFO - UBERON:0000451: (3427, 99357) x (60, 99357)...
2025-03-05 18:46:54,185 - INFO - UBERON:0000451: 3427, (3427, 60)...
2025-03-05 18:47:19,739 - INFO - UBERON:0000945: (3427, 103308) x (60, 103308)...
2025-03-05 18:47:27,161 - INFO - UBERON:0000945: 3427, (3427, 60)...
2025-03-05 18:47:40,446 - INFO - UBERON:0000955: (3427, 48904) x (36, 48904)...
2025-03-05 18:47:43,026 - INFO - UBERON:0000955: 3427, (3427, 36)...
2025-03-05 18:47:45,785 - INFO - UBERON:0000992: (3427, 612) x (5, 612)...
2025-03-05 18:47:45,962 - INFO - UBERON:0000992: 3427, (3427, 5)...
2025-03-05 18:47:50,770 - INFO - UBERON:0001005: (3427, 19727) x (8, 19727)...
2025-03-05 18:47:51,828 - INFO - UBERON:0001005: 3427, (3427, 8)...
2025-03-05 18:48:08,826 - INFO - UBERON:0001016: (3427, 130892) x (37, 130892)...
2025-03-05 18:48:15,292 - INFO - UBERON:0001016: 3427, (3427, 37)...
2025-03-05 18:48:20,260 - INFO - UBERON:0001043: (3427, 12652) x (17, 12652)...
2025-03-05 18:48:20,907 - INFO - UBERON:0001043: 3427, (3427, 17)...
2025-03-05 18:48:22,705 - INFO - UBERON:0001052: (3427, 13970) x (9, 13970)...
2025-03-05 18:48:23,499 - INFO - UBERON:0001052: 3427, (3427, 9)...
2025-03-05 18:48:48,472 - INFO - UBERON:0001155: (3427, 197813) x (272, 197813)...
2025-03-05 18:49:03,744 - INFO - UBERON:0001155: 3427, (3427, 272)...
2025-03-05 18:49:20,527 - INFO - UBERON:0001264: (3427, 57122) x (68, 57122)...
2025-03-05 18:49:25,029 - INFO - UBERON:0001264: 3427, (3427, 68)...
2025-03-05 18:49:46,331 - INFO - UBERON:0001295: (3427, 86236) x (48, 86236)...
2025-03-05 18:49:50,276 - INFO - UBERON:0001295: 3427, (3427, 48)...
2025-03-05 18:50:17,144 - INFO - UBERON:0001836: (3427, 189231) x (296, 189231)...
2025-03-05 18:50:27,317 - INFO - UBERON:0001836: 3427, (3427, 296)...
2025-03-05 18:51:01,733 - INFO - UBERON:0001871: (3427, 246316) x (406, 246316)...
2025-03-05 18:51:19,131 - INFO - UBERON:0001871: 3427, (3427, 406)...
2025-03-05 18:51:52,109 - INFO - UBERON:0001987: (3427, 243167) x (692, 243167)...
2025-03-05 18:52:06,668 - INFO - UBERON:0001987: 3427, (3427, 692)...
2025-03-05 18:52:28,347 - INFO - UBERON:0002037: (3427, 122567) x (43, 122567)...
2025-03-05 18:52:35,946 - INFO - UBERON:0002037: 3427, (3427, 43)...
2025-03-05 18:52:51,933 - INFO - UBERON:0002046: (3427, 49717) x (41, 49717)...
2025-03-05 18:52:55,852 - INFO - UBERON:0002046: 3427, (3427, 41)...
2025-03-05 18:53:10,340 - INFO - UBERON:0002048: (3427, 41222) x (34, 41222)...
2025-03-05 18:53:13,374 - INFO - UBERON:0002048: 3427, (3427, 34)...
2025-03-05 18:53:20,383 - INFO - UBERON:0002097: (3427, 14111) x (18, 14111)...
2025-03-05 18:53:21,572 - INFO - UBERON:0002097: 3427, (3427, 18)...
2025-03-05 18:53:46,628 - INFO - UBERON:0002107: (3427, 139107) x (145, 139107)...
2025-03-05 18:53:56,013 - INFO - UBERON:0002107: 3427, (3427, 145)...
2025-03-05 18:54:10,787 - INFO - UBERON:0002113: (3427, 45681) x (55, 45681)...
2025-03-05 18:54:14,206 - INFO - UBERON:0002113: 3427, (3427, 55)...
2025-03-05 18:54:21,242 - INFO - UBERON:0002190: (3427, 17400) x (17, 17400)...
2025-03-05 18:54:22,659 - INFO - UBERON:0002190: 3427, (3427, 17)...
2025-03-05 18:54:57,191 - INFO - UBERON:0002331: (3427, 241655) x (1021, 241655)...
2025-03-05 18:55:16,700 - INFO - UBERON:0002331: 3427, (3427, 1021)...
2025-03-05 18:55:25,706 - INFO - UBERON:0002367: (3427, 21204) x (16, 21204)...
2025-03-05 18:55:26,870 - INFO - UBERON:0002367: 3427, (3427, 16)...
2025-03-05 18:55:46,167 - INFO - UBERON:0002371: (3427, 83084) x (50, 83084)...
2025-03-05 18:55:50,165 - INFO - UBERON:0002371: 3427, (3427, 50)...
2025-03-05 18:55:59,634 - INFO - UBERON:0002418: (3427, 64563) x (38, 64563)...
2025-03-05 18:56:02,695 - INFO - UBERON:0002418: 3427, (3427, 38)...
2025-03-05 18:56:16,755 - INFO - UBERON:0002424: (3427, 148087) x (134, 148087)...
2025-03-05 18:56:23,948 - INFO - UBERON:0002424: 3427, (3427, 134)...
2025-03-05 18:56:24,155 - INFO - UBERON:0002481: (3427, 45) x (4, 45)...
2025-03-05 18:56:24,356 - INFO - UBERON:0002481: 3427, (3427, 4)...
2025-03-05 18:56:35,070 - INFO - UBERON:0002728: (3427, 89809) x (49, 89809)...
2025-03-05 18:56:39,251 - INFO - UBERON:0002728: 3427, (3427, 49)...
2025-03-05 18:56:39,641 - INFO - UBERON:0003889: (3427, 248) x (5, 248)...
2025-03-05 18:56:39,814 - INFO - UBERON:0003889: 3427, (3427, 5)...
2025-03-05 18:56:39,977 - INFO - UBERON:0004535: (3427, 109) x (4, 109)...
2025-03-05 18:56:40,116 - INFO - UBERON:0004535: 3427, (3427, 4)...
2025-03-05 18:56:50,450 - INFO - UBERON:0004802: (3427, 95548) x (53, 95548)...
2025-03-05 18:56:54,887 - INFO - UBERON:0004802: 3427, (3427, 53)...
2025-03-05 18:57:01,480 - INFO - UBERON:0005384: (3427, 34912) x (57, 34912)...
2025-03-05 18:57:03,208 - INFO - UBERON:0005384: 3427, (3427, 57)...
2025-03-05 18:57:29,354 - INFO - UBERON:0012168: (3427, 215132) x (628, 215132)...
2025-03-05 18:57:44,004 - INFO - UBERON:0012168: 3427, (3427, 628)...
2025-03-05 18:58:06,292 - INFO - UBERON:0035818: (3427, 89221) x (33, 89221)...
2025-03-05 18:58:12,956 - INFO - UBERON:0035818: 3427, (3427, 33)...
2025-03-05 23:13:18,623 - INFO - Loading Mv and meta from ./../data/GEO/preprocessed/training.dill
2025-03-05 23:13:39,116 - INFO - (10351, 297598), (10351, 10)
2025-03-05 23:14:46,870 - INFO - Processing Fold 0
2025-03-05 23:15:19,417 - INFO - CL:0000019: (3563, 251925) x (239, 251925)...
2025-03-05 23:15:39,787 - INFO - CL:0000019: 3563, (3563, 239)...
2025-03-05 23:15:59,287 - INFO - CL:0000056: (3563, 120572) x (56, 120572)...
2025-03-05 23:16:07,687 - INFO - CL:0000056: 3563, (3563, 56)...
2025-03-05 23:16:30,188 - INFO - CL:0000057: (3563, 173135) x (90, 173135)...
2025-03-05 23:16:42,380 - INFO - CL:0000057: 3563, (3563, 90)...
2025-03-05 23:17:10,405 - INFO - CL:0000084: (3563, 165590) x (287, 165590)...
2025-03-05 23:17:24,035 - INFO - CL:0000084: 3563, (3563, 287)...
2025-03-05 23:17:24,402 - INFO - CL:0000094: (3563, 44) x (5, 44)...
2025-03-05 23:17:24,582 - INFO - CL:0000094: 3563, (3563, 5)...
2025-03-05 23:17:53,108 - INFO - CL:0000148: (3563, 125115) x (106, 125115)...
2025-03-05 23:18:03,580 - INFO - CL:0000148: 3563, (3563, 106)...
2025-03-05 23:18:39,235 - INFO - CL:0000236: (3563, 185148) x (196, 185148)...
2025-03-05 23:18:53,969 - INFO - CL:0000236: 3563, (3563, 196)...
2025-03-05 23:19:05,510 - INFO - CL:0000542: (3563, 29159) x (24, 29159)...
2025-03-05 23:19:07,956 - INFO - CL:0000542: 3563, (3563, 24)...
2025-03-05 23:19:45,500 - INFO - CL:0000576: (3563, 196715) x (168, 196715)...
2025-03-05 23:20:01,865 - INFO - CL:0000576: 3563, (3563, 168)...
2025-03-05 23:20:29,260 - INFO - CL:0000623: (3563, 137560) x (123, 137560)...
2025-03-05 23:20:37,655 - INFO - CL:0000623: 3563, (3563, 123)...
2025-03-05 23:21:08,963 - INFO - CL:0000738: (3563, 249821) x (850, 249821)...
2025-03-05 23:21:30,589 - INFO - CL:0000738: 3563, (3563, 850)...
2025-03-05 23:21:53,210 - INFO - CL:0000775: (3563, 117841) x (60, 117841)...
2025-03-05 23:22:02,953 - INFO - CL:0000775: 3563, (3563, 60)...
2025-03-05 23:22:38,799 - INFO - CL:0000910;BTO:0000289: (3563, 187202) x (178, 187202)...
2025-03-05 23:22:54,285 - INFO - CL:0000910;BTO:0000289: 3563, (3563, 178)...
2025-03-05 23:23:18,952 - INFO - CL:0002322;BTO:0001086: (3563, 95849) x (41, 95849)...
2025-03-05 23:23:26,422 - INFO - CL:0002322;BTO:0001086: 3563, (3563, 41)...
2025-03-05 23:24:01,605 - INFO - CL:2000001: (3563, 173045) x (282, 173045)...
2025-03-05 23:24:15,717 - INFO - CL:2000001: 3563, (3563, 282)...
2025-03-05 23:24:22,029 - INFO - UBERON:0000002: (3563, 3185) x (9, 3185)...
2025-03-05 23:24:22,457 - INFO - UBERON:0000002: 3563, (3563, 9)...
2025-03-05 23:24:47,895 - INFO - UBERON:0000006: (3563, 132557) x (63, 132557)...
2025-03-05 23:24:57,509 - INFO - UBERON:0000006: 3563, (3563, 63)...
2025-03-05 23:25:27,595 - INFO - UBERON:0000310: (3563, 165594) x (207, 165594)...
2025-03-05 23:25:41,121 - INFO - UBERON:0000310: 3563, (3563, 207)...
2025-03-05 23:26:19,324 - INFO - UBERON:0000451: (3563, 240102) x (458, 240102)...
2025-03-05 23:26:40,171 - INFO - UBERON:0000451: 3563, (3563, 458)...
2025-03-05 23:27:04,550 - INFO - UBERON:0000945: (3563, 114836) x (88, 114836)...
2025-03-05 23:27:13,809 - INFO - UBERON:0000945: 3563, (3563, 88)...
2025-03-05 23:27:26,178 - INFO - UBERON:0000955: (3563, 31207) x (28, 31207)...
2025-03-05 23:27:28,717 - INFO - UBERON:0000955: 3563, (3563, 28)...
2025-03-05 23:27:35,528 - INFO - UBERON:0000992: (3563, 12665) x (15, 12665)...
2025-03-05 23:27:36,658 - INFO - UBERON:0000992: 3563, (3563, 15)...
2025-03-05 23:27:42,233 - INFO - UBERON:0001005: (3563, 17720) x (8, 17720)...
2025-03-05 23:27:57,902 - INFO - UBERON:0001005: 3563, (3563, 8)...
2025-03-05 23:28:26,520 - INFO - UBERON:0001016: (3563, 125801) x (34, 125801)...
2025-03-05 23:28:36,506 - INFO - UBERON:0001016: 3563, (3563, 34)...
2025-03-05 23:28:39,914 - INFO - UBERON:0001032: (3563, 537) x (4, 537)...
2025-03-05 23:28:40,154 - INFO - UBERON:0001032: 3563, (3563, 4)...
2025-03-05 23:28:56,991 - INFO - UBERON:0001043: (3563, 64552) x (31, 64552)...
2025-03-05 23:29:16,407 - INFO - UBERON:0001043: 3563, (3563, 31)...
2025-03-05 23:29:26,418 - INFO - UBERON:0001052: (3563, 22430) x (15, 22430)...
2025-03-05 23:29:28,351 - INFO - UBERON:0001052: 3563, (3563, 15)...
2025-03-05 23:29:57,572 - INFO - UBERON:0001155: (3563, 159445) x (213, 159445)...
2025-03-05 23:30:09,444 - INFO - UBERON:0001155: 3563, (3563, 213)...
2025-03-05 23:30:28,492 - INFO - UBERON:0001264: (3563, 87714) x (68, 87714)...
2025-03-05 23:30:35,472 - INFO - UBERON:0001264: 3563, (3563, 68)...
2025-03-05 23:30:47,408 - INFO - UBERON:0001295: (3563, 29971) x (17, 29971)...
2025-03-05 23:30:49,901 - INFO - UBERON:0001295: 3563, (3563, 17)...
2025-03-05 23:31:21,858 - INFO - UBERON:0001836: (3563, 152947) x (209, 152947)...
2025-03-05 23:31:34,364 - INFO - UBERON:0001836: 3563, (3563, 209)...
2025-03-05 23:32:04,236 - INFO - UBERON:0001870: (3563, 133011) x (75, 133011)...
2025-03-05 23:32:14,540 - INFO - UBERON:0001870: 3563, (3563, 75)...
2025-03-05 23:32:50,769 - INFO - UBERON:0001871: (3563, 230050) x (372, 230050)...
2025-03-05 23:33:08,748 - INFO - UBERON:0001871: 3563, (3563, 372)...
2025-03-05 23:33:47,252 - INFO - UBERON:0001987: (3563, 252074) x (693, 252074)...
2025-03-05 23:34:10,406 - INFO - UBERON:0001987: 3563, (3563, 693)...
2025-03-05 23:34:35,375 - INFO - UBERON:0002037: (3563, 113285) x (28, 113285)...
2025-03-05 23:34:43,807 - INFO - UBERON:0002037: 3563, (3563, 28)...
2025-03-05 23:35:03,072 - INFO - UBERON:0002046: (3563, 101961) x (85, 101961)...
2025-03-05 23:35:10,252 - INFO - UBERON:0002046: 3563, (3563, 85)...
2025-03-05 23:35:20,209 - INFO - UBERON:0002048: (3563, 29237) x (48, 29237)...
2025-03-05 23:35:22,568 - INFO - UBERON:0002048: 3563, (3563, 48)...
2025-03-05 23:35:29,978 - INFO - UBERON:0002097: (3563, 20885) x (24, 20885)...
2025-03-05 23:35:31,433 - INFO - UBERON:0002097: 3563, (3563, 24)...
2025-03-05 23:35:53,586 - INFO - UBERON:0002107: (3563, 152185) x (145, 152185)...
2025-03-05 23:36:04,587 - INFO - UBERON:0002107: 3563, (3563, 145)...
2025-03-05 23:36:21,593 - INFO - UBERON:0002113: (3563, 77079) x (77, 77079)...
2025-03-05 23:36:27,839 - INFO - UBERON:0002113: 3563, (3563, 77)...
2025-03-05 23:36:41,281 - INFO - UBERON:0002190: (3563, 38354) x (24, 38354)...
2025-03-05 23:36:44,333 - INFO - UBERON:0002190: 3563, (3563, 24)...
2025-03-05 23:36:53,395 - INFO - UBERON:0002367: (3563, 23349) x (19, 23349)...
2025-03-05 23:36:54,904 - INFO - UBERON:0002367: 3563, (3563, 19)...
2025-03-05 23:36:59,487 - INFO - UBERON:0002371: (3563, 24438) x (45, 24438)...
2025-03-05 23:37:01,173 - INFO - UBERON:0002371: 3563, (3563, 45)...
2025-03-05 23:37:15,508 - INFO - UBERON:0002418: (3563, 83711) x (43, 83711)...
2025-03-05 23:37:21,366 - INFO - UBERON:0002418: 3563, (3563, 43)...
2025-03-05 23:37:37,437 - INFO - UBERON:0002424: (3563, 65041) x (43, 65041)...
2025-03-05 23:37:42,275 - INFO - UBERON:0002424: 3563, (3563, 43)...
2025-03-05 23:37:45,766 - INFO - UBERON:0002481: (3563, 2472) x (13, 2472)...
2025-03-05 23:38:00,784 - INFO - UBERON:0002481: 3563, (3563, 13)...
2025-03-05 23:38:12,817 - INFO - UBERON:0002728: (3563, 59296) x (27, 59296)...
2025-03-05 23:38:16,876 - INFO - UBERON:0002728: 3563, (3563, 27)...
2025-03-05 23:38:20,639 - INFO - UBERON:0003889: (3563, 4672) x (13, 4672)...
2025-03-05 23:38:21,006 - INFO - UBERON:0003889: 3563, (3563, 13)...
2025-03-05 23:38:21,752 - INFO - UBERON:0004535: (3563, 4481) x (10, 4481)...
2025-03-05 23:38:22,128 - INFO - UBERON:0004535: 3563, (3563, 10)...
2025-03-05 23:38:41,150 - INFO - UBERON:0004802: (3563, 139489) x (82, 139489)...
2025-03-05 23:38:51,423 - INFO - UBERON:0004802: 3563, (3563, 82)...
2025-03-05 23:39:09,778 - INFO - UBERON:0005384: (3563, 90665) x (64, 90665)...
2025-03-05 23:39:16,792 - INFO - UBERON:0005384: 3563, (3563, 64)...
2025-03-05 23:39:50,484 - INFO - UBERON:0012168: (3563, 202470) x (632, 202470)...
2025-03-05 23:40:07,340 - INFO - UBERON:0012168: 3563, (3563, 632)...
2025-03-05 23:40:27,413 - INFO - UBERON:0035818: (3563, 86383) x (48, 86383)...
2025-03-05 23:40:48,496 - INFO - UBERON:0035818: 3563, (3563, 48)...
2025-03-05 23:40:52,678 - INFO - UBERON:8450002: (3563, 1026) x (6, 1026)...
2025-03-05 23:40:52,893 - INFO - UBERON:8450002: 3563, (3563, 6)...
